Wed, 23 Aug 2017 16:50:02 Iambest1.6.py[line:364] DEBUG This is debug message
Wed, 23 Aug 2017 16:50:02 Iambest1.6.py[line:365] INFO This is info message
Wed, 23 Aug 2017 16:50:02 Iambest1.6.py[line:366] WARNING This is warning message
Wed, 23 Aug 2017 16:50:02 Iambest1.6.py[line:367] ERROR This is error message
Wed, 23 Aug 2017 16:50:05 Iambest1.6.py[line:705] INFO 发送信息 ["login", "shooter2", "123456"]
Wed, 23 Aug 2017 16:50:05 Iambest1.6.py[line:709] INFO Submit Complete
Wed, 23 Aug 2017 16:50:05 Iambest1.6.py[line:720] INFO 登录成功 success
Wed, 23 Aug 2017 16:50:05 Iambest1.6.py[line:3506] INFO login success
Wed, 23 Aug 2017 16:51:35 Iambest1.6.py[line:790] INFO 发送信息 ["keep", "shooter2", "123456"]
Wed, 23 Aug 2017 16:51:35 Iambest1.6.py[line:795] INFO Submit keep Complete
Wed, 23 Aug 2017 16:53:05 Iambest1.6.py[line:790] INFO 发送信息 ["keep", "shooter2", "123456"]
Wed, 23 Aug 2017 16:53:05 Iambest1.6.py[line:795] INFO Submit keep Complete
Wed, 23 Aug 2017 16:54:35 Iambest1.6.py[line:790] INFO 发送信息 ["keep", "shooter2", "123456"]
Wed, 23 Aug 2017 16:54:35 Iambest1.6.py[line:795] INFO Submit keep Complete
Wed, 23 Aug 2017 16:56:05 Iambest1.6.py[line:790] INFO 发送信息 ["keep", "shooter2", "123456"]
Wed, 23 Aug 2017 16:56:05 Iambest1.6.py[line:795] INFO Submit keep Complete
Wed, 23 Aug 2017 16:57:35 Iambest1.6.py[line:790] INFO 发送信息 ["keep", "shooter2", "123456"]
Wed, 23 Aug 2017 16:57:35 Iambest1.6.py[line:795] INFO Submit keep Complete
Wed, 23 Aug 2017 16:59:05 Iambest1.6.py[line:790] INFO 发送信息 ["keep", "shooter2", "123456"]
Wed, 23 Aug 2017 16:59:05 Iambest1.6.py[line:795] INFO Submit keep Complete
