Tue, 26 Dec 2017 14:48:24 Iambest3.3.py[line:404] DEBUG This is debug message
Tue, 26 Dec 2017 14:48:24 Iambest3.3.py[line:405] INFO This is info message
Tue, 26 Dec 2017 14:48:24 Iambest3.3.py[line:406] WARNING This is warning message
Tue, 26 Dec 2017 14:48:24 Iambest3.3.py[line:407] ERROR This is error message
Tue, 26 Dec 2017 14:48:28 Iambest3.3.py[line:4059] INFO À¢
Tue, 26 Dec 2017 14:48:29 Iambest3.3.py[line:520] INFO ≤È’“À¢–¬
Tue, 26 Dec 2017 14:48:42 PngImagePlugin.py[line:130] DEBUG STREAM b'IHDR' 16 13
Tue, 26 Dec 2017 14:48:42 PngImagePlugin.py[line:130] DEBUG STREAM b'IDAT' 41 902
Tue, 26 Dec 2017 14:48:42 PngImagePlugin.py[line:130] DEBUG STREAM b'IHDR' 16 13
Tue, 26 Dec 2017 14:48:42 PngImagePlugin.py[line:130] DEBUG STREAM b'IDAT' 41 8192
Tue, 26 Dec 2017 14:48:42 PngImagePlugin.py[line:130] DEBUG STREAM b'IHDR' 16 13
Tue, 26 Dec 2017 14:48:42 PngImagePlugin.py[line:130] DEBUG STREAM b'IDAT' 41 8192
Tue, 26 Dec 2017 14:48:42 PngImagePlugin.py[line:130] DEBUG STREAM b'IHDR' 16 13
Tue, 26 Dec 2017 14:48:42 PngImagePlugin.py[line:130] DEBUG STREAM b'IDAT' 41 8192
Tue, 26 Dec 2017 14:48:42 PngImagePlugin.py[line:130] DEBUG STREAM b'IHDR' 16 13
Tue, 26 Dec 2017 14:48:42 PngImagePlugin.py[line:130] DEBUG STREAM b'IDAT' 41 8192
Tue, 26 Dec 2017 14:48:42 PngImagePlugin.py[line:130] DEBUG STREAM b'IHDR' 16 13
Tue, 26 Dec 2017 14:48:42 PngImagePlugin.py[line:130] DEBUG STREAM b'IDAT' 41 8192
Tue, 26 Dec 2017 14:48:43 PngImagePlugin.py[line:130] DEBUG STREAM b'IHDR' 16 13
Tue, 26 Dec 2017 14:48:43 PngImagePlugin.py[line:130] DEBUG STREAM b'IDAT' 41 8192
Tue, 26 Dec 2017 14:48:43 PngImagePlugin.py[line:130] DEBUG STREAM b'IHDR' 16 13
Tue, 26 Dec 2017 14:48:43 PngImagePlugin.py[line:130] DEBUG STREAM b'IDAT' 41 8192
Tue, 26 Dec 2017 14:48:43 PngImagePlugin.py[line:130] DEBUG STREAM b'IHDR' 16 13
Tue, 26 Dec 2017 14:48:43 PngImagePlugin.py[line:130] DEBUG STREAM b'IDAT' 41 8192
Tue, 26 Dec 2017 14:48:43 PngImagePlugin.py[line:130] DEBUG STREAM b'IHDR' 16 13
Tue, 26 Dec 2017 14:48:43 PngImagePlugin.py[line:130] DEBUG STREAM b'IDAT' 41 8192
Tue, 26 Dec 2017 14:48:43 PngImagePlugin.py[line:130] DEBUG STREAM b'IHDR' 16 13
Tue, 26 Dec 2017 14:48:43 PngImagePlugin.py[line:130] DEBUG STREAM b'IDAT' 41 8192
Tue, 26 Dec 2017 14:49:08 PngImagePlugin.py[line:130] DEBUG STREAM b'IHDR' 16 13
Tue, 26 Dec 2017 14:49:08 PngImagePlugin.py[line:130] DEBUG STREAM b'IDAT' 41 902
Tue, 26 Dec 2017 14:49:09 PngImagePlugin.py[line:130] DEBUG STREAM b'IHDR' 16 13
Tue, 26 Dec 2017 14:49:09 PngImagePlugin.py[line:130] DEBUG STREAM b'IDAT' 41 8192
Tue, 26 Dec 2017 14:49:09 PngImagePlugin.py[line:130] DEBUG STREAM b'IHDR' 16 13
Tue, 26 Dec 2017 14:49:09 PngImagePlugin.py[line:130] DEBUG STREAM b'IDAT' 41 8192
Tue, 26 Dec 2017 14:49:09 PngImagePlugin.py[line:130] DEBUG STREAM b'IHDR' 16 13
Tue, 26 Dec 2017 14:49:09 PngImagePlugin.py[line:130] DEBUG STREAM b'IDAT' 41 8192
Tue, 26 Dec 2017 14:49:09 PngImagePlugin.py[line:130] DEBUG STREAM b'IHDR' 16 13
Tue, 26 Dec 2017 14:49:09 PngImagePlugin.py[line:130] DEBUG STREAM b'IDAT' 41 8192
Tue, 26 Dec 2017 14:49:09 PngImagePlugin.py[line:130] DEBUG STREAM b'IHDR' 16 13
Tue, 26 Dec 2017 14:49:09 PngImagePlugin.py[line:130] DEBUG STREAM b'IDAT' 41 8192
Tue, 26 Dec 2017 14:49:09 PngImagePlugin.py[line:130] DEBUG STREAM b'IHDR' 16 13
Tue, 26 Dec 2017 14:49:09 PngImagePlugin.py[line:130] DEBUG STREAM b'IDAT' 41 8192
Tue, 26 Dec 2017 14:49:09 PngImagePlugin.py[line:130] DEBUG STREAM b'IHDR' 16 13
Tue, 26 Dec 2017 14:49:09 PngImagePlugin.py[line:130] DEBUG STREAM b'IDAT' 41 8192
Tue, 26 Dec 2017 14:49:10 PngImagePlugin.py[line:130] DEBUG STREAM b'IHDR' 16 13
Tue, 26 Dec 2017 14:49:10 PngImagePlugin.py[line:130] DEBUG STREAM b'IDAT' 41 8192
Tue, 26 Dec 2017 14:49:10 PngImagePlugin.py[line:130] DEBUG STREAM b'IHDR' 16 13
Tue, 26 Dec 2017 14:49:10 PngImagePlugin.py[line:130] DEBUG STREAM b'IDAT' 41 8192
Tue, 26 Dec 2017 14:49:10 PngImagePlugin.py[line:130] DEBUG STREAM b'IHDR' 16 13
Tue, 26 Dec 2017 14:49:10 PngImagePlugin.py[line:130] DEBUG STREAM b'IDAT' 41 8192
