Mon, 25 Dec 2017 20:18:24 Iambest3.1.py[line:404] DEBUG This is debug message
Mon, 25 Dec 2017 20:18:24 Iambest3.1.py[line:405] INFO This is info message
Mon, 25 Dec 2017 20:18:24 Iambest3.1.py[line:406] WARNING This is warning message
Mon, 25 Dec 2017 20:18:24 Iambest3.1.py[line:407] ERROR This is error message
Mon, 25 Dec 2017 20:18:27 Iambest3.1.py[line:4011] INFO À¢
Mon, 25 Dec 2017 20:18:27 Iambest3.1.py[line:523] INFO ≤È’“À¢–¬
Mon, 25 Dec 2017 20:18:52 PngImagePlugin.py[line:135] DEBUG STREAM b'IHDR' 16 13
Mon, 25 Dec 2017 20:18:52 PngImagePlugin.py[line:135] DEBUG STREAM b'IDAT' 41 34635
Mon, 25 Dec 2017 20:18:52 PngImagePlugin.py[line:135] DEBUG STREAM b'IHDR' 16 13
Mon, 25 Dec 2017 20:18:52 PngImagePlugin.py[line:135] DEBUG STREAM b'IDAT' 41 34635
Mon, 25 Dec 2017 20:18:52 PngImagePlugin.py[line:135] DEBUG STREAM b'IHDR' 16 13
Mon, 25 Dec 2017 20:18:52 PngImagePlugin.py[line:135] DEBUG STREAM b'IDAT' 41 34635
Mon, 25 Dec 2017 20:18:52 PngImagePlugin.py[line:135] DEBUG STREAM b'IHDR' 16 13
Mon, 25 Dec 2017 20:18:52 PngImagePlugin.py[line:135] DEBUG STREAM b'IDAT' 41 34635
Mon, 25 Dec 2017 20:18:53 PngImagePlugin.py[line:135] DEBUG STREAM b'IHDR' 16 13
Mon, 25 Dec 2017 20:18:53 PngImagePlugin.py[line:135] DEBUG STREAM b'IDAT' 41 34635
Mon, 25 Dec 2017 20:18:53 PngImagePlugin.py[line:135] DEBUG STREAM b'IHDR' 16 13
Mon, 25 Dec 2017 20:18:53 PngImagePlugin.py[line:135] DEBUG STREAM b'IDAT' 41 34635
Mon, 25 Dec 2017 20:18:53 PngImagePlugin.py[line:135] DEBUG STREAM b'IHDR' 16 13
Mon, 25 Dec 2017 20:18:53 PngImagePlugin.py[line:135] DEBUG STREAM b'IDAT' 41 34635
Mon, 25 Dec 2017 20:18:53 PngImagePlugin.py[line:135] DEBUG STREAM b'IHDR' 16 13
Mon, 25 Dec 2017 20:18:53 PngImagePlugin.py[line:135] DEBUG STREAM b'IDAT' 41 34635
Mon, 25 Dec 2017 20:18:53 PngImagePlugin.py[line:135] DEBUG STREAM b'IHDR' 16 13
Mon, 25 Dec 2017 20:18:53 PngImagePlugin.py[line:135] DEBUG STREAM b'IDAT' 41 34635
Mon, 25 Dec 2017 20:18:53 PngImagePlugin.py[line:135] DEBUG STREAM b'IHDR' 16 13
Mon, 25 Dec 2017 20:18:53 PngImagePlugin.py[line:135] DEBUG STREAM b'IDAT' 41 34635
Mon, 25 Dec 2017 20:18:53 PngImagePlugin.py[line:135] DEBUG STREAM b'IHDR' 16 13
Mon, 25 Dec 2017 20:18:53 PngImagePlugin.py[line:135] DEBUG STREAM b'IDAT' 41 34635
Mon, 25 Dec 2017 20:18:56 Iambest3.1.py[line:1919] INFO close assistant success
Mon, 25 Dec 2017 20:18:59 Iambest3.1.py[line:842] INFO Address-related error connecting to server: [Errno 11004] getaddrinfo failed
