Thu, 12 Oct 2017 13:55:04 Iambest1.8.py[line:386] DEBUG This is debug message
Thu, 12 Oct 2017 13:55:04 Iambest1.8.py[line:387] INFO This is info message
Thu, 12 Oct 2017 13:55:04 Iambest1.8.py[line:388] WARNING This is warning message
Thu, 12 Oct 2017 13:55:04 Iambest1.8.py[line:389] ERROR This is error message
Thu, 12 Oct 2017 13:55:07 Iambest1.8.py[line:776] INFO 发送信息 ["login", "shooter2", "123456"]
Thu, 12 Oct 2017 13:55:07 Iambest1.8.py[line:780] INFO Submit Complete
Thu, 12 Oct 2017 13:55:07 Iambest1.8.py[line:790] INFO 登录成功 success
Thu, 12 Oct 2017 13:55:07 Iambest1.8.py[line:3766] INFO login success
Thu, 12 Oct 2017 13:55:39 Iambest1.8.py[line:3915] INFO moni one_chujia True True
Thu, 12 Oct 2017 13:55:39 Iambest1.8.py[line:3916] INFO moni one_chujia 48 48.08803409884971
Thu, 12 Oct 2017 13:55:46 Iambest1.8.py[line:3885] INFO moni one_tijiao False True True True
Thu, 12 Oct 2017 13:55:46 Iambest1.8.py[line:3886] INFO moni one_tijiao 2 55.08545111183905 55
Thu, 12 Oct 2017 13:56:01 Iambest1.8.py[line:3915] INFO moni one_chujia True True
Thu, 12 Oct 2017 13:56:01 Iambest1.8.py[line:3916] INFO moni one_chujia 48 48.26400008895052
Thu, 12 Oct 2017 13:56:06 Iambest1.8.py[line:3897] INFO moni one_tijiao False True True True
Thu, 12 Oct 2017 13:56:06 Iambest1.8.py[line:3898] INFO moni one_tijiao 2 91800 92000
Thu, 12 Oct 2017 13:56:07 Iambest1.8.py[line:3922] INFO moni second_chujia True True
Thu, 12 Oct 2017 13:56:07 Iambest1.8.py[line:3923] INFO moni second_chujia 48 53.97833925909328
Thu, 12 Oct 2017 13:56:19 Iambest1.8.py[line:1782] INFO close assistant success
Thu, 12 Oct 2017 13:56:24 Iambest1.8.py[line:832] INFO 发送信息 ["logout", "shooter2", "123456"]
Thu, 12 Oct 2017 13:56:24 Iambest1.8.py[line:836] INFO Submit Log Out Complete
