Thu, 12 Oct 2017 15:45:55 Iambest1.9.py[line:386] DEBUG This is debug message
Thu, 12 Oct 2017 15:45:55 Iambest1.9.py[line:387] INFO This is info message
Thu, 12 Oct 2017 15:45:55 Iambest1.9.py[line:388] WARNING This is warning message
Thu, 12 Oct 2017 15:45:55 Iambest1.9.py[line:389] ERROR This is error message
Thu, 12 Oct 2017 15:45:58 Iambest1.9.py[line:776] INFO 发送信息 ["login", "shooter2", "123456"]
Thu, 12 Oct 2017 15:45:58 Iambest1.9.py[line:780] INFO Submit Complete
Thu, 12 Oct 2017 15:45:58 Iambest1.9.py[line:790] INFO 登录成功 success
Thu, 12 Oct 2017 15:45:58 Iambest1.9.py[line:3765] INFO login success
Thu, 12 Oct 2017 15:46:16 Iambest1.9.py[line:3914] INFO moni one_chujia True True
Thu, 12 Oct 2017 15:46:16 Iambest1.9.py[line:3915] INFO moni one_chujia 48 48.215665730690276
Thu, 12 Oct 2017 15:46:19 Iambest1.9.py[line:3896] INFO moni one_tijiao False True True True
Thu, 12 Oct 2017 15:46:19 Iambest1.9.py[line:3897] INFO moni one_tijiao 2 90800 91200
Thu, 12 Oct 2017 15:46:21 Iambest1.9.py[line:3921] INFO moni second_chujia True True
Thu, 12 Oct 2017 15:46:21 Iambest1.9.py[line:3922] INFO moni second_chujia 48 53.04508509744791
Thu, 12 Oct 2017 15:46:44 Iambest1.9.py[line:3914] INFO moni one_chujia True True
Thu, 12 Oct 2017 15:46:44 Iambest1.9.py[line:3915] INFO moni one_chujia 48 48.046288068054075
Thu, 12 Oct 2017 15:46:50 Iambest1.9.py[line:3896] INFO moni one_tijiao False True True True
Thu, 12 Oct 2017 15:46:50 Iambest1.9.py[line:3897] INFO moni one_tijiao 2 91500 91800
Thu, 12 Oct 2017 15:46:51 Iambest1.9.py[line:3921] INFO moni second_chujia True True
Thu, 12 Oct 2017 15:46:51 Iambest1.9.py[line:3922] INFO moni second_chujia 48 55.763104168787144
