Thu, 12 Oct 2017 15:54:12 Iambest1.9.py[line:386] DEBUG This is debug message
Thu, 12 Oct 2017 15:54:12 Iambest1.9.py[line:387] INFO This is info message
Thu, 12 Oct 2017 15:54:12 Iambest1.9.py[line:388] WARNING This is warning message
Thu, 12 Oct 2017 15:54:12 Iambest1.9.py[line:389] ERROR This is error message
Thu, 12 Oct 2017 15:54:15 Iambest1.9.py[line:776] INFO 发送信息 ["login", "shooter2", "123456"]
Thu, 12 Oct 2017 15:54:15 Iambest1.9.py[line:780] INFO Submit Complete
Thu, 12 Oct 2017 15:54:15 Iambest1.9.py[line:790] INFO 登录成功 success
Thu, 12 Oct 2017 15:54:15 Iambest1.9.py[line:3766] INFO login success
Thu, 12 Oct 2017 15:54:28 Iambest1.9.py[line:3915] INFO moni one_chujia True True
Thu, 12 Oct 2017 15:54:28 Iambest1.9.py[line:3916] INFO moni one_chujia 48 48.624445235115964
Thu, 12 Oct 2017 15:54:35 Iambest1.9.py[line:3885] INFO moni one_tijiao False True True True
Thu, 12 Oct 2017 15:54:35 Iambest1.9.py[line:3886] INFO moni one_tijiao 2 55.07235528216565 55
Thu, 12 Oct 2017 15:54:54 Iambest1.9.py[line:3915] INFO moni one_chujia True True
Thu, 12 Oct 2017 15:54:54 Iambest1.9.py[line:3916] INFO moni one_chujia 48 48.195191282162284
Thu, 12 Oct 2017 15:55:01 Iambest1.9.py[line:3885] INFO moni one_tijiao False True True True
Thu, 12 Oct 2017 15:55:01 Iambest1.9.py[line:3886] INFO moni one_tijiao 2 55.19371247933398 55
Thu, 12 Oct 2017 15:55:14 Iambest1.9.py[line:3915] INFO moni one_chujia True True
Thu, 12 Oct 2017 15:55:14 Iambest1.9.py[line:3916] INFO moni one_chujia 48 48.06440447181762
Thu, 12 Oct 2017 15:55:17 Iambest1.9.py[line:3897] INFO moni one_tijiao False True True True
Thu, 12 Oct 2017 15:55:17 Iambest1.9.py[line:3898] INFO moni one_tijiao 2 92000 92400
