 FSun, 08 Apr 2018 21:35:07 Iambest5.0.py[line:422] DEBUG This is debug message
Sun, 08 Apr 2018 21:35:07 Iambest5.0.py[line:423] INFO This is info message
Sun, 08 Apr 2018 21:35:07 Iambest5.0.py[line:424] WARNING This is warning message
Sun, 08 Apr 2018 21:35:07 Iambest5.0.py[line:425] ERROR This is error message
Sun, 08 Apr 2018 21:35:07 PngImagePlugin.py[line:137] DEBUG STREAM b'IHDR' 16 13
Sun, 08 Apr 2018 21:35:07 PngImagePlugin.py[line:137] DEBUG STREAM b'IDAT' 41 65536
Sun, 08 Apr 2018 21:35:08 Iambest5.0.py[line:4309] INFO ˢ
Sun, 08 Apr 2018 21:35:08 Iambest5.0.py[line:4309] INFO ˢ
Sun, 08 Apr 2018 21:35:08 Iambest5.0.py[line:4309] INFO ˢ
Sun, 08 Apr 2018 21:35:08 Iambest5.0.py[line:4309] INFO ˢ
Sun, 08 Apr 2018 21:35:08 Iambest5.0.py[line:4309] INFO ˢ
Sun, 08 Apr 2018 21:35:08 Iambest5.0.py[line:4309] INFO ˢ
Sun, 08 Apr 2018 21:35:08 Iambest5.0.py[line:4309] INFO ˢ
Sun, 08 Apr 2018 21:35:08 Iambest5.0.py[line:4309] INFO ˢ
Sun, 08 Apr 2018 21:35:08 Iambest5.0.py[line:4309] INFO ˢ
Sun, 08 Apr 2018 21:35:08 Iambest5.0.py[line:4309] INFO ˢ
Sun, 08 Apr 2018 21:35:08 Iambest5.0.py[line:4309] INFO ˢ
Sun, 08 Apr 2018 21:35:08 Iambest5.0.py[line:4309] INFO ˢ
Sun, 08 Apr 2018 21:35:08 Iambest5.0.py[line:4309] INFO ˢ
Sun, 08 Apr 2018 21:35:08 Iambest5.0.py[line:4309] INFO ˢ
Sun, 08 Apr 2018 21:35:08 Iambest5.0.py[line:4309] INFO ˢ
Sun, 08 Apr 2018 21:35:08 Iambest5.0.py[line:4309] INFO ˢ
Sun, 08 Apr 2018 21:35:08 Iambest5.0.py[line:4309] INFO ˢ
Sun, 08 Apr 2018 21:35:08 Iambest5.0.py[line:4309] INFO ˢ
Sun, 08 Apr 2018 21:35:08 Iambest5.0.py[line:4309] INFO ˢ
Sun, 08 Apr 2018 21:35:08 Iambest5.0.py[line:4309] INFO ˢ
Sun, 08 Apr 2018 21:35:08 Iambest5.0.py[line:4309] INFO ˢ
Sun, 08 Apr 2018 21:35:08 Iambest5.0.py[line:4309] INFO ˢ
Sun, 08 Apr 2018 21:35:09 Iambest5.0.py[line:4309] INFO ˢ
Sun, 08 Apr 2018 21:35:09 Iambest5.0.py[line:4309] INFO ˢ
Sun, 08 Apr 2018 21:35:09 Iambest5.0.py[line:4309] INFO ˢ
Sun, 08 Apr 2018 21:35:09 Iambest5.0.py[line:4309] INFO ˢ
Sun, 08 Apr 2018 21:35:09 Iambest5.0.py[line:4309] INFO ˢ
Sun, 08 Apr 2018 21:35:09 Iambest5.0.py[line:4309] INFO ˢ
Sun, 08 Apr 2018 21:35:09 Iambest5.0.py[line:4309] INFO ˢ
Sun, 08 Apr 2018 21:35:09 Iambest5.0.py[line:4309] INFO ˢ
Sun, 08 Apr 2018 21:35:09 Iambest5.0.py[line:4309] INFO ˢ
Sun, 08 Apr 2018 21:35:09 Iambest5.0.py[line:4309] INFO ˢ
Sun, 08 Apr 2018 21:35:09 Iambest5.0.py[line:4309] INFO ˢ
Sun, 08 Apr 2018 21:35:09 Iambest5.0.py[line:4309] INFO ˢ
Sun, 08 Apr 2018 21:35:09 Iambest5.0.py[line:4309] INFO ˢ
Sun, 08 Apr 2018 21:35:09 Iambest5.0.py[line:4309] INFO ˢ
Sun, 08 Apr 2018 21:35:09 Iambest5.0.py[line:4309] INFO ˢ
Sun, 08 Apr 2018 21:35:09 Iambest5.0.py[line:4309] INFO ˢ
Sun, 08 Apr 2018 21:35:09 Iambest5.0.py[line:4309] INFO ˢ
Sun, 08 Apr 2018 21:35:09 Iambest5.0.py[line:4309] INFO ˢ
Sun, 08 Apr 2018 21:35:09 Iambest5.0.py[line:4309] INFO ˢ
Sun, 08 Apr 2018 21:35:09 Iambest5.0.py[line:4309] INFO ˢ
Sun, 08 Apr 2018 21:35:10 Iambest5.0.py[line:4309] INFO ˢ
Sun, 08 Apr 2018 21:35:10 Iambest5.0.py[line:4309] INFO ˢ
Sun, 08 Apr 2018 21:35:10 Iambest5.0.py[line:4309] INFO ˢ
Sun, 08 Apr 2018 21:35:10 Iambest5.0.py[line:4309] INFO ˢ
Sun, 08 Apr 2018 21:35:10 Iambest5.0.py[line:4309] INFO ˢ
Sun, 08 Apr 2018 21:35:10 Iambest5.0.py[line:4309] INFO ˢ
