Wed, 18 Apr 2018 23:37:28 PngImagePlugin.py[line:137] DEBUG STREAM b'IHDR' 16 13
Wed, 18 Apr 2018 23:37:28 PngImagePlugin.py[line:137] DEBUG STREAM b'IDAT' 41 65536
Wed, 18 Apr 2018 23:37:29 PngImagePlugin.py[line:137] DEBUG STREAM b'IHDR' 16 13
Wed, 18 Apr 2018 23:37:29 PngImagePlugin.py[line:137] DEBUG STREAM b'IDAT' 41 65536
Wed, 18 Apr 2018 23:37:32 app_thread.py[line:145] ERROR 刷新失败
Wed, 18 Apr 2018 23:37:32 app_thread.py[line:146] ERROR this is an exception message
Traceback (most recent call last):
  File "E:\hupai\component\app_thread.py", line 143, in run
    findrefresh()
  File "E:\hupai\component\imgcut.py", line 387, in findrefresh
    img = cv2.cvtColor(sc, cv2.COLOR_BGR2GRAY)  # 转灰度图
cv2.error: C:\projects\opencv-python\opencv\modules\imgproc\src\color.cpp:11073: error: (-215) depth == 0 || depth == 2 || depth == 5 in function cv::cvtColor

Wed, 18 Apr 2018 23:37:32 imgcut.py[line:372] ERROR cut_img 这里出错
Wed, 18 Apr 2018 23:37:32 imgcut.py[line:373] ERROR this is an exception message
Traceback (most recent call last):
  File "E:\hupai\component\imgcut.py", line 365, in cut_img
    set_val('imgpos_lowestprice', img[use_area[0][1]:use_area[0][3], use_area[0][0]:use_area[0][2]])  # ok
IndexError: list index out of range
Wed, 18 Apr 2018 23:37:32 app_thread.py[line:145] ERROR 刷新失败
Wed, 18 Apr 2018 23:37:32 app_thread.py[line:146] ERROR this is an exception message
Traceback (most recent call last):
  File "E:\hupai\component\app_thread.py", line 143, in run
    findrefresh()
  File "E:\hupai\component\imgcut.py", line 387, in findrefresh
    img = cv2.cvtColor(sc, cv2.COLOR_BGR2GRAY)  # 转灰度图
cv2.error: C:\projects\opencv-python\opencv\modules\imgproc\src\color.cpp:11073: error: (-215) depth == 0 || depth == 2 || depth == 5 in function cv::cvtColor

Wed, 18 Apr 2018 23:37:32 imgcut.py[line:372] ERROR cut_img 这里出错
Wed, 18 Apr 2018 23:37:32 imgcut.py[line:373] ERROR this is an exception message
Traceback (most recent call last):
  File "E:\hupai\component\imgcut.py", line 365, in cut_img
    set_val('imgpos_lowestprice', img[use_area[0][1]:use_area[0][3], use_area[0][0]:use_area[0][2]])  # ok
IndexError: list index out of range
Wed, 18 Apr 2018 23:37:32 app_thread.py[line:145] ERROR 刷新失败
Wed, 18 Apr 2018 23:37:32 app_thread.py[line:146] ERROR this is an exception message
Traceback (most recent call last):
  File "E:\hupai\component\app_thread.py", line 143, in run
    findrefresh()
  File "E:\hupai\component\imgcut.py", line 387, in findrefresh
    img = cv2.cvtColor(sc, cv2.COLOR_BGR2GRAY)  # 转灰度图
cv2.error: C:\projects\opencv-python\opencv\modules\imgproc\src\color.cpp:11073: error: (-215) depth == 0 || depth == 2 || depth == 5 in function cv::cvtColor

Wed, 18 Apr 2018 23:37:32 app_thread.py[line:145] ERROR 刷新失败
Wed, 18 Apr 2018 23:37:32 app_thread.py[line:146] ERROR this is an exception message
Traceback (most recent call last):
  File "E:\hupai\component\app_thread.py", line 143, in run
    findrefresh()
  File "E:\hupai\component\imgcut.py", line 387, in findrefresh
    img = cv2.cvtColor(sc, cv2.COLOR_BGR2GRAY)  # 转灰度图
cv2.error: C:\projects\opencv-python\opencv\modules\imgproc\src\color.cpp:11073: error: (-215) depth == 0 || depth == 2 || depth == 5 in function cv::cvtColor

Wed, 18 Apr 2018 23:37:32 imgcut.py[line:372] ERROR cut_img 这里出错
Wed, 18 Apr 2018 23:37:32 imgcut.py[line:373] ERROR this is an exception message
Traceback (most recent call last):
  File "E:\hupai\component\imgcut.py", line 365, in cut_img
    set_val('imgpos_lowestprice', img[use_area[0][1]:use_area[0][3], use_area[0][0]:use_area[0][2]])  # ok
IndexError: list index out of range
Wed, 18 Apr 2018 23:37:32 app_thread.py[line:145] ERROR 刷新失败
Wed, 18 Apr 2018 23:37:32 app_thread.py[line:146] ERROR this is an exception message
Traceback (most recent call last):
  File "E:\hupai\component\app_thread.py", line 143, in run
    findrefresh()
  File "E:\hupai\component\imgcut.py", line 387, in findrefresh
    img = cv2.cvtColor(sc, cv2.COLOR_BGR2GRAY)  # 转灰度图
cv2.error: C:\projects\opencv-python\opencv\modules\imgproc\src\color.cpp:11073: error: (-215) depth == 0 || depth == 2 || depth == 5 in function cv::cvtColor

Wed, 18 Apr 2018 23:37:32 imgcut.py[line:372] ERROR cut_img 这里出错
Wed, 18 Apr 2018 23:37:32 imgcut.py[line:373] ERROR this is an exception message
Traceback (most recent call last):
  File "E:\hupai\component\imgcut.py", line 365, in cut_img
    set_val('imgpos_lowestprice', img[use_area[0][1]:use_area[0][3], use_area[0][0]:use_area[0][2]])  # ok
IndexError: list index out of range
Wed, 18 Apr 2018 23:37:32 app_thread.py[line:145] ERROR 刷新失败
Wed, 18 Apr 2018 23:37:32 app_thread.py[line:146] ERROR this is an exception message
Traceback (most recent call last):
  File "E:\hupai\component\app_thread.py", line 143, in run
    findrefresh()
  File "E:\hupai\component\imgcut.py", line 387, in findrefresh
    img = cv2.cvtColor(sc, cv2.COLOR_BGR2GRAY)  # 转灰度图
cv2.error: C:\projects\opencv-python\opencv\modules\imgproc\src\color.cpp:11073: error: (-215) depth == 0 || depth == 2 || depth == 5 in function cv::cvtColor

Wed, 18 Apr 2018 23:37:32 imgcut.py[line:372] ERROR cut_img 这里出错
Wed, 18 Apr 2018 23:37:32 imgcut.py[line:373] ERROR this is an exception message
Traceback (most recent call last):
  File "E:\hupai\component\imgcut.py", line 365, in cut_img
    set_val('imgpos_lowestprice', img[use_area[0][1]:use_area[0][3], use_area[0][0]:use_area[0][2]])  # ok
IndexError: list index out of range
Wed, 18 Apr 2018 23:37:32 app_thread.py[line:145] ERROR 刷新失败
Wed, 18 Apr 2018 23:37:32 app_thread.py[line:146] ERROR this is an exception message
Traceback (most recent call last):
  File "E:\hupai\component\app_thread.py", line 143, in run
    findrefresh()
  File "E:\hupai\component\imgcut.py", line 387, in findrefresh
    img = cv2.cvtColor(sc, cv2.COLOR_BGR2GRAY)  # 转灰度图
cv2.error: C:\projects\opencv-python\opencv\modules\imgproc\src\color.cpp:11073: error: (-215) depth == 0 || depth == 2 || depth == 5 in function cv::cvtColor

Wed, 18 Apr 2018 23:37:32 app_thread.py[line:145] ERROR 刷新失败
Wed, 18 Apr 2018 23:37:32 app_thread.py[line:146] ERROR this is an exception message
Traceback (most recent call last):
  File "E:\hupai\component\app_thread.py", line 143, in run
    findrefresh()
  File "E:\hupai\component\imgcut.py", line 387, in findrefresh
    img = cv2.cvtColor(sc, cv2.COLOR_BGR2GRAY)  # 转灰度图
cv2.error: C:\projects\opencv-python\opencv\modules\imgproc\src\color.cpp:11073: error: (-215) depth == 0 || depth == 2 || depth == 5 in function cv::cvtColor

Wed, 18 Apr 2018 23:37:32 imgcut.py[line:372] ERROR cut_img 这里出错
Wed, 18 Apr 2018 23:37:32 imgcut.py[line:373] ERROR this is an exception message
Traceback (most recent call last):
  File "E:\hupai\component\imgcut.py", line 365, in cut_img
    set_val('imgpos_lowestprice', img[use_area[0][1]:use_area[0][3], use_area[0][0]:use_area[0][2]])  # ok
IndexError: list index out of range
Wed, 18 Apr 2018 23:37:32 app_thread.py[line:145] ERROR 刷新失败
Wed, 18 Apr 2018 23:37:32 app_thread.py[line:146] ERROR this is an exception message
Traceback (most recent call last):
  File "E:\hupai\component\app_thread.py", line 143, in run
    findrefresh()
  File "E:\hupai\component\imgcut.py", line 387, in findrefresh
    img = cv2.cvtColor(sc, cv2.COLOR_BGR2GRAY)  # 转灰度图
cv2.error: C:\projects\opencv-python\opencv\modules\imgproc\src\color.cpp:11073: error: (-215) depth == 0 || depth == 2 || depth == 5 in function cv::cvtColor

Wed, 18 Apr 2018 23:37:32 imgcut.py[line:372] ERROR cut_img 这里出错
Wed, 18 Apr 2018 23:37:32 imgcut.py[line:373] ERROR this is an exception message
Traceback (most recent call last):
  File "E:\hupai\component\imgcut.py", line 365, in cut_img
    set_val('imgpos_lowestprice', img[use_area[0][1]:use_area[0][3], use_area[0][0]:use_area[0][2]])  # ok
IndexError: list index out of range
Wed, 18 Apr 2018 23:37:32 app_thread.py[line:145] ERROR 刷新失败
Wed, 18 Apr 2018 23:37:32 app_thread.py[line:146] ERROR this is an exception message
Traceback (most recent call last):
  File "E:\hupai\component\app_thread.py", line 143, in run
    findrefresh()
  File "E:\hupai\component\imgcut.py", line 387, in findrefresh
    img = cv2.cvtColor(sc, cv2.COLOR_BGR2GRAY)  # 转灰度图
cv2.error: C:\projects\opencv-python\opencv\modules\imgproc\src\color.cpp:11073: error: (-215) depth == 0 || depth == 2 || depth == 5 in function cv::cvtColor

Wed, 18 Apr 2018 23:37:33 app_thread.py[line:145] ERROR 刷新失败
Wed, 18 Apr 2018 23:37:33 app_thread.py[line:146] ERROR this is an exception message
Traceback (most recent call last):
  File "E:\hupai\component\app_thread.py", line 143, in run
    findrefresh()
  File "E:\hupai\component\imgcut.py", line 387, in findrefresh
    img = cv2.cvtColor(sc, cv2.COLOR_BGR2GRAY)  # 转灰度图
cv2.error: C:\projects\opencv-python\opencv\modules\imgproc\src\color.cpp:11073: error: (-215) depth == 0 || depth == 2 || depth == 5 in function cv::cvtColor

Wed, 18 Apr 2018 23:37:33 imgcut.py[line:372] ERROR cut_img 这里出错
Wed, 18 Apr 2018 23:37:33 imgcut.py[line:373] ERROR this is an exception message
Traceback (most recent call last):
  File "E:\hupai\component\imgcut.py", line 365, in cut_img
    set_val('imgpos_lowestprice', img[use_area[0][1]:use_area[0][3], use_area[0][0]:use_area[0][2]])  # ok
IndexError: list index out of range
Wed, 18 Apr 2018 23:37:33 app_thread.py[line:145] ERROR 刷新失败
Wed, 18 Apr 2018 23:37:33 app_thread.py[line:146] ERROR this is an exception message
Traceback (most recent call last):
  File "E:\hupai\component\app_thread.py", line 143, in run
    findrefresh()
  File "E:\hupai\component\imgcut.py", line 387, in findrefresh
    img = cv2.cvtColor(sc, cv2.COLOR_BGR2GRAY)  # 转灰度图
cv2.error: C:\projects\opencv-python\opencv\modules\imgproc\src\color.cpp:11073: error: (-215) depth == 0 || depth == 2 || depth == 5 in function cv::cvtColor

Wed, 18 Apr 2018 23:37:33 app_thread.py[line:145] ERROR 刷新失败
Wed, 18 Apr 2018 23:37:33 app_thread.py[line:146] ERROR this is an exception message
Traceback (most recent call last):
  File "E:\hupai\component\app_thread.py", line 143, in run
    findrefresh()
  File "E:\hupai\component\imgcut.py", line 387, in findrefresh
    img = cv2.cvtColor(sc, cv2.COLOR_BGR2GRAY)  # 转灰度图
cv2.error: C:\projects\opencv-python\opencv\modules\imgproc\src\color.cpp:11073: error: (-215) depth == 0 || depth == 2 || depth == 5 in function cv::cvtColor

Wed, 18 Apr 2018 23:37:33 imgcut.py[line:372] ERROR cut_img 这里出错
Wed, 18 Apr 2018 23:37:33 imgcut.py[line:373] ERROR this is an exception message
Traceback (most recent call last):
  File "E:\hupai\component\imgcut.py", line 365, in cut_img
    set_val('imgpos_lowestprice', img[use_area[0][1]:use_area[0][3], use_area[0][0]:use_area[0][2]])  # ok
IndexError: list index out of range
Wed, 18 Apr 2018 23:37:33 app_thread.py[line:145] ERROR 刷新失败
Wed, 18 Apr 2018 23:37:33 app_thread.py[line:146] ERROR this is an exception message
Traceback (most recent call last):
  File "E:\hupai\component\app_thread.py", line 143, in run
    findrefresh()
  File "E:\hupai\component\imgcut.py", line 387, in findrefresh
    img = cv2.cvtColor(sc, cv2.COLOR_BGR2GRAY)  # 转灰度图
cv2.error: C:\projects\opencv-python\opencv\modules\imgproc\src\color.cpp:11073: error: (-215) depth == 0 || depth == 2 || depth == 5 in function cv::cvtColor

Wed, 18 Apr 2018 23:37:33 imgcut.py[line:372] ERROR cut_img 这里出错
Wed, 18 Apr 2018 23:37:33 imgcut.py[line:373] ERROR this is an exception message
Traceback (most recent call last):
  File "E:\hupai\component\imgcut.py", line 365, in cut_img
    set_val('imgpos_lowestprice', img[use_area[0][1]:use_area[0][3], use_area[0][0]:use_area[0][2]])  # ok
IndexError: list index out of range
Wed, 18 Apr 2018 23:37:33 app_thread.py[line:145] ERROR 刷新失败
Wed, 18 Apr 2018 23:37:33 app_thread.py[line:146] ERROR this is an exception message
Traceback (most recent call last):
  File "E:\hupai\component\app_thread.py", line 143, in run
    findrefresh()
  File "E:\hupai\component\imgcut.py", line 387, in findrefresh
    img = cv2.cvtColor(sc, cv2.COLOR_BGR2GRAY)  # 转灰度图
cv2.error: C:\projects\opencv-python\opencv\modules\imgproc\src\color.cpp:11073: error: (-215) depth == 0 || depth == 2 || depth == 5 in function cv::cvtColor

Wed, 18 Apr 2018 23:37:33 imgcut.py[line:372] ERROR cut_img 这里出错
Wed, 18 Apr 2018 23:37:33 imgcut.py[line:373] ERROR this is an exception message
Traceback (most recent call last):
  File "E:\hupai\component\imgcut.py", line 365, in cut_img
    set_val('imgpos_lowestprice', img[use_area[0][1]:use_area[0][3], use_area[0][0]:use_area[0][2]])  # ok
IndexError: list index out of range
Wed, 18 Apr 2018 23:37:33 app_thread.py[line:145] ERROR 刷新失败
Wed, 18 Apr 2018 23:37:33 app_thread.py[line:146] ERROR this is an exception message
Traceback (most recent call last):
  File "E:\hupai\component\app_thread.py", line 143, in run
    findrefresh()
  File "E:\hupai\component\imgcut.py", line 387, in findrefresh
    img = cv2.cvtColor(sc, cv2.COLOR_BGR2GRAY)  # 转灰度图
cv2.error: C:\projects\opencv-python\opencv\modules\imgproc\src\color.cpp:11073: error: (-215) depth == 0 || depth == 2 || depth == 5 in function cv::cvtColor

Wed, 18 Apr 2018 23:37:33 app_thread.py[line:145] ERROR 刷新失败
Wed, 18 Apr 2018 23:37:33 app_thread.py[line:146] ERROR this is an exception message
Traceback (most recent call last):
  File "E:\hupai\component\app_thread.py", line 143, in run
    findrefresh()
  File "E:\hupai\component\imgcut.py", line 387, in findrefresh
    img = cv2.cvtColor(sc, cv2.COLOR_BGR2GRAY)  # 转灰度图
cv2.error: C:\projects\opencv-python\opencv\modules\imgproc\src\color.cpp:11073: error: (-215) depth == 0 || depth == 2 || depth == 5 in function cv::cvtColor

Wed, 18 Apr 2018 23:37:33 imgcut.py[line:372] ERROR cut_img 这里出错
Wed, 18 Apr 2018 23:37:33 imgcut.py[line:373] ERROR this is an exception message
Traceback (most recent call last):
  File "E:\hupai\component\imgcut.py", line 365, in cut_img
    set_val('imgpos_lowestprice', img[use_area[0][1]:use_area[0][3], use_area[0][0]:use_area[0][2]])  # ok
IndexError: list index out of range
Wed, 18 Apr 2018 23:37:33 app_thread.py[line:145] ERROR 刷新失败
Wed, 18 Apr 2018 23:37:33 app_thread.py[line:146] ERROR this is an exception message
Traceback (most recent call last):
  File "E:\hupai\component\app_thread.py", line 143, in run
    findrefresh()
  File "E:\hupai\component\imgcut.py", line 387, in findrefresh
    img = cv2.cvtColor(sc, cv2.COLOR_BGR2GRAY)  # 转灰度图
cv2.error: C:\projects\opencv-python\opencv\modules\imgproc\src\color.cpp:11073: error: (-215) depth == 0 || depth == 2 || depth == 5 in function cv::cvtColor

Wed, 18 Apr 2018 23:37:33 imgcut.py[line:372] ERROR cut_img 这里出错
Wed, 18 Apr 2018 23:37:33 imgcut.py[line:373] ERROR this is an exception message
Traceback (most recent call last):
  File "E:\hupai\component\imgcut.py", line 365, in cut_img
    set_val('imgpos_lowestprice', img[use_area[0][1]:use_area[0][3], use_area[0][0]:use_area[0][2]])  # ok
IndexError: list index out of range
Wed, 18 Apr 2018 23:37:33 app_thread.py[line:145] ERROR 刷新失败
Wed, 18 Apr 2018 23:37:33 app_thread.py[line:146] ERROR this is an exception message
Traceback (most recent call last):
  File "E:\hupai\component\app_thread.py", line 143, in run
    findrefresh()
  File "E:\hupai\component\imgcut.py", line 387, in findrefresh
    img = cv2.cvtColor(sc, cv2.COLOR_BGR2GRAY)  # 转灰度图
cv2.error: C:\projects\opencv-python\opencv\modules\imgproc\src\color.cpp:11073: error: (-215) depth == 0 || depth == 2 || depth == 5 in function cv::cvtColor

Wed, 18 Apr 2018 23:37:33 imgcut.py[line:372] ERROR cut_img 这里出错
Wed, 18 Apr 2018 23:37:33 imgcut.py[line:373] ERROR this is an exception message
Traceback (most recent call last):
  File "E:\hupai\component\imgcut.py", line 365, in cut_img
    set_val('imgpos_lowestprice', img[use_area[0][1]:use_area[0][3], use_area[0][0]:use_area[0][2]])  # ok
IndexError: list index out of range
Wed, 18 Apr 2018 23:37:33 app_thread.py[line:145] ERROR 刷新失败
Wed, 18 Apr 2018 23:37:33 app_thread.py[line:146] ERROR this is an exception message
Traceback (most recent call last):
  File "E:\hupai\component\app_thread.py", line 143, in run
    findrefresh()
  File "E:\hupai\component\imgcut.py", line 387, in findrefresh
    img = cv2.cvtColor(sc, cv2.COLOR_BGR2GRAY)  # 转灰度图
cv2.error: C:\projects\opencv-python\opencv\modules\imgproc\src\color.cpp:11073: error: (-215) depth == 0 || depth == 2 || depth == 5 in function cv::cvtColor

Wed, 18 Apr 2018 23:37:33 imgcut.py[line:372] ERROR cut_img 这里出错
Wed, 18 Apr 2018 23:37:33 imgcut.py[line:373] ERROR this is an exception message
Traceback (most recent call last):
  File "E:\hupai\component\imgcut.py", line 365, in cut_img
    set_val('imgpos_lowestprice', img[use_area[0][1]:use_area[0][3], use_area[0][0]:use_area[0][2]])  # ok
IndexError: list index out of range
Wed, 18 Apr 2018 23:37:33 app_thread.py[line:145] ERROR 刷新失败
Wed, 18 Apr 2018 23:37:33 app_thread.py[line:146] ERROR this is an exception message
Traceback (most recent call last):
  File "E:\hupai\component\app_thread.py", line 143, in run
    findrefresh()
  File "E:\hupai\component\imgcut.py", line 387, in findrefresh
    img = cv2.cvtColor(sc, cv2.COLOR_BGR2GRAY)  # 转灰度图
cv2.error: C:\projects\opencv-python\opencv\modules\imgproc\src\color.cpp:11073: error: (-215) depth == 0 || depth == 2 || depth == 5 in function cv::cvtColor

Wed, 18 Apr 2018 23:37:33 imgcut.py[line:372] ERROR cut_img 这里出错
Wed, 18 Apr 2018 23:37:33 imgcut.py[line:373] ERROR this is an exception message
Traceback (most recent call last):
  File "E:\hupai\component\imgcut.py", line 365, in cut_img
    set_val('imgpos_lowestprice', img[use_area[0][1]:use_area[0][3], use_area[0][0]:use_area[0][2]])  # ok
IndexError: list index out of range
Wed, 18 Apr 2018 23:37:33 app_thread.py[line:145] ERROR 刷新失败
Wed, 18 Apr 2018 23:37:33 app_thread.py[line:146] ERROR this is an exception message
Traceback (most recent call last):
  File "E:\hupai\component\app_thread.py", line 143, in run
    findrefresh()
  File "E:\hupai\component\imgcut.py", line 387, in findrefresh
    img = cv2.cvtColor(sc, cv2.COLOR_BGR2GRAY)  # 转灰度图
cv2.error: C:\projects\opencv-python\opencv\modules\imgproc\src\color.cpp:11073: error: (-215) depth == 0 || depth == 2 || depth == 5 in function cv::cvtColor

Wed, 18 Apr 2018 23:37:33 imgcut.py[line:372] ERROR cut_img 这里出错
Wed, 18 Apr 2018 23:37:33 imgcut.py[line:373] ERROR this is an exception message
Traceback (most recent call last):
  File "E:\hupai\component\imgcut.py", line 365, in cut_img
    set_val('imgpos_lowestprice', img[use_area[0][1]:use_area[0][3], use_area[0][0]:use_area[0][2]])  # ok
IndexError: list index out of range
Wed, 18 Apr 2018 23:37:33 app_thread.py[line:145] ERROR 刷新失败
Wed, 18 Apr 2018 23:37:33 app_thread.py[line:146] ERROR this is an exception message
Traceback (most recent call last):
  File "E:\hupai\component\app_thread.py", line 143, in run
    findrefresh()
  File "E:\hupai\component\imgcut.py", line 387, in findrefresh
    img = cv2.cvtColor(sc, cv2.COLOR_BGR2GRAY)  # 转灰度图
cv2.error: C:\projects\opencv-python\opencv\modules\imgproc\src\color.cpp:11073: error: (-215) depth == 0 || depth == 2 || depth == 5 in function cv::cvtColor

Wed, 18 Apr 2018 23:37:33 imgcut.py[line:372] ERROR cut_img 这里出错
Wed, 18 Apr 2018 23:37:33 imgcut.py[line:373] ERROR this is an exception message
Traceback (most recent call last):
  File "E:\hupai\component\imgcut.py", line 365, in cut_img
    set_val('imgpos_lowestprice', img[use_area[0][1]:use_area[0][3], use_area[0][0]:use_area[0][2]])  # ok
IndexError: list index out of range
Wed, 18 Apr 2018 23:37:33 app_thread.py[line:145] ERROR 刷新失败
Wed, 18 Apr 2018 23:37:33 app_thread.py[line:146] ERROR this is an exception message
Traceback (most recent call last):
  File "E:\hupai\component\app_thread.py", line 143, in run
    findrefresh()
  File "E:\hupai\component\imgcut.py", line 387, in findrefresh
    img = cv2.cvtColor(sc, cv2.COLOR_BGR2GRAY)  # 转灰度图
cv2.error: C:\projects\opencv-python\opencv\modules\imgproc\src\color.cpp:11073: error: (-215) depth == 0 || depth == 2 || depth == 5 in function cv::cvtColor

Wed, 18 Apr 2018 23:37:33 imgcut.py[line:372] ERROR cut_img 这里出错
Wed, 18 Apr 2018 23:37:33 imgcut.py[line:373] ERROR this is an exception message
Traceback (most recent call last):
  File "E:\hupai\component\imgcut.py", line 365, in cut_img
    set_val('imgpos_lowestprice', img[use_area[0][1]:use_area[0][3], use_area[0][0]:use_area[0][2]])  # ok
IndexError: list index out of range
Wed, 18 Apr 2018 23:37:33 app_thread.py[line:145] ERROR 刷新失败
Wed, 18 Apr 2018 23:37:33 app_thread.py[line:146] ERROR this is an exception message
Traceback (most recent call last):
  File "E:\hupai\component\app_thread.py", line 143, in run
    findrefresh()
  File "E:\hupai\component\imgcut.py", line 387, in findrefresh
    img = cv2.cvtColor(sc, cv2.COLOR_BGR2GRAY)  # 转灰度图
cv2.error: C:\projects\opencv-python\opencv\modules\imgproc\src\color.cpp:11073: error: (-215) depth == 0 || depth == 2 || depth == 5 in function cv::cvtColor

Wed, 18 Apr 2018 23:37:34 app_thread.py[line:145] ERROR 刷新失败
Wed, 18 Apr 2018 23:37:34 app_thread.py[line:146] ERROR this is an exception message
Traceback (most recent call last):
  File "E:\hupai\component\app_thread.py", line 143, in run
    findrefresh()
  File "E:\hupai\component\imgcut.py", line 387, in findrefresh
    img = cv2.cvtColor(sc, cv2.COLOR_BGR2GRAY)  # 转灰度图
cv2.error: C:\projects\opencv-python\opencv\modules\imgproc\src\color.cpp:11073: error: (-215) depth == 0 || depth == 2 || depth == 5 in function cv::cvtColor

Wed, 18 Apr 2018 23:37:34 imgcut.py[line:372] ERROR cut_img 这里出错
Wed, 18 Apr 2018 23:37:34 imgcut.py[line:373] ERROR this is an exception message
Traceback (most recent call last):
  File "E:\hupai\component\imgcut.py", line 365, in cut_img
    set_val('imgpos_lowestprice', img[use_area[0][1]:use_area[0][3], use_area[0][0]:use_area[0][2]])  # ok
IndexError: list index out of range
Wed, 18 Apr 2018 23:37:34 app_thread.py[line:145] ERROR 刷新失败
Wed, 18 Apr 2018 23:37:34 app_thread.py[line:146] ERROR this is an exception message
Traceback (most recent call last):
  File "E:\hupai\component\app_thread.py", line 143, in run
    findrefresh()
  File "E:\hupai\component\imgcut.py", line 387, in findrefresh
    img = cv2.cvtColor(sc, cv2.COLOR_BGR2GRAY)  # 转灰度图
cv2.error: C:\projects\opencv-python\opencv\modules\imgproc\src\color.cpp:11073: error: (-215) depth == 0 || depth == 2 || depth == 5 in function cv::cvtColor

Wed, 18 Apr 2018 23:37:34 imgcut.py[line:372] ERROR cut_img 这里出错
Wed, 18 Apr 2018 23:37:34 imgcut.py[line:373] ERROR this is an exception message
Traceback (most recent call last):
  File "E:\hupai\component\imgcut.py", line 365, in cut_img
    set_val('imgpos_lowestprice', img[use_area[0][1]:use_area[0][3], use_area[0][0]:use_area[0][2]])  # ok
IndexError: list index out of range
Wed, 18 Apr 2018 23:37:34 app_thread.py[line:145] ERROR 刷新失败
Wed, 18 Apr 2018 23:37:34 app_thread.py[line:146] ERROR this is an exception message
Traceback (most recent call last):
  File "E:\hupai\component\app_thread.py", line 143, in run
    findrefresh()
  File "E:\hupai\component\imgcut.py", line 387, in findrefresh
    img = cv2.cvtColor(sc, cv2.COLOR_BGR2GRAY)  # 转灰度图
cv2.error: C:\projects\opencv-python\opencv\modules\imgproc\src\color.cpp:11073: error: (-215) depth == 0 || depth == 2 || depth == 5 in function cv::cvtColor

Wed, 18 Apr 2018 23:37:34 imgcut.py[line:372] ERROR cut_img 这里出错
Wed, 18 Apr 2018 23:37:34 imgcut.py[line:373] ERROR this is an exception message
Traceback (most recent call last):
  File "E:\hupai\component\imgcut.py", line 365, in cut_img
    set_val('imgpos_lowestprice', img[use_area[0][1]:use_area[0][3], use_area[0][0]:use_area[0][2]])  # ok
IndexError: list index out of range
Wed, 18 Apr 2018 23:37:34 app_thread.py[line:145] ERROR 刷新失败
Wed, 18 Apr 2018 23:37:34 app_thread.py[line:146] ERROR this is an exception message
Traceback (most recent call last):
  File "E:\hupai\component\app_thread.py", line 143, in run
    findrefresh()
  File "E:\hupai\component\imgcut.py", line 387, in findrefresh
    img = cv2.cvtColor(sc, cv2.COLOR_BGR2GRAY)  # 转灰度图
cv2.error: C:\projects\opencv-python\opencv\modules\imgproc\src\color.cpp:11073: error: (-215) depth == 0 || depth == 2 || depth == 5 in function cv::cvtColor

Wed, 18 Apr 2018 23:37:34 imgcut.py[line:372] ERROR cut_img 这里出错
Wed, 18 Apr 2018 23:37:34 imgcut.py[line:373] ERROR this is an exception message
Traceback (most recent call last):
  File "E:\hupai\component\imgcut.py", line 365, in cut_img
    set_val('imgpos_lowestprice', img[use_area[0][1]:use_area[0][3], use_area[0][0]:use_area[0][2]])  # ok
IndexError: list index out of range
Wed, 18 Apr 2018 23:37:34 app_thread.py[line:145] ERROR 刷新失败
Wed, 18 Apr 2018 23:37:34 app_thread.py[line:146] ERROR this is an exception message
Traceback (most recent call last):
  File "E:\hupai\component\app_thread.py", line 143, in run
    findrefresh()
  File "E:\hupai\component\imgcut.py", line 387, in findrefresh
    img = cv2.cvtColor(sc, cv2.COLOR_BGR2GRAY)  # 转灰度图
cv2.error: C:\projects\opencv-python\opencv\modules\imgproc\src\color.cpp:11073: error: (-215) depth == 0 || depth == 2 || depth == 5 in function cv::cvtColor

Wed, 18 Apr 2018 23:37:34 imgcut.py[line:372] ERROR cut_img 这里出错
Wed, 18 Apr 2018 23:37:34 imgcut.py[line:373] ERROR this is an exception message
Traceback (most recent call last):
  File "E:\hupai\component\imgcut.py", line 365, in cut_img
    set_val('imgpos_lowestprice', img[use_area[0][1]:use_area[0][3], use_area[0][0]:use_area[0][2]])  # ok
IndexError: list index out of range
Wed, 18 Apr 2018 23:37:34 app_thread.py[line:145] ERROR 刷新失败
Wed, 18 Apr 2018 23:37:34 app_thread.py[line:146] ERROR this is an exception message
Traceback (most recent call last):
  File "E:\hupai\component\app_thread.py", line 143, in run
    findrefresh()
  File "E:\hupai\component\imgcut.py", line 387, in findrefresh
    img = cv2.cvtColor(sc, cv2.COLOR_BGR2GRAY)  # 转灰度图
cv2.error: C:\projects\opencv-python\opencv\modules\imgproc\src\color.cpp:11073: error: (-215) depth == 0 || depth == 2 || depth == 5 in function cv::cvtColor

Wed, 18 Apr 2018 23:37:34 app_thread.py[line:145] ERROR 刷新失败
Wed, 18 Apr 2018 23:37:34 app_thread.py[line:146] ERROR this is an exception message
Traceback (most recent call last):
  File "E:\hupai\component\app_thread.py", line 143, in run
    findrefresh()
  File "E:\hupai\component\imgcut.py", line 387, in findrefresh
    img = cv2.cvtColor(sc, cv2.COLOR_BGR2GRAY)  # 转灰度图
cv2.error: C:\projects\opencv-python\opencv\modules\imgproc\src\color.cpp:11073: error: (-215) depth == 0 || depth == 2 || depth == 5 in function cv::cvtColor

Wed, 18 Apr 2018 23:37:34 imgcut.py[line:372] ERROR cut_img 这里出错
Wed, 18 Apr 2018 23:37:34 imgcut.py[line:373] ERROR this is an exception message
Traceback (most recent call last):
  File "E:\hupai\component\imgcut.py", line 365, in cut_img
    set_val('imgpos_lowestprice', img[use_area[0][1]:use_area[0][3], use_area[0][0]:use_area[0][2]])  # ok
IndexError: list index out of range
Wed, 18 Apr 2018 23:37:34 app_thread.py[line:145] ERROR 刷新失败
Wed, 18 Apr 2018 23:37:34 app_thread.py[line:146] ERROR this is an exception message
Traceback (most recent call last):
  File "E:\hupai\component\app_thread.py", line 143, in run
    findrefresh()
  File "E:\hupai\component\imgcut.py", line 387, in findrefresh
    img = cv2.cvtColor(sc, cv2.COLOR_BGR2GRAY)  # 转灰度图
cv2.error: C:\projects\opencv-python\opencv\modules\imgproc\src\color.cpp:11073: error: (-215) depth == 0 || depth == 2 || depth == 5 in function cv::cvtColor

Wed, 18 Apr 2018 23:37:34 imgcut.py[line:372] ERROR cut_img 这里出错
Wed, 18 Apr 2018 23:37:34 imgcut.py[line:373] ERROR this is an exception message
Traceback (most recent call last):
  File "E:\hupai\component\imgcut.py", line 365, in cut_img
    set_val('imgpos_lowestprice', img[use_area[0][1]:use_area[0][3], use_area[0][0]:use_area[0][2]])  # ok
IndexError: list index out of range
Wed, 18 Apr 2018 23:37:34 app_thread.py[line:145] ERROR 刷新失败
Wed, 18 Apr 2018 23:37:34 app_thread.py[line:146] ERROR this is an exception message
Traceback (most recent call last):
  File "E:\hupai\component\app_thread.py", line 143, in run
    findrefresh()
  File "E:\hupai\component\imgcut.py", line 387, in findrefresh
    img = cv2.cvtColor(sc, cv2.COLOR_BGR2GRAY)  # 转灰度图
cv2.error: C:\projects\opencv-python\opencv\modules\imgproc\src\color.cpp:11073: error: (-215) depth == 0 || depth == 2 || depth == 5 in function cv::cvtColor

Wed, 18 Apr 2018 23:37:34 imgcut.py[line:372] ERROR cut_img 这里出错
Wed, 18 Apr 2018 23:37:34 imgcut.py[line:373] ERROR this is an exception message
Traceback (most recent call last):
  File "E:\hupai\component\imgcut.py", line 365, in cut_img
    set_val('imgpos_lowestprice', img[use_area[0][1]:use_area[0][3], use_area[0][0]:use_area[0][2]])  # ok
IndexError: list index out of range
Wed, 18 Apr 2018 23:37:34 app_thread.py[line:145] ERROR 刷新失败
Wed, 18 Apr 2018 23:37:34 app_thread.py[line:146] ERROR this is an exception message
Traceback (most recent call last):
  File "E:\hupai\component\app_thread.py", line 143, in run
    findrefresh()
  File "E:\hupai\component\imgcut.py", line 387, in findrefresh
    img = cv2.cvtColor(sc, cv2.COLOR_BGR2GRAY)  # 转灰度图
cv2.error: C:\projects\opencv-python\opencv\modules\imgproc\src\color.cpp:11073: error: (-215) depth == 0 || depth == 2 || depth == 5 in function cv::cvtColor

Wed, 18 Apr 2018 23:37:34 imgcut.py[line:372] ERROR cut_img 这里出错
Wed, 18 Apr 2018 23:37:34 imgcut.py[line:373] ERROR this is an exception message
Traceback (most recent call last):
  File "E:\hupai\component\imgcut.py", line 365, in cut_img
    set_val('imgpos_lowestprice', img[use_area[0][1]:use_area[0][3], use_area[0][0]:use_area[0][2]])  # ok
IndexError: list index out of range
Wed, 18 Apr 2018 23:37:34 app_thread.py[line:145] ERROR 刷新失败
Wed, 18 Apr 2018 23:37:34 app_thread.py[line:146] ERROR this is an exception message
Traceback (most recent call last):
  File "E:\hupai\component\app_thread.py", line 143, in run
    findrefresh()
  File "E:\hupai\component\imgcut.py", line 387, in findrefresh
    img = cv2.cvtColor(sc, cv2.COLOR_BGR2GRAY)  # 转灰度图
cv2.error: C:\projects\opencv-python\opencv\modules\imgproc\src\color.cpp:11073: error: (-215) depth == 0 || depth == 2 || depth == 5 in function cv::cvtColor

Wed, 18 Apr 2018 23:37:34 imgcut.py[line:372] ERROR cut_img 这里出错
Wed, 18 Apr 2018 23:37:34 imgcut.py[line:373] ERROR this is an exception message
Traceback (most recent call last):
  File "E:\hupai\component\imgcut.py", line 365, in cut_img
    set_val('imgpos_lowestprice', img[use_area[0][1]:use_area[0][3], use_area[0][0]:use_area[0][2]])  # ok
IndexError: list index out of range
Wed, 18 Apr 2018 23:37:34 app_thread.py[line:145] ERROR 刷新失败
Wed, 18 Apr 2018 23:37:34 app_thread.py[line:146] ERROR this is an exception message
Traceback (most recent call last):
  File "E:\hupai\component\app_thread.py", line 143, in run
    findrefresh()
  File "E:\hupai\component\imgcut.py", line 387, in findrefresh
    img = cv2.cvtColor(sc, cv2.COLOR_BGR2GRAY)  # 转灰度图
cv2.error: C:\projects\opencv-python\opencv\modules\imgproc\src\color.cpp:11073: error: (-215) depth == 0 || depth == 2 || depth == 5 in function cv::cvtColor

Wed, 18 Apr 2018 23:37:34 app_thread.py[line:145] ERROR 刷新失败
Wed, 18 Apr 2018 23:37:34 app_thread.py[line:146] ERROR this is an exception message
Traceback (most recent call last):
  File "E:\hupai\component\app_thread.py", line 143, in run
    findrefresh()
  File "E:\hupai\component\imgcut.py", line 387, in findrefresh
    img = cv2.cvtColor(sc, cv2.COLOR_BGR2GRAY)  # 转灰度图
cv2.error: C:\projects\opencv-python\opencv\modules\imgproc\src\color.cpp:11073: error: (-215) depth == 0 || depth == 2 || depth == 5 in function cv::cvtColor

Wed, 18 Apr 2018 23:37:34 imgcut.py[line:372] ERROR cut_img 这里出错
Wed, 18 Apr 2018 23:37:34 imgcut.py[line:373] ERROR this is an exception message
Traceback (most recent call last):
  File "E:\hupai\component\imgcut.py", line 365, in cut_img
    set_val('imgpos_lowestprice', img[use_area[0][1]:use_area[0][3], use_area[0][0]:use_area[0][2]])  # ok
IndexError: list index out of range
Wed, 18 Apr 2018 23:37:34 app_thread.py[line:145] ERROR 刷新失败
Wed, 18 Apr 2018 23:37:34 app_thread.py[line:146] ERROR this is an exception message
Traceback (most recent call last):
  File "E:\hupai\component\app_thread.py", line 143, in run
    findrefresh()
  File "E:\hupai\component\imgcut.py", line 387, in findrefresh
    img = cv2.cvtColor(sc, cv2.COLOR_BGR2GRAY)  # 转灰度图
cv2.error: C:\projects\opencv-python\opencv\modules\imgproc\src\color.cpp:11073: error: (-215) depth == 0 || depth == 2 || depth == 5 in function cv::cvtColor

Wed, 18 Apr 2018 23:37:34 imgcut.py[line:372] ERROR cut_img 这里出错
Wed, 18 Apr 2018 23:37:34 imgcut.py[line:373] ERROR this is an exception message
Traceback (most recent call last):
  File "E:\hupai\component\imgcut.py", line 365, in cut_img
    set_val('imgpos_lowestprice', img[use_area[0][1]:use_area[0][3], use_area[0][0]:use_area[0][2]])  # ok
IndexError: list index out of range
Wed, 18 Apr 2018 23:37:34 app_thread.py[line:145] ERROR 刷新失败
Wed, 18 Apr 2018 23:37:34 app_thread.py[line:146] ERROR this is an exception message
Traceback (most recent call last):
  File "E:\hupai\component\app_thread.py", line 143, in run
    findrefresh()
  File "E:\hupai\component\imgcut.py", line 387, in findrefresh
    img = cv2.cvtColor(sc, cv2.COLOR_BGR2GRAY)  # 转灰度图
cv2.error: C:\projects\opencv-python\opencv\modules\imgproc\src\color.cpp:11073: error: (-215) depth == 0 || depth == 2 || depth == 5 in function cv::cvtColor

Wed, 18 Apr 2018 23:37:34 imgcut.py[line:372] ERROR cut_img 这里出错
Wed, 18 Apr 2018 23:37:34 imgcut.py[line:373] ERROR this is an exception message
Traceback (most recent call last):
  File "E:\hupai\component\imgcut.py", line 365, in cut_img
    set_val('imgpos_lowestprice', img[use_area[0][1]:use_area[0][3], use_area[0][0]:use_area[0][2]])  # ok
IndexError: list index out of range
Wed, 18 Apr 2018 23:37:34 app_thread.py[line:145] ERROR 刷新失败
Wed, 18 Apr 2018 23:37:34 app_thread.py[line:146] ERROR this is an exception message
Traceback (most recent call last):
  File "E:\hupai\component\app_thread.py", line 143, in run
    findrefresh()
  File "E:\hupai\component\imgcut.py", line 387, in findrefresh
    img = cv2.cvtColor(sc, cv2.COLOR_BGR2GRAY)  # 转灰度图
cv2.error: C:\projects\opencv-python\opencv\modules\imgproc\src\color.cpp:11073: error: (-215) depth == 0 || depth == 2 || depth == 5 in function cv::cvtColor

Wed, 18 Apr 2018 23:37:34 imgcut.py[line:372] ERROR cut_img 这里出错
Wed, 18 Apr 2018 23:37:34 imgcut.py[line:373] ERROR this is an exception message
Traceback (most recent call last):
  File "E:\hupai\component\imgcut.py", line 365, in cut_img
    set_val('imgpos_lowestprice', img[use_area[0][1]:use_area[0][3], use_area[0][0]:use_area[0][2]])  # ok
IndexError: list index out of range
Wed, 18 Apr 2018 23:37:35 app_thread.py[line:145] ERROR 刷新失败
Wed, 18 Apr 2018 23:37:35 app_thread.py[line:146] ERROR this is an exception message
Traceback (most recent call last):
  File "E:\hupai\component\app_thread.py", line 143, in run
    findrefresh()
  File "E:\hupai\component\imgcut.py", line 387, in findrefresh
    img = cv2.cvtColor(sc, cv2.COLOR_BGR2GRAY)  # 转灰度图
cv2.error: C:\projects\opencv-python\opencv\modules\imgproc\src\color.cpp:11073: error: (-215) depth == 0 || depth == 2 || depth == 5 in function cv::cvtColor

Wed, 18 Apr 2018 23:37:35 imgcut.py[line:372] ERROR cut_img 这里出错
Wed, 18 Apr 2018 23:37:35 imgcut.py[line:373] ERROR this is an exception message
Traceback (most recent call last):
  File "E:\hupai\component\imgcut.py", line 365, in cut_img
    set_val('imgpos_lowestprice', img[use_area[0][1]:use_area[0][3], use_area[0][0]:use_area[0][2]])  # ok
IndexError: list index out of range
Wed, 18 Apr 2018 23:37:35 app_thread.py[line:145] ERROR 刷新失败
Wed, 18 Apr 2018 23:37:35 app_thread.py[line:146] ERROR this is an exception message
Traceback (most recent call last):
  File "E:\hupai\component\app_thread.py", line 143, in run
    findrefresh()
  File "E:\hupai\component\imgcut.py", line 387, in findrefresh
    img = cv2.cvtColor(sc, cv2.COLOR_BGR2GRAY)  # 转灰度图
cv2.error: C:\projects\opencv-python\opencv\modules\imgproc\src\color.cpp:11073: error: (-215) depth == 0 || depth == 2 || depth == 5 in function cv::cvtColor

Wed, 18 Apr 2018 23:37:35 imgcut.py[line:372] ERROR cut_img 这里出错
Wed, 18 Apr 2018 23:37:35 imgcut.py[line:373] ERROR this is an exception message
Traceback (most recent call last):
  File "E:\hupai\component\imgcut.py", line 365, in cut_img
    set_val('imgpos_lowestprice', img[use_area[0][1]:use_area[0][3], use_area[0][0]:use_area[0][2]])  # ok
IndexError: list index out of range
Wed, 18 Apr 2018 23:37:35 app_thread.py[line:145] ERROR 刷新失败
Wed, 18 Apr 2018 23:37:35 app_thread.py[line:146] ERROR this is an exception message
Traceback (most recent call last):
  File "E:\hupai\component\app_thread.py", line 143, in run
    findrefresh()
  File "E:\hupai\component\imgcut.py", line 387, in findrefresh
    img = cv2.cvtColor(sc, cv2.COLOR_BGR2GRAY)  # 转灰度图
cv2.error: C:\projects\opencv-python\opencv\modules\imgproc\src\color.cpp:11073: error: (-215) depth == 0 || depth == 2 || depth == 5 in function cv::cvtColor

Wed, 18 Apr 2018 23:37:35 imgcut.py[line:372] ERROR cut_img 这里出错
Wed, 18 Apr 2018 23:37:35 imgcut.py[line:373] ERROR this is an exception message
Traceback (most recent call last):
  File "E:\hupai\component\imgcut.py", line 365, in cut_img
    set_val('imgpos_lowestprice', img[use_area[0][1]:use_area[0][3], use_area[0][0]:use_area[0][2]])  # ok
IndexError: list index out of range
Wed, 18 Apr 2018 23:37:35 app_thread.py[line:145] ERROR 刷新失败
Wed, 18 Apr 2018 23:37:35 app_thread.py[line:146] ERROR this is an exception message
Traceback (most recent call last):
  File "E:\hupai\component\app_thread.py", line 143, in run
    findrefresh()
  File "E:\hupai\component\imgcut.py", line 387, in findrefresh
    img = cv2.cvtColor(sc, cv2.COLOR_BGR2GRAY)  # 转灰度图
cv2.error: C:\projects\opencv-python\opencv\modules\imgproc\src\color.cpp:11073: error: (-215) depth == 0 || depth == 2 || depth == 5 in function cv::cvtColor

Wed, 18 Apr 2018 23:37:35 app_thread.py[line:145] ERROR 刷新失败
Wed, 18 Apr 2018 23:37:35 app_thread.py[line:146] ERROR this is an exception message
Traceback (most recent call last):
  File "E:\hupai\component\app_thread.py", line 143, in run
    findrefresh()
  File "E:\hupai\component\imgcut.py", line 387, in findrefresh
    img = cv2.cvtColor(sc, cv2.COLOR_BGR2GRAY)  # 转灰度图
cv2.error: C:\projects\opencv-python\opencv\modules\imgproc\src\color.cpp:11073: error: (-215) depth == 0 || depth == 2 || depth == 5 in function cv::cvtColor

Wed, 18 Apr 2018 23:37:35 imgcut.py[line:372] ERROR cut_img 这里出错
Wed, 18 Apr 2018 23:37:35 imgcut.py[line:373] ERROR this is an exception message
Traceback (most recent call last):
  File "E:\hupai\component\imgcut.py", line 365, in cut_img
    set_val('imgpos_lowestprice', img[use_area[0][1]:use_area[0][3], use_area[0][0]:use_area[0][2]])  # ok
IndexError: list index out of range
Wed, 18 Apr 2018 23:37:35 imgcut.py[line:372] ERROR cut_img 这里出错
Wed, 18 Apr 2018 23:37:35 app_thread.py[line:145] ERROR 刷新失败
Wed, 18 Apr 2018 23:37:35 imgcut.py[line:373] ERROR this is an exception message
Traceback (most recent call last):
  File "E:\hupai\component\imgcut.py", line 365, in cut_img
    set_val('imgpos_lowestprice', img[use_area[0][1]:use_area[0][3], use_area[0][0]:use_area[0][2]])  # ok
IndexError: list index out of range
Wed, 18 Apr 2018 23:37:35 app_thread.py[line:146] ERROR this is an exception message
Traceback (most recent call last):
  File "E:\hupai\component\app_thread.py", line 143, in run
    findrefresh()
  File "E:\hupai\component\imgcut.py", line 387, in findrefresh
    img = cv2.cvtColor(sc, cv2.COLOR_BGR2GRAY)  # 转灰度图
cv2.error: C:\projects\opencv-python\opencv\modules\imgproc\src\color.cpp:11073: error: (-215) depth == 0 || depth == 2 || depth == 5 in function cv::cvtColor

Wed, 18 Apr 2018 23:37:35 app_thread.py[line:145] ERROR 刷新失败
Wed, 18 Apr 2018 23:37:35 app_thread.py[line:146] ERROR this is an exception message
Traceback (most recent call last):
  File "E:\hupai\component\app_thread.py", line 143, in run
    findrefresh()
  File "E:\hupai\component\imgcut.py", line 387, in findrefresh
    img = cv2.cvtColor(sc, cv2.COLOR_BGR2GRAY)  # 转灰度图
cv2.error: C:\projects\opencv-python\opencv\modules\imgproc\src\color.cpp:11073: error: (-215) depth == 0 || depth == 2 || depth == 5 in function cv::cvtColor

Wed, 18 Apr 2018 23:37:35 imgcut.py[line:372] ERROR cut_img 这里出错
Wed, 18 Apr 2018 23:37:35 imgcut.py[line:373] ERROR this is an exception message
Traceback (most recent call last):
  File "E:\hupai\component\imgcut.py", line 365, in cut_img
    set_val('imgpos_lowestprice', img[use_area[0][1]:use_area[0][3], use_area[0][0]:use_area[0][2]])  # ok
IndexError: list index out of range
Wed, 18 Apr 2018 23:37:35 app_thread.py[line:145] ERROR 刷新失败
Wed, 18 Apr 2018 23:37:35 app_thread.py[line:146] ERROR this is an exception message
Traceback (most recent call last):
  File "E:\hupai\component\app_thread.py", line 143, in run
    findrefresh()
  File "E:\hupai\component\imgcut.py", line 387, in findrefresh
    img = cv2.cvtColor(sc, cv2.COLOR_BGR2GRAY)  # 转灰度图
cv2.error: C:\projects\opencv-python\opencv\modules\imgproc\src\color.cpp:11073: error: (-215) depth == 0 || depth == 2 || depth == 5 in function cv::cvtColor

Wed, 18 Apr 2018 23:37:35 imgcut.py[line:372] ERROR cut_img 这里出错
Wed, 18 Apr 2018 23:37:35 imgcut.py[line:373] ERROR this is an exception message
Traceback (most recent call last):
  File "E:\hupai\component\imgcut.py", line 365, in cut_img
    set_val('imgpos_lowestprice', img[use_area[0][1]:use_area[0][3], use_area[0][0]:use_area[0][2]])  # ok
IndexError: list index out of range
Wed, 18 Apr 2018 23:37:35 app_thread.py[line:145] ERROR 刷新失败
Wed, 18 Apr 2018 23:37:35 app_thread.py[line:146] ERROR this is an exception message
Traceback (most recent call last):
  File "E:\hupai\component\app_thread.py", line 143, in run
    findrefresh()
  File "E:\hupai\component\imgcut.py", line 387, in findrefresh
    img = cv2.cvtColor(sc, cv2.COLOR_BGR2GRAY)  # 转灰度图
cv2.error: C:\projects\opencv-python\opencv\modules\imgproc\src\color.cpp:11073: error: (-215) depth == 0 || depth == 2 || depth == 5 in function cv::cvtColor

Wed, 18 Apr 2018 23:37:35 imgcut.py[line:372] ERROR cut_img 这里出错
Wed, 18 Apr 2018 23:37:35 imgcut.py[line:373] ERROR this is an exception message
Traceback (most recent call last):
  File "E:\hupai\component\imgcut.py", line 365, in cut_img
    set_val('imgpos_lowestprice', img[use_area[0][1]:use_area[0][3], use_area[0][0]:use_area[0][2]])  # ok
IndexError: list index out of range
Wed, 18 Apr 2018 23:37:35 app_thread.py[line:145] ERROR 刷新失败
Wed, 18 Apr 2018 23:37:35 app_thread.py[line:146] ERROR this is an exception message
Traceback (most recent call last):
  File "E:\hupai\component\app_thread.py", line 143, in run
    findrefresh()
  File "E:\hupai\component\imgcut.py", line 387, in findrefresh
    img = cv2.cvtColor(sc, cv2.COLOR_BGR2GRAY)  # 转灰度图
cv2.error: C:\projects\opencv-python\opencv\modules\imgproc\src\color.cpp:11073: error: (-215) depth == 0 || depth == 2 || depth == 5 in function cv::cvtColor

Wed, 18 Apr 2018 23:37:35 imgcut.py[line:372] ERROR cut_img 这里出错
Wed, 18 Apr 2018 23:37:35 imgcut.py[line:373] ERROR this is an exception message
Traceback (most recent call last):
  File "E:\hupai\component\imgcut.py", line 365, in cut_img
    set_val('imgpos_lowestprice', img[use_area[0][1]:use_area[0][3], use_area[0][0]:use_area[0][2]])  # ok
IndexError: list index out of range
Wed, 18 Apr 2018 23:37:35 app_thread.py[line:145] ERROR 刷新失败
Wed, 18 Apr 2018 23:37:35 app_thread.py[line:146] ERROR this is an exception message
Traceback (most recent call last):
  File "E:\hupai\component\app_thread.py", line 143, in run
    findrefresh()
  File "E:\hupai\component\imgcut.py", line 387, in findrefresh
    img = cv2.cvtColor(sc, cv2.COLOR_BGR2GRAY)  # 转灰度图
cv2.error: C:\projects\opencv-python\opencv\modules\imgproc\src\color.cpp:11073: error: (-215) depth == 0 || depth == 2 || depth == 5 in function cv::cvtColor

Wed, 18 Apr 2018 23:37:35 imgcut.py[line:372] ERROR cut_img 这里出错
Wed, 18 Apr 2018 23:37:35 imgcut.py[line:373] ERROR this is an exception message
Traceback (most recent call last):
  File "E:\hupai\component\imgcut.py", line 365, in cut_img
    set_val('imgpos_lowestprice', img[use_area[0][1]:use_area[0][3], use_area[0][0]:use_area[0][2]])  # ok
IndexError: list index out of range
Wed, 18 Apr 2018 23:37:35 app_thread.py[line:145] ERROR 刷新失败
Wed, 18 Apr 2018 23:37:35 app_thread.py[line:146] ERROR this is an exception message
Traceback (most recent call last):
  File "E:\hupai\component\app_thread.py", line 143, in run
    findrefresh()
  File "E:\hupai\component\imgcut.py", line 387, in findrefresh
    img = cv2.cvtColor(sc, cv2.COLOR_BGR2GRAY)  # 转灰度图
cv2.error: C:\projects\opencv-python\opencv\modules\imgproc\src\color.cpp:11073: error: (-215) depth == 0 || depth == 2 || depth == 5 in function cv::cvtColor

Wed, 18 Apr 2018 23:37:35 imgcut.py[line:372] ERROR cut_img 这里出错
Wed, 18 Apr 2018 23:37:35 imgcut.py[line:373] ERROR this is an exception message
Traceback (most recent call last):
  File "E:\hupai\component\imgcut.py", line 365, in cut_img
    set_val('imgpos_lowestprice', img[use_area[0][1]:use_area[0][3], use_area[0][0]:use_area[0][2]])  # ok
IndexError: list index out of range
Wed, 18 Apr 2018 23:37:35 app_thread.py[line:145] ERROR 刷新失败
Wed, 18 Apr 2018 23:37:35 app_thread.py[line:146] ERROR this is an exception message
Traceback (most recent call last):
  File "E:\hupai\component\app_thread.py", line 143, in run
    findrefresh()
  File "E:\hupai\component\imgcut.py", line 387, in findrefresh
    img = cv2.cvtColor(sc, cv2.COLOR_BGR2GRAY)  # 转灰度图
cv2.error: C:\projects\opencv-python\opencv\modules\imgproc\src\color.cpp:11073: error: (-215) depth == 0 || depth == 2 || depth == 5 in function cv::cvtColor

Wed, 18 Apr 2018 23:37:35 imgcut.py[line:372] ERROR cut_img 这里出错
Wed, 18 Apr 2018 23:37:35 imgcut.py[line:373] ERROR this is an exception message
Traceback (most recent call last):
  File "E:\hupai\component\imgcut.py", line 365, in cut_img
    set_val('imgpos_lowestprice', img[use_area[0][1]:use_area[0][3], use_area[0][0]:use_area[0][2]])  # ok
IndexError: list index out of range
Wed, 18 Apr 2018 23:37:35 app_thread.py[line:145] ERROR 刷新失败
Wed, 18 Apr 2018 23:37:35 app_thread.py[line:146] ERROR this is an exception message
Traceback (most recent call last):
  File "E:\hupai\component\app_thread.py", line 143, in run
    findrefresh()
  File "E:\hupai\component\imgcut.py", line 387, in findrefresh
    img = cv2.cvtColor(sc, cv2.COLOR_BGR2GRAY)  # 转灰度图
cv2.error: C:\projects\opencv-python\opencv\modules\imgproc\src\color.cpp:11073: error: (-215) depth == 0 || depth == 2 || depth == 5 in function cv::cvtColor

Wed, 18 Apr 2018 23:37:35 app_thread.py[line:145] ERROR 刷新失败
Wed, 18 Apr 2018 23:37:35 app_thread.py[line:146] ERROR this is an exception message
Traceback (most recent call last):
  File "E:\hupai\component\app_thread.py", line 143, in run
    findrefresh()
  File "E:\hupai\component\imgcut.py", line 387, in findrefresh
    img = cv2.cvtColor(sc, cv2.COLOR_BGR2GRAY)  # 转灰度图
cv2.error: C:\projects\opencv-python\opencv\modules\imgproc\src\color.cpp:11073: error: (-215) depth == 0 || depth == 2 || depth == 5 in function cv::cvtColor

Wed, 18 Apr 2018 23:37:35 imgcut.py[line:372] ERROR cut_img 这里出错
Wed, 18 Apr 2018 23:37:35 imgcut.py[line:373] ERROR this is an exception message
Traceback (most recent call last):
  File "E:\hupai\component\imgcut.py", line 365, in cut_img
    set_val('imgpos_lowestprice', img[use_area[0][1]:use_area[0][3], use_area[0][0]:use_area[0][2]])  # ok
IndexError: list index out of range
Wed, 18 Apr 2018 23:37:35 app_thread.py[line:145] ERROR 刷新失败
Wed, 18 Apr 2018 23:37:35 app_thread.py[line:146] ERROR this is an exception message
Traceback (most recent call last):
  File "E:\hupai\component\app_thread.py", line 143, in run
    findrefresh()
  File "E:\hupai\component\imgcut.py", line 387, in findrefresh
    img = cv2.cvtColor(sc, cv2.COLOR_BGR2GRAY)  # 转灰度图
cv2.error: C:\projects\opencv-python\opencv\modules\imgproc\src\color.cpp:11073: error: (-215) depth == 0 || depth == 2 || depth == 5 in function cv::cvtColor

Wed, 18 Apr 2018 23:37:35 imgcut.py[line:372] ERROR cut_img 这里出错
Wed, 18 Apr 2018 23:37:35 imgcut.py[line:373] ERROR this is an exception message
Traceback (most recent call last):
  File "E:\hupai\component\imgcut.py", line 365, in cut_img
    set_val('imgpos_lowestprice', img[use_area[0][1]:use_area[0][3], use_area[0][0]:use_area[0][2]])  # ok
IndexError: list index out of range
Wed, 18 Apr 2018 23:37:36 app_thread.py[line:145] ERROR 刷新失败
Wed, 18 Apr 2018 23:37:36 app_thread.py[line:146] ERROR this is an exception message
Traceback (most recent call last):
  File "E:\hupai\component\app_thread.py", line 143, in run
    findrefresh()
  File "E:\hupai\component\imgcut.py", line 387, in findrefresh
    img = cv2.cvtColor(sc, cv2.COLOR_BGR2GRAY)  # 转灰度图
cv2.error: C:\projects\opencv-python\opencv\modules\imgproc\src\color.cpp:11073: error: (-215) depth == 0 || depth == 2 || depth == 5 in function cv::cvtColor

Wed, 18 Apr 2018 23:37:36 imgcut.py[line:372] ERROR cut_img 这里出错
Wed, 18 Apr 2018 23:37:36 imgcut.py[line:373] ERROR this is an exception message
Traceback (most recent call last):
  File "E:\hupai\component\imgcut.py", line 365, in cut_img
    set_val('imgpos_lowestprice', img[use_area[0][1]:use_area[0][3], use_area[0][0]:use_area[0][2]])  # ok
IndexError: list index out of range
Wed, 18 Apr 2018 23:37:36 app_thread.py[line:145] ERROR 刷新失败
Wed, 18 Apr 2018 23:37:36 app_thread.py[line:146] ERROR this is an exception message
Traceback (most recent call last):
  File "E:\hupai\component\app_thread.py", line 143, in run
    findrefresh()
  File "E:\hupai\component\imgcut.py", line 387, in findrefresh
    img = cv2.cvtColor(sc, cv2.COLOR_BGR2GRAY)  # 转灰度图
cv2.error: C:\projects\opencv-python\opencv\modules\imgproc\src\color.cpp:11073: error: (-215) depth == 0 || depth == 2 || depth == 5 in function cv::cvtColor

Wed, 18 Apr 2018 23:37:36 imgcut.py[line:372] ERROR cut_img 这里出错
Wed, 18 Apr 2018 23:37:36 imgcut.py[line:373] ERROR this is an exception message
Traceback (most recent call last):
  File "E:\hupai\component\imgcut.py", line 365, in cut_img
    set_val('imgpos_lowestprice', img[use_area[0][1]:use_area[0][3], use_area[0][0]:use_area[0][2]])  # ok
IndexError: list index out of range
Wed, 18 Apr 2018 23:37:36 app_thread.py[line:145] ERROR 刷新失败
Wed, 18 Apr 2018 23:37:36 app_thread.py[line:146] ERROR this is an exception message
Traceback (most recent call last):
  File "E:\hupai\component\app_thread.py", line 143, in run
    findrefresh()
  File "E:\hupai\component\imgcut.py", line 387, in findrefresh
    img = cv2.cvtColor(sc, cv2.COLOR_BGR2GRAY)  # 转灰度图
cv2.error: C:\projects\opencv-python\opencv\modules\imgproc\src\color.cpp:11073: error: (-215) depth == 0 || depth == 2 || depth == 5 in function cv::cvtColor

Wed, 18 Apr 2018 23:37:36 imgcut.py[line:372] ERROR cut_img 这里出错
Wed, 18 Apr 2018 23:37:36 imgcut.py[line:373] ERROR this is an exception message
Traceback (most recent call last):
  File "E:\hupai\component\imgcut.py", line 365, in cut_img
    set_val('imgpos_lowestprice', img[use_area[0][1]:use_area[0][3], use_area[0][0]:use_area[0][2]])  # ok
IndexError: list index out of range
Wed, 18 Apr 2018 23:37:36 app_thread.py[line:145] ERROR 刷新失败
Wed, 18 Apr 2018 23:37:36 app_thread.py[line:146] ERROR this is an exception message
Traceback (most recent call last):
  File "E:\hupai\component\app_thread.py", line 143, in run
    findrefresh()
  File "E:\hupai\component\imgcut.py", line 387, in findrefresh
    img = cv2.cvtColor(sc, cv2.COLOR_BGR2GRAY)  # 转灰度图
cv2.error: C:\projects\opencv-python\opencv\modules\imgproc\src\color.cpp:11073: error: (-215) depth == 0 || depth == 2 || depth == 5 in function cv::cvtColor

Wed, 18 Apr 2018 23:37:36 app_thread.py[line:145] ERROR 刷新失败
Wed, 18 Apr 2018 23:37:36 app_thread.py[line:146] ERROR this is an exception message
Traceback (most recent call last):
  File "E:\hupai\component\app_thread.py", line 143, in run
    findrefresh()
  File "E:\hupai\component\imgcut.py", line 387, in findrefresh
    img = cv2.cvtColor(sc, cv2.COLOR_BGR2GRAY)  # 转灰度图
cv2.error: C:\projects\opencv-python\opencv\modules\imgproc\src\color.cpp:11073: error: (-215) depth == 0 || depth == 2 || depth == 5 in function cv::cvtColor

Wed, 18 Apr 2018 23:37:36 imgcut.py[line:372] ERROR cut_img 这里出错
Wed, 18 Apr 2018 23:37:36 imgcut.py[line:373] ERROR this is an exception message
Traceback (most recent call last):
  File "E:\hupai\component\imgcut.py", line 365, in cut_img
    set_val('imgpos_lowestprice', img[use_area[0][1]:use_area[0][3], use_area[0][0]:use_area[0][2]])  # ok
IndexError: list index out of range
Wed, 18 Apr 2018 23:37:36 app_thread.py[line:145] ERROR 刷新失败
Wed, 18 Apr 2018 23:37:36 app_thread.py[line:146] ERROR this is an exception message
Traceback (most recent call last):
  File "E:\hupai\component\app_thread.py", line 143, in run
    findrefresh()
  File "E:\hupai\component\imgcut.py", line 387, in findrefresh
    img = cv2.cvtColor(sc, cv2.COLOR_BGR2GRAY)  # 转灰度图
cv2.error: C:\projects\opencv-python\opencv\modules\imgproc\src\color.cpp:11073: error: (-215) depth == 0 || depth == 2 || depth == 5 in function cv::cvtColor

Wed, 18 Apr 2018 23:37:36 imgcut.py[line:372] ERROR cut_img 这里出错
Wed, 18 Apr 2018 23:37:36 imgcut.py[line:373] ERROR this is an exception message
Traceback (most recent call last):
  File "E:\hupai\component\imgcut.py", line 365, in cut_img
    set_val('imgpos_lowestprice', img[use_area[0][1]:use_area[0][3], use_area[0][0]:use_area[0][2]])  # ok
IndexError: list index out of range
Wed, 18 Apr 2018 23:37:36 app_thread.py[line:145] ERROR 刷新失败
Wed, 18 Apr 2018 23:37:36 app_thread.py[line:146] ERROR this is an exception message
Traceback (most recent call last):
  File "E:\hupai\component\app_thread.py", line 143, in run
    findrefresh()
  File "E:\hupai\component\imgcut.py", line 387, in findrefresh
    img = cv2.cvtColor(sc, cv2.COLOR_BGR2GRAY)  # 转灰度图
cv2.error: C:\projects\opencv-python\opencv\modules\imgproc\src\color.cpp:11073: error: (-215) depth == 0 || depth == 2 || depth == 5 in function cv::cvtColor

Wed, 18 Apr 2018 23:37:36 imgcut.py[line:372] ERROR cut_img 这里出错
Wed, 18 Apr 2018 23:37:36 imgcut.py[line:373] ERROR this is an exception message
Traceback (most recent call last):
  File "E:\hupai\component\imgcut.py", line 365, in cut_img
    set_val('imgpos_lowestprice', img[use_area[0][1]:use_area[0][3], use_area[0][0]:use_area[0][2]])  # ok
IndexError: list index out of range
Wed, 18 Apr 2018 23:37:36 app_thread.py[line:145] ERROR 刷新失败
Wed, 18 Apr 2018 23:37:36 app_thread.py[line:146] ERROR this is an exception message
Traceback (most recent call last):
  File "E:\hupai\component\app_thread.py", line 143, in run
    findrefresh()
  File "E:\hupai\component\imgcut.py", line 387, in findrefresh
    img = cv2.cvtColor(sc, cv2.COLOR_BGR2GRAY)  # 转灰度图
cv2.error: C:\projects\opencv-python\opencv\modules\imgproc\src\color.cpp:11073: error: (-215) depth == 0 || depth == 2 || depth == 5 in function cv::cvtColor

Wed, 18 Apr 2018 23:37:36 app_thread.py[line:145] ERROR 刷新失败
Wed, 18 Apr 2018 23:37:36 app_thread.py[line:146] ERROR this is an exception message
Traceback (most recent call last):
  File "E:\hupai\component\app_thread.py", line 143, in run
    findrefresh()
  File "E:\hupai\component\imgcut.py", line 387, in findrefresh
    img = cv2.cvtColor(sc, cv2.COLOR_BGR2GRAY)  # 转灰度图
cv2.error: C:\projects\opencv-python\opencv\modules\imgproc\src\color.cpp:11073: error: (-215) depth == 0 || depth == 2 || depth == 5 in function cv::cvtColor

Wed, 18 Apr 2018 23:37:36 imgcut.py[line:372] ERROR cut_img 这里出错
Wed, 18 Apr 2018 23:37:36 imgcut.py[line:373] ERROR this is an exception message
Traceback (most recent call last):
  File "E:\hupai\component\imgcut.py", line 365, in cut_img
    set_val('imgpos_lowestprice', img[use_area[0][1]:use_area[0][3], use_area[0][0]:use_area[0][2]])  # ok
IndexError: list index out of range
Wed, 18 Apr 2018 23:37:36 app_thread.py[line:145] ERROR 刷新失败
Wed, 18 Apr 2018 23:37:36 app_thread.py[line:146] ERROR this is an exception message
Traceback (most recent call last):
  File "E:\hupai\component\app_thread.py", line 143, in run
    findrefresh()
  File "E:\hupai\component\imgcut.py", line 387, in findrefresh
    img = cv2.cvtColor(sc, cv2.COLOR_BGR2GRAY)  # 转灰度图
cv2.error: C:\projects\opencv-python\opencv\modules\imgproc\src\color.cpp:11073: error: (-215) depth == 0 || depth == 2 || depth == 5 in function cv::cvtColor

Wed, 18 Apr 2018 23:37:36 imgcut.py[line:372] ERROR cut_img 这里出错
Wed, 18 Apr 2018 23:37:36 imgcut.py[line:373] ERROR this is an exception message
Traceback (most recent call last):
  File "E:\hupai\component\imgcut.py", line 365, in cut_img
    set_val('imgpos_lowestprice', img[use_area[0][1]:use_area[0][3], use_area[0][0]:use_area[0][2]])  # ok
IndexError: list index out of range
Wed, 18 Apr 2018 23:37:36 app_thread.py[line:145] ERROR 刷新失败
Wed, 18 Apr 2018 23:37:36 app_thread.py[line:146] ERROR this is an exception message
Traceback (most recent call last):
  File "E:\hupai\component\app_thread.py", line 143, in run
    findrefresh()
  File "E:\hupai\component\imgcut.py", line 387, in findrefresh
    img = cv2.cvtColor(sc, cv2.COLOR_BGR2GRAY)  # 转灰度图
cv2.error: C:\projects\opencv-python\opencv\modules\imgproc\src\color.cpp:11073: error: (-215) depth == 0 || depth == 2 || depth == 5 in function cv::cvtColor

Wed, 18 Apr 2018 23:37:36 app_thread.py[line:145] ERROR 刷新失败
Wed, 18 Apr 2018 23:37:36 app_thread.py[line:146] ERROR this is an exception message
Traceback (most recent call last):
  File "E:\hupai\component\app_thread.py", line 143, in run
    findrefresh()
  File "E:\hupai\component\imgcut.py", line 387, in findrefresh
    img = cv2.cvtColor(sc, cv2.COLOR_BGR2GRAY)  # 转灰度图
cv2.error: C:\projects\opencv-python\opencv\modules\imgproc\src\color.cpp:11073: error: (-215) depth == 0 || depth == 2 || depth == 5 in function cv::cvtColor

Wed, 18 Apr 2018 23:37:36 imgcut.py[line:372] ERROR cut_img 这里出错
Wed, 18 Apr 2018 23:37:36 imgcut.py[line:373] ERROR this is an exception message
Traceback (most recent call last):
  File "E:\hupai\component\imgcut.py", line 365, in cut_img
    set_val('imgpos_lowestprice', img[use_area[0][1]:use_area[0][3], use_area[0][0]:use_area[0][2]])  # ok
IndexError: list index out of range
Wed, 18 Apr 2018 23:37:36 app_thread.py[line:145] ERROR 刷新失败
Wed, 18 Apr 2018 23:37:36 app_thread.py[line:146] ERROR this is an exception message
Traceback (most recent call last):
  File "E:\hupai\component\app_thread.py", line 143, in run
    findrefresh()
  File "E:\hupai\component\imgcut.py", line 387, in findrefresh
    img = cv2.cvtColor(sc, cv2.COLOR_BGR2GRAY)  # 转灰度图
cv2.error: C:\projects\opencv-python\opencv\modules\imgproc\src\color.cpp:11073: error: (-215) depth == 0 || depth == 2 || depth == 5 in function cv::cvtColor

Wed, 18 Apr 2018 23:37:36 app_thread.py[line:145] ERROR 刷新失败
Wed, 18 Apr 2018 23:37:36 app_thread.py[line:146] ERROR this is an exception message
Traceback (most recent call last):
  File "E:\hupai\component\app_thread.py", line 143, in run
    findrefresh()
  File "E:\hupai\component\imgcut.py", line 387, in findrefresh
    img = cv2.cvtColor(sc, cv2.COLOR_BGR2GRAY)  # 转灰度图
cv2.error: C:\projects\opencv-python\opencv\modules\imgproc\src\color.cpp:11073: error: (-215) depth == 0 || depth == 2 || depth == 5 in function cv::cvtColor

Wed, 18 Apr 2018 23:37:36 imgcut.py[line:372] ERROR cut_img 这里出错
Wed, 18 Apr 2018 23:37:36 imgcut.py[line:373] ERROR this is an exception message
Traceback (most recent call last):
  File "E:\hupai\component\imgcut.py", line 365, in cut_img
    set_val('imgpos_lowestprice', img[use_area[0][1]:use_area[0][3], use_area[0][0]:use_area[0][2]])  # ok
IndexError: list index out of range
Wed, 18 Apr 2018 23:37:36 app_thread.py[line:145] ERROR 刷新失败
Wed, 18 Apr 2018 23:37:36 app_thread.py[line:146] ERROR this is an exception message
Traceback (most recent call last):
  File "E:\hupai\component\app_thread.py", line 143, in run
    findrefresh()
  File "E:\hupai\component\imgcut.py", line 387, in findrefresh
    img = cv2.cvtColor(sc, cv2.COLOR_BGR2GRAY)  # 转灰度图
cv2.error: C:\projects\opencv-python\opencv\modules\imgproc\src\color.cpp:11073: error: (-215) depth == 0 || depth == 2 || depth == 5 in function cv::cvtColor

Wed, 18 Apr 2018 23:37:36 app_thread.py[line:145] ERROR 刷新失败
Wed, 18 Apr 2018 23:37:36 app_thread.py[line:146] ERROR this is an exception message
Traceback (most recent call last):
  File "E:\hupai\component\app_thread.py", line 143, in run
    findrefresh()
  File "E:\hupai\component\imgcut.py", line 387, in findrefresh
    img = cv2.cvtColor(sc, cv2.COLOR_BGR2GRAY)  # 转灰度图
cv2.error: C:\projects\opencv-python\opencv\modules\imgproc\src\color.cpp:11073: error: (-215) depth == 0 || depth == 2 || depth == 5 in function cv::cvtColor

Wed, 18 Apr 2018 23:37:37 imgcut.py[line:372] ERROR cut_img 这里出错
Wed, 18 Apr 2018 23:37:37 imgcut.py[line:373] ERROR this is an exception message
Traceback (most recent call last):
  File "E:\hupai\component\imgcut.py", line 365, in cut_img
    set_val('imgpos_lowestprice', img[use_area[0][1]:use_area[0][3], use_area[0][0]:use_area[0][2]])  # ok
IndexError: list index out of range
Wed, 18 Apr 2018 23:37:37 app_thread.py[line:145] ERROR 刷新失败
Wed, 18 Apr 2018 23:37:37 app_thread.py[line:146] ERROR this is an exception message
Traceback (most recent call last):
  File "E:\hupai\component\app_thread.py", line 143, in run
    findrefresh()
  File "E:\hupai\component\imgcut.py", line 387, in findrefresh
    img = cv2.cvtColor(sc, cv2.COLOR_BGR2GRAY)  # 转灰度图
cv2.error: C:\projects\opencv-python\opencv\modules\imgproc\src\color.cpp:11073: error: (-215) depth == 0 || depth == 2 || depth == 5 in function cv::cvtColor

Wed, 18 Apr 2018 23:37:37 imgcut.py[line:372] ERROR cut_img 这里出错
Wed, 18 Apr 2018 23:37:37 imgcut.py[line:373] ERROR this is an exception message
Traceback (most recent call last):
  File "E:\hupai\component\imgcut.py", line 365, in cut_img
    set_val('imgpos_lowestprice', img[use_area[0][1]:use_area[0][3], use_area[0][0]:use_area[0][2]])  # ok
IndexError: list index out of range
Wed, 18 Apr 2018 23:37:37 app_thread.py[line:145] ERROR 刷新失败
Wed, 18 Apr 2018 23:37:37 app_thread.py[line:146] ERROR this is an exception message
Traceback (most recent call last):
  File "E:\hupai\component\app_thread.py", line 143, in run
    findrefresh()
  File "E:\hupai\component\imgcut.py", line 387, in findrefresh
    img = cv2.cvtColor(sc, cv2.COLOR_BGR2GRAY)  # 转灰度图
cv2.error: C:\projects\opencv-python\opencv\modules\imgproc\src\color.cpp:11073: error: (-215) depth == 0 || depth == 2 || depth == 5 in function cv::cvtColor

Wed, 18 Apr 2018 23:37:37 imgcut.py[line:372] ERROR cut_img 这里出错
Wed, 18 Apr 2018 23:37:37 imgcut.py[line:373] ERROR this is an exception message
Traceback (most recent call last):
  File "E:\hupai\component\imgcut.py", line 365, in cut_img
    set_val('imgpos_lowestprice', img[use_area[0][1]:use_area[0][3], use_area[0][0]:use_area[0][2]])  # ok
IndexError: list index out of range
Wed, 18 Apr 2018 23:37:37 app_thread.py[line:145] ERROR 刷新失败
Wed, 18 Apr 2018 23:37:37 app_thread.py[line:146] ERROR this is an exception message
Traceback (most recent call last):
  File "E:\hupai\component\app_thread.py", line 143, in run
    findrefresh()
  File "E:\hupai\component\imgcut.py", line 387, in findrefresh
    img = cv2.cvtColor(sc, cv2.COLOR_BGR2GRAY)  # 转灰度图
cv2.error: C:\projects\opencv-python\opencv\modules\imgproc\src\color.cpp:11073: error: (-215) depth == 0 || depth == 2 || depth == 5 in function cv::cvtColor

Wed, 18 Apr 2018 23:37:37 app_thread.py[line:145] ERROR 刷新失败
Wed, 18 Apr 2018 23:37:37 app_thread.py[line:146] ERROR this is an exception message
Traceback (most recent call last):
  File "E:\hupai\component\app_thread.py", line 143, in run
    findrefresh()
  File "E:\hupai\component\imgcut.py", line 387, in findrefresh
    img = cv2.cvtColor(sc, cv2.COLOR_BGR2GRAY)  # 转灰度图
cv2.error: C:\projects\opencv-python\opencv\modules\imgproc\src\color.cpp:11073: error: (-215) depth == 0 || depth == 2 || depth == 5 in function cv::cvtColor

Wed, 18 Apr 2018 23:37:37 imgcut.py[line:372] ERROR cut_img 这里出错
Wed, 18 Apr 2018 23:37:37 imgcut.py[line:373] ERROR this is an exception message
Traceback (most recent call last):
  File "E:\hupai\component\imgcut.py", line 365, in cut_img
    set_val('imgpos_lowestprice', img[use_area[0][1]:use_area[0][3], use_area[0][0]:use_area[0][2]])  # ok
IndexError: list index out of range
Wed, 18 Apr 2018 23:37:37 app_thread.py[line:145] ERROR 刷新失败
Wed, 18 Apr 2018 23:37:37 app_thread.py[line:146] ERROR this is an exception message
Traceback (most recent call last):
  File "E:\hupai\component\app_thread.py", line 143, in run
    findrefresh()
  File "E:\hupai\component\imgcut.py", line 387, in findrefresh
    img = cv2.cvtColor(sc, cv2.COLOR_BGR2GRAY)  # 转灰度图
cv2.error: C:\projects\opencv-python\opencv\modules\imgproc\src\color.cpp:11073: error: (-215) depth == 0 || depth == 2 || depth == 5 in function cv::cvtColor

Wed, 18 Apr 2018 23:37:37 imgcut.py[line:372] ERROR cut_img 这里出错
Wed, 18 Apr 2018 23:37:37 imgcut.py[line:373] ERROR this is an exception message
Traceback (most recent call last):
  File "E:\hupai\component\imgcut.py", line 365, in cut_img
    set_val('imgpos_lowestprice', img[use_area[0][1]:use_area[0][3], use_area[0][0]:use_area[0][2]])  # ok
IndexError: list index out of range
Wed, 18 Apr 2018 23:37:37 app_thread.py[line:145] ERROR 刷新失败
Wed, 18 Apr 2018 23:37:37 app_thread.py[line:146] ERROR this is an exception message
Traceback (most recent call last):
  File "E:\hupai\component\app_thread.py", line 143, in run
    findrefresh()
  File "E:\hupai\component\imgcut.py", line 387, in findrefresh
    img = cv2.cvtColor(sc, cv2.COLOR_BGR2GRAY)  # 转灰度图
cv2.error: C:\projects\opencv-python\opencv\modules\imgproc\src\color.cpp:11073: error: (-215) depth == 0 || depth == 2 || depth == 5 in function cv::cvtColor

Wed, 18 Apr 2018 23:37:37 imgcut.py[line:372] ERROR cut_img 这里出错
Wed, 18 Apr 2018 23:37:37 imgcut.py[line:373] ERROR this is an exception message
Traceback (most recent call last):
  File "E:\hupai\component\imgcut.py", line 365, in cut_img
    set_val('imgpos_lowestprice', img[use_area[0][1]:use_area[0][3], use_area[0][0]:use_area[0][2]])  # ok
IndexError: list index out of range
Wed, 18 Apr 2018 23:37:37 app_thread.py[line:145] ERROR 刷新失败
Wed, 18 Apr 2018 23:37:37 app_thread.py[line:146] ERROR this is an exception message
Traceback (most recent call last):
  File "E:\hupai\component\app_thread.py", line 143, in run
    findrefresh()
  File "E:\hupai\component\imgcut.py", line 387, in findrefresh
    img = cv2.cvtColor(sc, cv2.COLOR_BGR2GRAY)  # 转灰度图
cv2.error: C:\projects\opencv-python\opencv\modules\imgproc\src\color.cpp:11073: error: (-215) depth == 0 || depth == 2 || depth == 5 in function cv::cvtColor

Wed, 18 Apr 2018 23:37:37 imgcut.py[line:372] ERROR cut_img 这里出错
Wed, 18 Apr 2018 23:37:37 imgcut.py[line:373] ERROR this is an exception message
Traceback (most recent call last):
  File "E:\hupai\component\imgcut.py", line 365, in cut_img
    set_val('imgpos_lowestprice', img[use_area[0][1]:use_area[0][3], use_area[0][0]:use_area[0][2]])  # ok
IndexError: list index out of range
Wed, 18 Apr 2018 23:37:37 app_thread.py[line:145] ERROR 刷新失败
Wed, 18 Apr 2018 23:37:37 app_thread.py[line:146] ERROR this is an exception message
Traceback (most recent call last):
  File "E:\hupai\component\app_thread.py", line 143, in run
    findrefresh()
  File "E:\hupai\component\imgcut.py", line 387, in findrefresh
    img = cv2.cvtColor(sc, cv2.COLOR_BGR2GRAY)  # 转灰度图
cv2.error: C:\projects\opencv-python\opencv\modules\imgproc\src\color.cpp:11073: error: (-215) depth == 0 || depth == 2 || depth == 5 in function cv::cvtColor

Wed, 18 Apr 2018 23:37:37 imgcut.py[line:372] ERROR cut_img 这里出错
Wed, 18 Apr 2018 23:37:37 imgcut.py[line:373] ERROR this is an exception message
Traceback (most recent call last):
  File "E:\hupai\component\imgcut.py", line 365, in cut_img
    set_val('imgpos_lowestprice', img[use_area[0][1]:use_area[0][3], use_area[0][0]:use_area[0][2]])  # ok
IndexError: list index out of range
Wed, 18 Apr 2018 23:37:37 app_thread.py[line:145] ERROR 刷新失败
Wed, 18 Apr 2018 23:37:37 app_thread.py[line:146] ERROR this is an exception message
Traceback (most recent call last):
  File "E:\hupai\component\app_thread.py", line 143, in run
    findrefresh()
  File "E:\hupai\component\imgcut.py", line 387, in findrefresh
    img = cv2.cvtColor(sc, cv2.COLOR_BGR2GRAY)  # 转灰度图
cv2.error: C:\projects\opencv-python\opencv\modules\imgproc\src\color.cpp:11073: error: (-215) depth == 0 || depth == 2 || depth == 5 in function cv::cvtColor

Wed, 18 Apr 2018 23:37:37 imgcut.py[line:372] ERROR cut_img 这里出错
Wed, 18 Apr 2018 23:37:37 imgcut.py[line:373] ERROR this is an exception message
Traceback (most recent call last):
  File "E:\hupai\component\imgcut.py", line 365, in cut_img
    set_val('imgpos_lowestprice', img[use_area[0][1]:use_area[0][3], use_area[0][0]:use_area[0][2]])  # ok
IndexError: list index out of range
Wed, 18 Apr 2018 23:37:37 app_thread.py[line:145] ERROR 刷新失败
Wed, 18 Apr 2018 23:37:37 app_thread.py[line:146] ERROR this is an exception message
Traceback (most recent call last):
  File "E:\hupai\component\app_thread.py", line 143, in run
    findrefresh()
  File "E:\hupai\component\imgcut.py", line 387, in findrefresh
    img = cv2.cvtColor(sc, cv2.COLOR_BGR2GRAY)  # 转灰度图
cv2.error: C:\projects\opencv-python\opencv\modules\imgproc\src\color.cpp:11073: error: (-215) depth == 0 || depth == 2 || depth == 5 in function cv::cvtColor

Wed, 18 Apr 2018 23:37:37 imgcut.py[line:372] ERROR cut_img 这里出错
Wed, 18 Apr 2018 23:37:37 imgcut.py[line:373] ERROR this is an exception message
Traceback (most recent call last):
  File "E:\hupai\component\imgcut.py", line 365, in cut_img
    set_val('imgpos_lowestprice', img[use_area[0][1]:use_area[0][3], use_area[0][0]:use_area[0][2]])  # ok
IndexError: list index out of range
Wed, 18 Apr 2018 23:37:37 app_thread.py[line:145] ERROR 刷新失败
Wed, 18 Apr 2018 23:37:37 app_thread.py[line:146] ERROR this is an exception message
Traceback (most recent call last):
  File "E:\hupai\component\app_thread.py", line 143, in run
    findrefresh()
  File "E:\hupai\component\imgcut.py", line 387, in findrefresh
    img = cv2.cvtColor(sc, cv2.COLOR_BGR2GRAY)  # 转灰度图
cv2.error: C:\projects\opencv-python\opencv\modules\imgproc\src\color.cpp:11073: error: (-215) depth == 0 || depth == 2 || depth == 5 in function cv::cvtColor

Wed, 18 Apr 2018 23:37:37 imgcut.py[line:372] ERROR cut_img 这里出错
Wed, 18 Apr 2018 23:37:37 imgcut.py[line:373] ERROR this is an exception message
Traceback (most recent call last):
  File "E:\hupai\component\imgcut.py", line 365, in cut_img
    set_val('imgpos_lowestprice', img[use_area[0][1]:use_area[0][3], use_area[0][0]:use_area[0][2]])  # ok
IndexError: list index out of range
Wed, 18 Apr 2018 23:37:37 app_thread.py[line:145] ERROR 刷新失败
Wed, 18 Apr 2018 23:37:37 app_thread.py[line:146] ERROR this is an exception message
Traceback (most recent call last):
  File "E:\hupai\component\app_thread.py", line 143, in run
    findrefresh()
  File "E:\hupai\component\imgcut.py", line 387, in findrefresh
    img = cv2.cvtColor(sc, cv2.COLOR_BGR2GRAY)  # 转灰度图
cv2.error: C:\projects\opencv-python\opencv\modules\imgproc\src\color.cpp:11073: error: (-215) depth == 0 || depth == 2 || depth == 5 in function cv::cvtColor

Wed, 18 Apr 2018 23:37:37 app_thread.py[line:145] ERROR 刷新失败
Wed, 18 Apr 2018 23:37:37 app_thread.py[line:146] ERROR this is an exception message
Traceback (most recent call last):
  File "E:\hupai\component\app_thread.py", line 143, in run
    findrefresh()
  File "E:\hupai\component\imgcut.py", line 387, in findrefresh
    img = cv2.cvtColor(sc, cv2.COLOR_BGR2GRAY)  # 转灰度图
cv2.error: C:\projects\opencv-python\opencv\modules\imgproc\src\color.cpp:11073: error: (-215) depth == 0 || depth == 2 || depth == 5 in function cv::cvtColor

Wed, 18 Apr 2018 23:37:37 imgcut.py[line:372] ERROR cut_img 这里出错
Wed, 18 Apr 2018 23:37:37 imgcut.py[line:373] ERROR this is an exception message
Traceback (most recent call last):
  File "E:\hupai\component\imgcut.py", line 365, in cut_img
    set_val('imgpos_lowestprice', img[use_area[0][1]:use_area[0][3], use_area[0][0]:use_area[0][2]])  # ok
IndexError: list index out of range
Wed, 18 Apr 2018 23:37:37 app_thread.py[line:145] ERROR 刷新失败
Wed, 18 Apr 2018 23:37:37 app_thread.py[line:146] ERROR this is an exception message
Traceback (most recent call last):
  File "E:\hupai\component\app_thread.py", line 143, in run
    findrefresh()
  File "E:\hupai\component\imgcut.py", line 387, in findrefresh
    img = cv2.cvtColor(sc, cv2.COLOR_BGR2GRAY)  # 转灰度图
cv2.error: C:\projects\opencv-python\opencv\modules\imgproc\src\color.cpp:11073: error: (-215) depth == 0 || depth == 2 || depth == 5 in function cv::cvtColor

Wed, 18 Apr 2018 23:37:37 app_thread.py[line:145] ERROR 刷新失败
Wed, 18 Apr 2018 23:37:37 app_thread.py[line:146] ERROR this is an exception message
Traceback (most recent call last):
  File "E:\hupai\component\app_thread.py", line 143, in run
    findrefresh()
  File "E:\hupai\component\imgcut.py", line 387, in findrefresh
    img = cv2.cvtColor(sc, cv2.COLOR_BGR2GRAY)  # 转灰度图
cv2.error: C:\projects\opencv-python\opencv\modules\imgproc\src\color.cpp:11073: error: (-215) depth == 0 || depth == 2 || depth == 5 in function cv::cvtColor

Wed, 18 Apr 2018 23:37:37 imgcut.py[line:372] ERROR cut_img 这里出错
Wed, 18 Apr 2018 23:37:37 imgcut.py[line:373] ERROR this is an exception message
Traceback (most recent call last):
  File "E:\hupai\component\imgcut.py", line 365, in cut_img
    set_val('imgpos_lowestprice', img[use_area[0][1]:use_area[0][3], use_area[0][0]:use_area[0][2]])  # ok
IndexError: list index out of range
Wed, 18 Apr 2018 23:37:38 app_thread.py[line:145] ERROR 刷新失败
Wed, 18 Apr 2018 23:37:38 app_thread.py[line:146] ERROR this is an exception message
Traceback (most recent call last):
  File "E:\hupai\component\app_thread.py", line 143, in run
    findrefresh()
  File "E:\hupai\component\imgcut.py", line 387, in findrefresh
    img = cv2.cvtColor(sc, cv2.COLOR_BGR2GRAY)  # 转灰度图
cv2.error: C:\projects\opencv-python\opencv\modules\imgproc\src\color.cpp:11073: error: (-215) depth == 0 || depth == 2 || depth == 5 in function cv::cvtColor

Wed, 18 Apr 2018 23:37:38 imgcut.py[line:372] ERROR cut_img 这里出错
Wed, 18 Apr 2018 23:37:38 app_thread.py[line:145] ERROR 刷新失败
Wed, 18 Apr 2018 23:37:38 imgcut.py[line:373] ERROR this is an exception message
Traceback (most recent call last):
  File "E:\hupai\component\imgcut.py", line 365, in cut_img
    set_val('imgpos_lowestprice', img[use_area[0][1]:use_area[0][3], use_area[0][0]:use_area[0][2]])  # ok
IndexError: list index out of range
Wed, 18 Apr 2018 23:37:38 app_thread.py[line:146] ERROR this is an exception message
Traceback (most recent call last):
  File "E:\hupai\component\app_thread.py", line 143, in run
    findrefresh()
  File "E:\hupai\component\imgcut.py", line 387, in findrefresh
    img = cv2.cvtColor(sc, cv2.COLOR_BGR2GRAY)  # 转灰度图
cv2.error: C:\projects\opencv-python\opencv\modules\imgproc\src\color.cpp:11073: error: (-215) depth == 0 || depth == 2 || depth == 5 in function cv::cvtColor

Wed, 18 Apr 2018 23:37:38 app_thread.py[line:145] ERROR 刷新失败
Wed, 18 Apr 2018 23:37:38 app_thread.py[line:146] ERROR this is an exception message
Traceback (most recent call last):
  File "E:\hupai\component\app_thread.py", line 143, in run
    findrefresh()
  File "E:\hupai\component\imgcut.py", line 387, in findrefresh
    img = cv2.cvtColor(sc, cv2.COLOR_BGR2GRAY)  # 转灰度图
cv2.error: C:\projects\opencv-python\opencv\modules\imgproc\src\color.cpp:11073: error: (-215) depth == 0 || depth == 2 || depth == 5 in function cv::cvtColor

Wed, 18 Apr 2018 23:37:38 imgcut.py[line:372] ERROR cut_img 这里出错
Wed, 18 Apr 2018 23:37:38 imgcut.py[line:373] ERROR this is an exception message
Traceback (most recent call last):
  File "E:\hupai\component\imgcut.py", line 365, in cut_img
    set_val('imgpos_lowestprice', img[use_area[0][1]:use_area[0][3], use_area[0][0]:use_area[0][2]])  # ok
IndexError: list index out of range
Wed, 18 Apr 2018 23:37:38 app_thread.py[line:145] ERROR 刷新失败
Wed, 18 Apr 2018 23:37:38 app_thread.py[line:146] ERROR this is an exception message
Traceback (most recent call last):
  File "E:\hupai\component\app_thread.py", line 143, in run
    findrefresh()
  File "E:\hupai\component\imgcut.py", line 387, in findrefresh
    img = cv2.cvtColor(sc, cv2.COLOR_BGR2GRAY)  # 转灰度图
cv2.error: C:\projects\opencv-python\opencv\modules\imgproc\src\color.cpp:11073: error: (-215) depth == 0 || depth == 2 || depth == 5 in function cv::cvtColor

Wed, 18 Apr 2018 23:37:38 app_thread.py[line:145] ERROR 刷新失败
Wed, 18 Apr 2018 23:37:38 app_thread.py[line:146] ERROR this is an exception message
Traceback (most recent call last):
  File "E:\hupai\component\app_thread.py", line 143, in run
    findrefresh()
  File "E:\hupai\component\imgcut.py", line 387, in findrefresh
    img = cv2.cvtColor(sc, cv2.COLOR_BGR2GRAY)  # 转灰度图
cv2.error: C:\projects\opencv-python\opencv\modules\imgproc\src\color.cpp:11073: error: (-215) depth == 0 || depth == 2 || depth == 5 in function cv::cvtColor

Wed, 18 Apr 2018 23:37:38 imgcut.py[line:372] ERROR cut_img 这里出错
Wed, 18 Apr 2018 23:37:38 imgcut.py[line:373] ERROR this is an exception message
Traceback (most recent call last):
  File "E:\hupai\component\imgcut.py", line 365, in cut_img
    set_val('imgpos_lowestprice', img[use_area[0][1]:use_area[0][3], use_area[0][0]:use_area[0][2]])  # ok
IndexError: list index out of range
Wed, 18 Apr 2018 23:37:38 app_thread.py[line:145] ERROR 刷新失败
Wed, 18 Apr 2018 23:37:38 app_thread.py[line:146] ERROR this is an exception message
Traceback (most recent call last):
  File "E:\hupai\component\app_thread.py", line 143, in run
    findrefresh()
  File "E:\hupai\component\imgcut.py", line 387, in findrefresh
    img = cv2.cvtColor(sc, cv2.COLOR_BGR2GRAY)  # 转灰度图
cv2.error: C:\projects\opencv-python\opencv\modules\imgproc\src\color.cpp:11073: error: (-215) depth == 0 || depth == 2 || depth == 5 in function cv::cvtColor

Wed, 18 Apr 2018 23:37:38 imgcut.py[line:372] ERROR cut_img 这里出错
Wed, 18 Apr 2018 23:37:38 imgcut.py[line:373] ERROR this is an exception message
Traceback (most recent call last):
  File "E:\hupai\component\imgcut.py", line 365, in cut_img
    set_val('imgpos_lowestprice', img[use_area[0][1]:use_area[0][3], use_area[0][0]:use_area[0][2]])  # ok
IndexError: list index out of range
Wed, 18 Apr 2018 23:37:38 app_thread.py[line:145] ERROR 刷新失败
Wed, 18 Apr 2018 23:37:38 app_thread.py[line:146] ERROR this is an exception message
Traceback (most recent call last):
  File "E:\hupai\component\app_thread.py", line 143, in run
    findrefresh()
  File "E:\hupai\component\imgcut.py", line 387, in findrefresh
    img = cv2.cvtColor(sc, cv2.COLOR_BGR2GRAY)  # 转灰度图
cv2.error: C:\projects\opencv-python\opencv\modules\imgproc\src\color.cpp:11073: error: (-215) depth == 0 || depth == 2 || depth == 5 in function cv::cvtColor

Wed, 18 Apr 2018 23:37:38 app_thread.py[line:145] ERROR 刷新失败
Wed, 18 Apr 2018 23:37:38 app_thread.py[line:146] ERROR this is an exception message
Traceback (most recent call last):
  File "E:\hupai\component\app_thread.py", line 143, in run
    findrefresh()
  File "E:\hupai\component\imgcut.py", line 387, in findrefresh
    img = cv2.cvtColor(sc, cv2.COLOR_BGR2GRAY)  # 转灰度图
cv2.error: C:\projects\opencv-python\opencv\modules\imgproc\src\color.cpp:11073: error: (-215) depth == 0 || depth == 2 || depth == 5 in function cv::cvtColor

Wed, 18 Apr 2018 23:37:38 imgcut.py[line:372] ERROR cut_img 这里出错
Wed, 18 Apr 2018 23:37:38 imgcut.py[line:373] ERROR this is an exception message
Traceback (most recent call last):
  File "E:\hupai\component\imgcut.py", line 365, in cut_img
    set_val('imgpos_lowestprice', img[use_area[0][1]:use_area[0][3], use_area[0][0]:use_area[0][2]])  # ok
IndexError: list index out of range
Wed, 18 Apr 2018 23:37:38 app_thread.py[line:145] ERROR 刷新失败
Wed, 18 Apr 2018 23:37:38 app_thread.py[line:146] ERROR this is an exception message
Traceback (most recent call last):
  File "E:\hupai\component\app_thread.py", line 143, in run
    findrefresh()
  File "E:\hupai\component\imgcut.py", line 387, in findrefresh
    img = cv2.cvtColor(sc, cv2.COLOR_BGR2GRAY)  # 转灰度图
cv2.error: C:\projects\opencv-python\opencv\modules\imgproc\src\color.cpp:11073: error: (-215) depth == 0 || depth == 2 || depth == 5 in function cv::cvtColor

Wed, 18 Apr 2018 23:37:38 app_thread.py[line:145] ERROR 刷新失败
Wed, 18 Apr 2018 23:37:38 app_thread.py[line:146] ERROR this is an exception message
Traceback (most recent call last):
  File "E:\hupai\component\app_thread.py", line 143, in run
    findrefresh()
  File "E:\hupai\component\imgcut.py", line 387, in findrefresh
    img = cv2.cvtColor(sc, cv2.COLOR_BGR2GRAY)  # 转灰度图
cv2.error: C:\projects\opencv-python\opencv\modules\imgproc\src\color.cpp:11073: error: (-215) depth == 0 || depth == 2 || depth == 5 in function cv::cvtColor

Wed, 18 Apr 2018 23:37:38 imgcut.py[line:372] ERROR cut_img 这里出错
Wed, 18 Apr 2018 23:37:38 imgcut.py[line:373] ERROR this is an exception message
Traceback (most recent call last):
  File "E:\hupai\component\imgcut.py", line 365, in cut_img
    set_val('imgpos_lowestprice', img[use_area[0][1]:use_area[0][3], use_area[0][0]:use_area[0][2]])  # ok
IndexError: list index out of range
Wed, 18 Apr 2018 23:37:38 app_thread.py[line:145] ERROR 刷新失败
Wed, 18 Apr 2018 23:37:38 app_thread.py[line:146] ERROR this is an exception message
Traceback (most recent call last):
  File "E:\hupai\component\app_thread.py", line 143, in run
    findrefresh()
  File "E:\hupai\component\imgcut.py", line 387, in findrefresh
    img = cv2.cvtColor(sc, cv2.COLOR_BGR2GRAY)  # 转灰度图
cv2.error: C:\projects\opencv-python\opencv\modules\imgproc\src\color.cpp:11073: error: (-215) depth == 0 || depth == 2 || depth == 5 in function cv::cvtColor

Wed, 18 Apr 2018 23:37:38 imgcut.py[line:372] ERROR cut_img 这里出错
Wed, 18 Apr 2018 23:37:38 imgcut.py[line:373] ERROR this is an exception message
Traceback (most recent call last):
  File "E:\hupai\component\imgcut.py", line 365, in cut_img
    set_val('imgpos_lowestprice', img[use_area[0][1]:use_area[0][3], use_area[0][0]:use_area[0][2]])  # ok
IndexError: list index out of range
Wed, 18 Apr 2018 23:37:38 app_thread.py[line:145] ERROR 刷新失败
Wed, 18 Apr 2018 23:37:38 app_thread.py[line:146] ERROR this is an exception message
Traceback (most recent call last):
  File "E:\hupai\component\app_thread.py", line 143, in run
    findrefresh()
  File "E:\hupai\component\imgcut.py", line 387, in findrefresh
    img = cv2.cvtColor(sc, cv2.COLOR_BGR2GRAY)  # 转灰度图
cv2.error: C:\projects\opencv-python\opencv\modules\imgproc\src\color.cpp:11073: error: (-215) depth == 0 || depth == 2 || depth == 5 in function cv::cvtColor

Wed, 18 Apr 2018 23:37:38 imgcut.py[line:372] ERROR cut_img 这里出错
Wed, 18 Apr 2018 23:37:38 imgcut.py[line:373] ERROR this is an exception message
Traceback (most recent call last):
  File "E:\hupai\component\imgcut.py", line 365, in cut_img
    set_val('imgpos_lowestprice', img[use_area[0][1]:use_area[0][3], use_area[0][0]:use_area[0][2]])  # ok
IndexError: list index out of range
Wed, 18 Apr 2018 23:37:38 app_thread.py[line:145] ERROR 刷新失败
Wed, 18 Apr 2018 23:37:38 app_thread.py[line:146] ERROR this is an exception message
Traceback (most recent call last):
  File "E:\hupai\component\app_thread.py", line 143, in run
    findrefresh()
  File "E:\hupai\component\imgcut.py", line 387, in findrefresh
    img = cv2.cvtColor(sc, cv2.COLOR_BGR2GRAY)  # 转灰度图
cv2.error: C:\projects\opencv-python\opencv\modules\imgproc\src\color.cpp:11073: error: (-215) depth == 0 || depth == 2 || depth == 5 in function cv::cvtColor

Wed, 18 Apr 2018 23:37:38 imgcut.py[line:372] ERROR cut_img 这里出错
Wed, 18 Apr 2018 23:37:38 imgcut.py[line:373] ERROR this is an exception message
Traceback (most recent call last):
  File "E:\hupai\component\imgcut.py", line 365, in cut_img
    set_val('imgpos_lowestprice', img[use_area[0][1]:use_area[0][3], use_area[0][0]:use_area[0][2]])  # ok
IndexError: list index out of range
Wed, 18 Apr 2018 23:37:38 app_thread.py[line:145] ERROR 刷新失败
Wed, 18 Apr 2018 23:37:38 app_thread.py[line:146] ERROR this is an exception message
Traceback (most recent call last):
  File "E:\hupai\component\app_thread.py", line 143, in run
    findrefresh()
  File "E:\hupai\component\imgcut.py", line 387, in findrefresh
    img = cv2.cvtColor(sc, cv2.COLOR_BGR2GRAY)  # 转灰度图
cv2.error: C:\projects\opencv-python\opencv\modules\imgproc\src\color.cpp:11073: error: (-215) depth == 0 || depth == 2 || depth == 5 in function cv::cvtColor

Wed, 18 Apr 2018 23:37:38 app_thread.py[line:145] ERROR 刷新失败
Wed, 18 Apr 2018 23:37:38 app_thread.py[line:146] ERROR this is an exception message
Traceback (most recent call last):
  File "E:\hupai\component\app_thread.py", line 143, in run
    findrefresh()
  File "E:\hupai\component\imgcut.py", line 387, in findrefresh
    img = cv2.cvtColor(sc, cv2.COLOR_BGR2GRAY)  # 转灰度图
cv2.error: C:\projects\opencv-python\opencv\modules\imgproc\src\color.cpp:11073: error: (-215) depth == 0 || depth == 2 || depth == 5 in function cv::cvtColor

