Thu, 18 Jan 2018 08:16:49 Iambest5.0.py[line:422] DEBUG This is debug message
Thu, 18 Jan 2018 08:16:49 Iambest5.0.py[line:423] INFO This is info message
Thu, 18 Jan 2018 08:16:49 Iambest5.0.py[line:424] WARNING This is warning message
Thu, 18 Jan 2018 08:16:49 Iambest5.0.py[line:425] ERROR This is error message
Thu, 18 Jan 2018 08:16:49 PngImagePlugin.py[line:130] DEBUG STREAM b'IHDR' 16 13
Thu, 18 Jan 2018 08:16:49 PngImagePlugin.py[line:130] DEBUG STREAM b'IDAT' 41 65536
Thu, 18 Jan 2018 08:16:52 Iambest5.0.py[line:4300] INFO À¢
Thu, 18 Jan 2018 08:16:52 Iambest5.0.py[line:4300] INFO À¢
Thu, 18 Jan 2018 08:16:52 Iambest5.0.py[line:4300] INFO À¢
Thu, 18 Jan 2018 08:16:52 Iambest5.0.py[line:4300] INFO À¢
Thu, 18 Jan 2018 08:16:52 Iambest5.0.py[line:4300] INFO À¢
Thu, 18 Jan 2018 08:16:52 Iambest5.0.py[line:4300] INFO À¢
Thu, 18 Jan 2018 08:16:52 Iambest5.0.py[line:4300] INFO À¢
Thu, 18 Jan 2018 08:16:52 Iambest5.0.py[line:4300] INFO À¢
Thu, 18 Jan 2018 08:16:52 Iambest5.0.py[line:4300] INFO À¢
Thu, 18 Jan 2018 08:16:52 Iambest5.0.py[line:4300] INFO À¢
Thu, 18 Jan 2018 08:16:52 Iambest5.0.py[line:4300] INFO À¢
Thu, 18 Jan 2018 08:16:52 Iambest5.0.py[line:4300] INFO À¢
Thu, 18 Jan 2018 08:16:52 Iambest5.0.py[line:4300] INFO À¢
Thu, 18 Jan 2018 08:16:52 Iambest5.0.py[line:4300] INFO À¢
Thu, 18 Jan 2018 08:16:52 Iambest5.0.py[line:4300] INFO À¢
Thu, 18 Jan 2018 08:16:53 Iambest5.0.py[line:4300] INFO À¢
Thu, 18 Jan 2018 08:16:53 Iambest5.0.py[line:4300] INFO À¢
Thu, 18 Jan 2018 08:16:53 Iambest5.0.py[line:4300] INFO À¢
Thu, 18 Jan 2018 08:16:53 Iambest5.0.py[line:4300] INFO À¢
Thu, 18 Jan 2018 08:16:53 Iambest5.0.py[line:4300] INFO À¢
Thu, 18 Jan 2018 08:16:53 Iambest5.0.py[line:4300] INFO À¢
Thu, 18 Jan 2018 08:16:53 Iambest5.0.py[line:4300] INFO À¢
Thu, 18 Jan 2018 08:16:53 Iambest5.0.py[line:4300] INFO À¢
Thu, 18 Jan 2018 08:16:53 Iambest5.0.py[line:4300] INFO À¢
Thu, 18 Jan 2018 08:16:53 Iambest5.0.py[line:4300] INFO À¢
Thu, 18 Jan 2018 08:16:53 Iambest5.0.py[line:4300] INFO À¢
Thu, 18 Jan 2018 08:16:53 Iambest5.0.py[line:4300] INFO À¢
Thu, 18 Jan 2018 08:16:53 Iambest5.0.py[line:4300] INFO À¢
Thu, 18 Jan 2018 08:16:53 Iambest5.0.py[line:4300] INFO À¢
Thu, 18 Jan 2018 08:16:53 Iambest5.0.py[line:4300] INFO À¢
Thu, 18 Jan 2018 08:16:53 Iambest5.0.py[line:4300] INFO À¢
Thu, 18 Jan 2018 08:16:53 Iambest5.0.py[line:4300] INFO À¢
Thu, 18 Jan 2018 08:16:53 Iambest5.0.py[line:4300] INFO À¢
Thu, 18 Jan 2018 08:16:53 Iambest5.0.py[line:4300] INFO À¢
Thu, 18 Jan 2018 08:16:53 Iambest5.0.py[line:4300] INFO À¢
Thu, 18 Jan 2018 08:16:53 Iambest5.0.py[line:4300] INFO À¢
Thu, 18 Jan 2018 08:16:53 Iambest5.0.py[line:4300] INFO À¢
Thu, 18 Jan 2018 08:16:53 Iambest5.0.py[line:4300] INFO À¢
Thu, 18 Jan 2018 08:16:53 Iambest5.0.py[line:4300] INFO À¢
Thu, 18 Jan 2018 08:16:54 Iambest5.0.py[line:4300] INFO À¢
Thu, 18 Jan 2018 08:16:54 Iambest5.0.py[line:4300] INFO À¢
Thu, 18 Jan 2018 08:16:54 Iambest5.0.py[line:4300] INFO À¢
Thu, 18 Jan 2018 08:16:54 Iambest5.0.py[line:4300] INFO À¢
Thu, 18 Jan 2018 08:16:54 Iambest5.0.py[line:4300] INFO À¢
Thu, 18 Jan 2018 08:16:54 Iambest5.0.py[line:4300] INFO À¢
Thu, 18 Jan 2018 08:16:54 Iambest5.0.py[line:4300] INFO À¢
Thu, 18 Jan 2018 08:16:54 Iambest5.0.py[line:4300] INFO À¢
Thu, 18 Jan 2018 08:16:54 Iambest5.0.py[line:4300] INFO À¢
Thu, 18 Jan 2018 08:16:54 Iambest5.0.py[line:4300] INFO À¢
Thu, 18 Jan 2018 08:16:54 Iambest5.0.py[line:4300] INFO À¢
Thu, 18 Jan 2018 08:16:54 Iambest5.0.py[line:4300] INFO À¢
Thu, 18 Jan 2018 08:16:54 Iambest5.0.py[line:4300] INFO À¢
Thu, 18 Jan 2018 08:16:54 Iambest5.0.py[line:4300] INFO À¢
Thu, 18 Jan 2018 08:16:54 Iambest5.0.py[line:4300] INFO À¢
Thu, 18 Jan 2018 08:16:54 Iambest5.0.py[line:4300] INFO À¢
Thu, 18 Jan 2018 08:16:54 Iambest5.0.py[line:4300] INFO À¢
Thu, 18 Jan 2018 08:16:54 Iambest5.0.py[line:4300] INFO À¢
Thu, 18 Jan 2018 08:16:54 Iambest5.0.py[line:4300] INFO À¢
Thu, 18 Jan 2018 08:16:54 Iambest5.0.py[line:4300] INFO À¢
Thu, 18 Jan 2018 08:16:54 Iambest5.0.py[line:4300] INFO À¢
Thu, 18 Jan 2018 08:16:54 Iambest5.0.py[line:4300] INFO À¢
Thu, 18 Jan 2018 08:16:54 Iambest5.0.py[line:4300] INFO À¢
Thu, 18 Jan 2018 08:16:54 Iambest5.0.py[line:4300] INFO À¢
Thu, 18 Jan 2018 08:16:54 Iambest5.0.py[line:4300] INFO À¢
Thu, 18 Jan 2018 08:16:54 Iambest5.0.py[line:4300] INFO À¢
Thu, 18 Jan 2018 08:16:55 Iambest5.0.py[line:4300] INFO À¢
Thu, 18 Jan 2018 08:16:55 Iambest5.0.py[line:4300] INFO À¢
Thu, 18 Jan 2018 08:16:55 Iambest5.0.py[line:4300] INFO À¢
Thu, 18 Jan 2018 08:16:55 Iambest5.0.py[line:4300] INFO À¢
Thu, 18 Jan 2018 08:16:55 Iambest5.0.py[line:4300] INFO À¢
Thu, 18 Jan 2018 08:16:55 Iambest5.0.py[line:4300] INFO À¢
Thu, 18 Jan 2018 08:16:55 Iambest5.0.py[line:4300] INFO À¢
Thu, 18 Jan 2018 08:16:55 Iambest5.0.py[line:4300] INFO À¢
Thu, 18 Jan 2018 08:16:55 Iambest5.0.py[line:4300] INFO À¢
Thu, 18 Jan 2018 08:16:55 Iambest5.0.py[line:4300] INFO À¢
Thu, 18 Jan 2018 08:16:55 Iambest5.0.py[line:4300] INFO À¢
Thu, 18 Jan 2018 08:16:55 Iambest5.0.py[line:4300] INFO À¢
Thu, 18 Jan 2018 08:16:55 Iambest5.0.py[line:4300] INFO À¢
Thu, 18 Jan 2018 08:16:55 Iambest5.0.py[line:4300] INFO À¢
Thu, 18 Jan 2018 08:16:55 Iambest5.0.py[line:4300] INFO À¢
Thu, 18 Jan 2018 08:16:55 Iambest5.0.py[line:4300] INFO À¢
Thu, 18 Jan 2018 08:16:55 Iambest5.0.py[line:4300] INFO À¢
Thu, 18 Jan 2018 08:16:55 Iambest5.0.py[line:4300] INFO À¢
Thu, 18 Jan 2018 08:16:55 Iambest5.0.py[line:4300] INFO À¢
Thu, 18 Jan 2018 08:16:55 Iambest5.0.py[line:4300] INFO À¢
Thu, 18 Jan 2018 08:16:55 Iambest5.0.py[line:4300] INFO À¢
Thu, 18 Jan 2018 08:16:55 Iambest5.0.py[line:4300] INFO À¢
Thu, 18 Jan 2018 08:16:55 Iambest5.0.py[line:4300] INFO À¢
Thu, 18 Jan 2018 08:16:55 Iambest5.0.py[line:4300] INFO À¢
Thu, 18 Jan 2018 08:16:55 Iambest5.0.py[line:4300] INFO À¢
Thu, 18 Jan 2018 08:16:55 Iambest5.0.py[line:4300] INFO À¢
Thu, 18 Jan 2018 08:16:56 Iambest5.0.py[line:4300] INFO À¢
Thu, 18 Jan 2018 08:16:56 Iambest5.0.py[line:4300] INFO À¢
Thu, 18 Jan 2018 08:16:56 Iambest5.0.py[line:4300] INFO À¢
Thu, 18 Jan 2018 08:16:56 Iambest5.0.py[line:4300] INFO À¢
Thu, 18 Jan 2018 08:16:56 Iambest5.0.py[line:4300] INFO À¢
Thu, 18 Jan 2018 08:16:56 Iambest5.0.py[line:4300] INFO À¢
Thu, 18 Jan 2018 08:16:56 Iambest5.0.py[line:4300] INFO À¢
Thu, 18 Jan 2018 08:16:56 Iambest5.0.py[line:4300] INFO À¢
Thu, 18 Jan 2018 08:16:56 Iambest5.0.py[line:4300] INFO À¢
Thu, 18 Jan 2018 08:16:56 Iambest5.0.py[line:4300] INFO À¢
Thu, 18 Jan 2018 08:16:56 Iambest5.0.py[line:4300] INFO À¢
Thu, 18 Jan 2018 08:16:56 Iambest5.0.py[line:4300] INFO À¢
Thu, 18 Jan 2018 08:16:56 Iambest5.0.py[line:4300] INFO À¢
Thu, 18 Jan 2018 08:16:56 Iambest5.0.py[line:4300] INFO À¢
Thu, 18 Jan 2018 08:16:56 Iambest5.0.py[line:4300] INFO À¢
Thu, 18 Jan 2018 08:16:56 Iambest5.0.py[line:4300] INFO À¢
Thu, 18 Jan 2018 08:16:56 Iambest5.0.py[line:4300] INFO À¢
Thu, 18 Jan 2018 08:16:56 Iambest5.0.py[line:4300] INFO À¢
Thu, 18 Jan 2018 08:16:56 Iambest5.0.py[line:4300] INFO À¢
Thu, 18 Jan 2018 08:16:56 Iambest5.0.py[line:4300] INFO À¢
Thu, 18 Jan 2018 08:16:56 Iambest5.0.py[line:4300] INFO À¢
Thu, 18 Jan 2018 08:16:56 Iambest5.0.py[line:4300] INFO À¢
Thu, 18 Jan 2018 08:16:56 Iambest5.0.py[line:4300] INFO À¢
Thu, 18 Jan 2018 08:16:56 Iambest5.0.py[line:4300] INFO À¢
Thu, 18 Jan 2018 08:16:56 Iambest5.0.py[line:4300] INFO À¢
Thu, 18 Jan 2018 08:16:57 Iambest5.0.py[line:4300] INFO À¢
Thu, 18 Jan 2018 08:16:57 Iambest5.0.py[line:4300] INFO À¢
Thu, 18 Jan 2018 08:16:57 Iambest5.0.py[line:4300] INFO À¢
Thu, 18 Jan 2018 08:16:57 Iambest5.0.py[line:4300] INFO À¢
Thu, 18 Jan 2018 08:16:57 Iambest5.0.py[line:4300] INFO À¢
Thu, 18 Jan 2018 08:16:57 Iambest5.0.py[line:4300] INFO À¢
Thu, 18 Jan 2018 08:16:57 Iambest5.0.py[line:4300] INFO À¢
Thu, 18 Jan 2018 08:16:57 Iambest5.0.py[line:4300] INFO À¢
Thu, 18 Jan 2018 08:16:57 Iambest5.0.py[line:4300] INFO À¢
Thu, 18 Jan 2018 08:16:57 Iambest5.0.py[line:4300] INFO À¢
Thu, 18 Jan 2018 08:16:57 Iambest5.0.py[line:4300] INFO À¢
Thu, 18 Jan 2018 08:16:57 Iambest5.0.py[line:4300] INFO À¢
Thu, 18 Jan 2018 08:16:57 Iambest5.0.py[line:4300] INFO À¢
Thu, 18 Jan 2018 08:16:57 Iambest5.0.py[line:4300] INFO À¢
Thu, 18 Jan 2018 08:16:57 Iambest5.0.py[line:4300] INFO À¢
Thu, 18 Jan 2018 08:16:57 Iambest5.0.py[line:4300] INFO À¢
Thu, 18 Jan 2018 08:16:57 Iambest5.0.py[line:4300] INFO À¢
Thu, 18 Jan 2018 08:16:57 Iambest5.0.py[line:4300] INFO À¢
Thu, 18 Jan 2018 08:16:57 Iambest5.0.py[line:4300] INFO À¢
Thu, 18 Jan 2018 08:16:57 Iambest5.0.py[line:4300] INFO À¢
Thu, 18 Jan 2018 08:16:57 Iambest5.0.py[line:4300] INFO À¢
Thu, 18 Jan 2018 08:16:57 Iambest5.0.py[line:4300] INFO À¢
Thu, 18 Jan 2018 08:16:57 Iambest5.0.py[line:4300] INFO À¢
Thu, 18 Jan 2018 08:16:57 Iambest5.0.py[line:4300] INFO À¢
Thu, 18 Jan 2018 08:16:57 Iambest5.0.py[line:4300] INFO À¢
Thu, 18 Jan 2018 08:16:58 Iambest5.0.py[line:4300] INFO À¢
Thu, 18 Jan 2018 08:16:58 Iambest5.0.py[line:4300] INFO À¢
Thu, 18 Jan 2018 08:16:58 Iambest5.0.py[line:4300] INFO À¢
Thu, 18 Jan 2018 08:16:58 Iambest5.0.py[line:4300] INFO À¢
Thu, 18 Jan 2018 08:16:58 Iambest5.0.py[line:4300] INFO À¢
Thu, 18 Jan 2018 08:16:58 Iambest5.0.py[line:4300] INFO À¢
Thu, 18 Jan 2018 08:16:58 Iambest5.0.py[line:4300] INFO À¢
Thu, 18 Jan 2018 08:16:58 Iambest5.0.py[line:4300] INFO À¢
Thu, 18 Jan 2018 08:16:58 Iambest5.0.py[line:4300] INFO À¢
Thu, 18 Jan 2018 08:16:58 Iambest5.0.py[line:4300] INFO À¢
Thu, 18 Jan 2018 08:16:58 Iambest5.0.py[line:4300] INFO À¢
Thu, 18 Jan 2018 08:16:58 Iambest5.0.py[line:4300] INFO À¢
Thu, 18 Jan 2018 08:16:58 Iambest5.0.py[line:4300] INFO À¢
Thu, 18 Jan 2018 08:16:58 Iambest5.0.py[line:4300] INFO À¢
Thu, 18 Jan 2018 08:16:58 Iambest5.0.py[line:4300] INFO À¢
Thu, 18 Jan 2018 08:16:58 Iambest5.0.py[line:4300] INFO À¢
Thu, 18 Jan 2018 08:16:58 Iambest5.0.py[line:4300] INFO À¢
Thu, 18 Jan 2018 08:16:58 Iambest5.0.py[line:4300] INFO À¢
Thu, 18 Jan 2018 08:16:58 Iambest5.0.py[line:4300] INFO À¢
Thu, 18 Jan 2018 08:16:58 Iambest5.0.py[line:4300] INFO À¢
Thu, 18 Jan 2018 08:16:58 Iambest5.0.py[line:4300] INFO À¢
Thu, 18 Jan 2018 08:16:58 Iambest5.0.py[line:4300] INFO À¢
Thu, 18 Jan 2018 08:16:58 Iambest5.0.py[line:4300] INFO À¢
Thu, 18 Jan 2018 08:16:58 Iambest5.0.py[line:4300] INFO À¢
Thu, 18 Jan 2018 08:16:58 Iambest5.0.py[line:4300] INFO À¢
Thu, 18 Jan 2018 08:16:59 Iambest5.0.py[line:4300] INFO À¢
Thu, 18 Jan 2018 08:16:59 Iambest5.0.py[line:4300] INFO À¢
Thu, 18 Jan 2018 08:16:59 Iambest5.0.py[line:4300] INFO À¢
Thu, 18 Jan 2018 08:16:59 Iambest5.0.py[line:4300] INFO À¢
Thu, 18 Jan 2018 08:16:59 Iambest5.0.py[line:4300] INFO À¢
Thu, 18 Jan 2018 08:16:59 Iambest5.0.py[line:4300] INFO À¢
Thu, 18 Jan 2018 08:16:59 Iambest5.0.py[line:4300] INFO À¢
Thu, 18 Jan 2018 08:16:59 Iambest5.0.py[line:4300] INFO À¢
Thu, 18 Jan 2018 08:16:59 Iambest5.0.py[line:4300] INFO À¢
Thu, 18 Jan 2018 08:16:59 Iambest5.0.py[line:4300] INFO À¢
Thu, 18 Jan 2018 08:16:59 Iambest5.0.py[line:4300] INFO À¢
Thu, 18 Jan 2018 08:16:59 Iambest5.0.py[line:4300] INFO À¢
Thu, 18 Jan 2018 08:16:59 Iambest5.0.py[line:4300] INFO À¢
Thu, 18 Jan 2018 08:16:59 Iambest5.0.py[line:4300] INFO À¢
Thu, 18 Jan 2018 08:16:59 Iambest5.0.py[line:4300] INFO À¢
Thu, 18 Jan 2018 08:16:59 Iambest5.0.py[line:4300] INFO À¢
Thu, 18 Jan 2018 08:16:59 Iambest5.0.py[line:4300] INFO À¢
Thu, 18 Jan 2018 08:16:59 Iambest5.0.py[line:4300] INFO À¢
Thu, 18 Jan 2018 08:16:59 Iambest5.0.py[line:4300] INFO À¢
Thu, 18 Jan 2018 08:16:59 Iambest5.0.py[line:4300] INFO À¢
Thu, 18 Jan 2018 08:16:59 Iambest5.0.py[line:4300] INFO À¢
Thu, 18 Jan 2018 08:16:59 Iambest5.0.py[line:4300] INFO À¢
Thu, 18 Jan 2018 08:16:59 Iambest5.0.py[line:4300] INFO À¢
Thu, 18 Jan 2018 08:16:59 Iambest5.0.py[line:4300] INFO À¢
Thu, 18 Jan 2018 08:17:00 Iambest5.0.py[line:4300] INFO À¢
Thu, 18 Jan 2018 08:17:00 Iambest5.0.py[line:4300] INFO À¢
Thu, 18 Jan 2018 08:17:00 Iambest5.0.py[line:4300] INFO À¢
Thu, 18 Jan 2018 08:17:00 Iambest5.0.py[line:4300] INFO À¢
Thu, 18 Jan 2018 08:17:00 Iambest5.0.py[line:4300] INFO À¢
Thu, 18 Jan 2018 08:17:00 Iambest5.0.py[line:4300] INFO À¢
Thu, 18 Jan 2018 08:17:00 Iambest5.0.py[line:4300] INFO À¢
Thu, 18 Jan 2018 08:17:00 Iambest5.0.py[line:4300] INFO À¢
Thu, 18 Jan 2018 08:17:00 Iambest5.0.py[line:4300] INFO À¢
Thu, 18 Jan 2018 08:17:00 Iambest5.0.py[line:4300] INFO À¢
Thu, 18 Jan 2018 08:17:00 Iambest5.0.py[line:4300] INFO À¢
Thu, 18 Jan 2018 08:17:00 Iambest5.0.py[line:4300] INFO À¢
Thu, 18 Jan 2018 08:17:00 Iambest5.0.py[line:4300] INFO À¢
Thu, 18 Jan 2018 08:17:00 Iambest5.0.py[line:4300] INFO À¢
Thu, 18 Jan 2018 08:17:00 Iambest5.0.py[line:4300] INFO À¢
Thu, 18 Jan 2018 08:17:00 Iambest5.0.py[line:4300] INFO À¢
Thu, 18 Jan 2018 08:17:00 Iambest5.0.py[line:4300] INFO À¢
Thu, 18 Jan 2018 08:17:00 Iambest5.0.py[line:4300] INFO À¢
Thu, 18 Jan 2018 08:17:00 Iambest5.0.py[line:4300] INFO À¢
Thu, 18 Jan 2018 08:17:00 Iambest5.0.py[line:4300] INFO À¢
Thu, 18 Jan 2018 08:17:00 Iambest5.0.py[line:4300] INFO À¢
Thu, 18 Jan 2018 08:17:00 Iambest5.0.py[line:4300] INFO À¢
Thu, 18 Jan 2018 08:17:00 Iambest5.0.py[line:4300] INFO À¢
Thu, 18 Jan 2018 08:17:00 Iambest5.0.py[line:4300] INFO À¢
Thu, 18 Jan 2018 08:17:00 Iambest5.0.py[line:4300] INFO À¢
Thu, 18 Jan 2018 08:17:01 Iambest5.0.py[line:639] INFO ≤È’“À¢–¬
Thu, 18 Jan 2018 08:17:01 Iambest5.0.py[line:4300] INFO À¢
Thu, 18 Jan 2018 08:17:01 Iambest5.0.py[line:639] INFO ≤È’“À¢–¬
Thu, 18 Jan 2018 08:17:01 Iambest5.0.py[line:4300] INFO À¢
Thu, 18 Jan 2018 08:17:01 Iambest5.0.py[line:639] INFO ≤È’“À¢–¬
Thu, 18 Jan 2018 08:17:01 Iambest5.0.py[line:4300] INFO À¢
Thu, 18 Jan 2018 08:17:01 Iambest5.0.py[line:639] INFO ≤È’“À¢–¬
Thu, 18 Jan 2018 08:17:01 Iambest5.0.py[line:4300] INFO À¢
Thu, 18 Jan 2018 08:17:01 Iambest5.0.py[line:639] INFO ≤È’“À¢–¬
Thu, 18 Jan 2018 08:17:01 Iambest5.0.py[line:4300] INFO À¢
Thu, 18 Jan 2018 08:17:01 Iambest5.0.py[line:639] INFO ≤È’“À¢–¬
Thu, 18 Jan 2018 08:17:01 Iambest5.0.py[line:4300] INFO À¢
Thu, 18 Jan 2018 08:17:01 Iambest5.0.py[line:639] INFO ≤È’“À¢–¬
Thu, 18 Jan 2018 08:17:01 Iambest5.0.py[line:4300] INFO À¢
Thu, 18 Jan 2018 08:17:01 Iambest5.0.py[line:639] INFO ≤È’“À¢–¬
Thu, 18 Jan 2018 08:17:01 Iambest5.0.py[line:4300] INFO À¢
Thu, 18 Jan 2018 08:17:01 Iambest5.0.py[line:639] INFO ≤È’“À¢–¬
Thu, 18 Jan 2018 08:17:01 Iambest5.0.py[line:4300] INFO À¢
Thu, 18 Jan 2018 08:17:01 Iambest5.0.py[line:639] INFO ≤È’“À¢–¬
Thu, 18 Jan 2018 08:17:01 Iambest5.0.py[line:4300] INFO À¢
Thu, 18 Jan 2018 08:17:01 Iambest5.0.py[line:639] INFO ≤È’“À¢–¬
Thu, 18 Jan 2018 08:17:01 Iambest5.0.py[line:4300] INFO À¢
Thu, 18 Jan 2018 08:17:01 Iambest5.0.py[line:639] INFO ≤È’“À¢–¬
Thu, 18 Jan 2018 08:17:01 Iambest5.0.py[line:4300] INFO À¢
Thu, 18 Jan 2018 08:17:01 Iambest5.0.py[line:639] INFO ≤È’“À¢–¬
Thu, 18 Jan 2018 08:17:01 Iambest5.0.py[line:4300] INFO À¢
Thu, 18 Jan 2018 08:17:01 Iambest5.0.py[line:639] INFO ≤È’“À¢–¬
Thu, 18 Jan 2018 08:17:01 Iambest5.0.py[line:4300] INFO À¢
Thu, 18 Jan 2018 08:17:01 Iambest5.0.py[line:639] INFO ≤È’“À¢–¬
Thu, 18 Jan 2018 08:17:01 Iambest5.0.py[line:4300] INFO À¢
Thu, 18 Jan 2018 08:17:01 Iambest5.0.py[line:639] INFO ≤È’“À¢–¬
Thu, 18 Jan 2018 08:17:01 Iambest5.0.py[line:4300] INFO À¢
Thu, 18 Jan 2018 08:17:01 Iambest5.0.py[line:639] INFO ≤È’“À¢–¬
Thu, 18 Jan 2018 08:17:01 Iambest5.0.py[line:4300] INFO À¢
Thu, 18 Jan 2018 08:17:01 Iambest5.0.py[line:639] INFO ≤È’“À¢–¬
Thu, 18 Jan 2018 08:17:01 Iambest5.0.py[line:4300] INFO À¢
Thu, 18 Jan 2018 08:17:01 Iambest5.0.py[line:639] INFO ≤È’“À¢–¬
Thu, 18 Jan 2018 08:17:01 Iambest5.0.py[line:4300] INFO À¢
Thu, 18 Jan 2018 08:17:01 Iambest5.0.py[line:639] INFO ≤È’“À¢–¬
Thu, 18 Jan 2018 08:17:01 Iambest5.0.py[line:4300] INFO À¢
Thu, 18 Jan 2018 08:17:01 Iambest5.0.py[line:639] INFO ≤È’“À¢–¬
Thu, 18 Jan 2018 08:17:01 Iambest5.0.py[line:4300] INFO À¢
Thu, 18 Jan 2018 08:17:01 Iambest5.0.py[line:639] INFO ≤È’“À¢–¬
Thu, 18 Jan 2018 08:17:01 Iambest5.0.py[line:4300] INFO À¢
Thu, 18 Jan 2018 08:17:01 Iambest5.0.py[line:639] INFO ≤È’“À¢–¬
Thu, 18 Jan 2018 08:17:01 Iambest5.0.py[line:4300] INFO À¢
Thu, 18 Jan 2018 08:17:02 Iambest5.0.py[line:639] INFO ≤È’“À¢–¬
Thu, 18 Jan 2018 08:17:02 Iambest5.0.py[line:4300] INFO À¢
Thu, 18 Jan 2018 08:17:02 Iambest5.0.py[line:639] INFO ≤È’“À¢–¬
Thu, 18 Jan 2018 08:17:02 Iambest5.0.py[line:4300] INFO À¢
Thu, 18 Jan 2018 08:17:02 Iambest5.0.py[line:639] INFO ≤È’“À¢–¬
Thu, 18 Jan 2018 08:17:02 Iambest5.0.py[line:4300] INFO À¢
Thu, 18 Jan 2018 08:17:02 Iambest5.0.py[line:639] INFO ≤È’“À¢–¬
Thu, 18 Jan 2018 08:17:02 Iambest5.0.py[line:4300] INFO À¢
Thu, 18 Jan 2018 08:17:02 Iambest5.0.py[line:639] INFO ≤È’“À¢–¬
Thu, 18 Jan 2018 08:17:02 Iambest5.0.py[line:4300] INFO À¢
Thu, 18 Jan 2018 08:17:02 Iambest5.0.py[line:639] INFO ≤È’“À¢–¬
Thu, 18 Jan 2018 08:17:02 Iambest5.0.py[line:4300] INFO À¢
Thu, 18 Jan 2018 08:17:02 Iambest5.0.py[line:639] INFO ≤È’“À¢–¬
Thu, 18 Jan 2018 08:17:02 Iambest5.0.py[line:4300] INFO À¢
Thu, 18 Jan 2018 08:17:02 Iambest5.0.py[line:639] INFO ≤È’“À¢–¬
Thu, 18 Jan 2018 08:17:02 Iambest5.0.py[line:4300] INFO À¢
Thu, 18 Jan 2018 08:17:02 Iambest5.0.py[line:639] INFO ≤È’“À¢–¬
Thu, 18 Jan 2018 08:17:02 Iambest5.0.py[line:4300] INFO À¢
Thu, 18 Jan 2018 08:17:02 Iambest5.0.py[line:639] INFO ≤È’“À¢–¬
Thu, 18 Jan 2018 08:17:02 Iambest5.0.py[line:4300] INFO À¢
Thu, 18 Jan 2018 08:17:02 Iambest5.0.py[line:639] INFO ≤È’“À¢–¬
Thu, 18 Jan 2018 08:17:02 Iambest5.0.py[line:4300] INFO À¢
Thu, 18 Jan 2018 08:17:02 Iambest5.0.py[line:639] INFO ≤È’“À¢–¬
Thu, 18 Jan 2018 08:17:02 Iambest5.0.py[line:4300] INFO À¢
Thu, 18 Jan 2018 08:17:02 Iambest5.0.py[line:639] INFO ≤È’“À¢–¬
Thu, 18 Jan 2018 08:17:02 Iambest5.0.py[line:4300] INFO À¢
Thu, 18 Jan 2018 08:17:02 Iambest5.0.py[line:639] INFO ≤È’“À¢–¬
Thu, 18 Jan 2018 08:17:02 Iambest5.0.py[line:4300] INFO À¢
Thu, 18 Jan 2018 08:17:02 Iambest5.0.py[line:639] INFO ≤È’“À¢–¬
Thu, 18 Jan 2018 08:17:02 Iambest5.0.py[line:4300] INFO À¢
Thu, 18 Jan 2018 08:17:02 Iambest5.0.py[line:639] INFO ≤È’“À¢–¬
Thu, 18 Jan 2018 08:17:02 Iambest5.0.py[line:4300] INFO À¢
Thu, 18 Jan 2018 08:17:02 Iambest5.0.py[line:639] INFO ≤È’“À¢–¬
Thu, 18 Jan 2018 08:17:02 Iambest5.0.py[line:4300] INFO À¢
Thu, 18 Jan 2018 08:17:02 Iambest5.0.py[line:639] INFO ≤È’“À¢–¬
Thu, 18 Jan 2018 08:17:02 Iambest5.0.py[line:4300] INFO À¢
Thu, 18 Jan 2018 08:17:02 PngImagePlugin.py[line:130] DEBUG STREAM b'IHDR' 16 13
Thu, 18 Jan 2018 08:17:02 PngImagePlugin.py[line:130] DEBUG STREAM b'IDAT' 41 8192
Thu, 18 Jan 2018 08:17:02 Iambest5.0.py[line:639] INFO ≤È’“À¢–¬
Thu, 18 Jan 2018 08:17:02 Iambest5.0.py[line:4300] INFO À¢
Thu, 18 Jan 2018 08:17:02 PngImagePlugin.py[line:130] DEBUG STREAM b'IHDR' 16 13
Thu, 18 Jan 2018 08:17:02 PngImagePlugin.py[line:130] DEBUG STREAM b'IDAT' 41 8192
Thu, 18 Jan 2018 08:17:02 PngImagePlugin.py[line:130] DEBUG STREAM b'IHDR' 16 13
Thu, 18 Jan 2018 08:17:02 PngImagePlugin.py[line:130] DEBUG STREAM b'IDAT' 41 8192
Thu, 18 Jan 2018 08:17:02 PngImagePlugin.py[line:130] DEBUG STREAM b'IHDR' 16 13
Thu, 18 Jan 2018 08:17:02 PngImagePlugin.py[line:130] DEBUG STREAM b'IDAT' 41 8192
Thu, 18 Jan 2018 08:17:02 Iambest5.0.py[line:639] INFO ≤È’“À¢–¬
Thu, 18 Jan 2018 08:17:02 Iambest5.0.py[line:4300] INFO À¢
Thu, 18 Jan 2018 08:17:02 PngImagePlugin.py[line:130] DEBUG STREAM b'IHDR' 16 13
Thu, 18 Jan 2018 08:17:02 PngImagePlugin.py[line:130] DEBUG STREAM b'IDAT' 41 985
Thu, 18 Jan 2018 08:17:02 PngImagePlugin.py[line:130] DEBUG STREAM b'IHDR' 16 13
Thu, 18 Jan 2018 08:17:02 PngImagePlugin.py[line:130] DEBUG STREAM b'IDAT' 41 985
Thu, 18 Jan 2018 08:17:02 Iambest5.0.py[line:639] INFO ≤È’“À¢–¬
Thu, 18 Jan 2018 08:17:02 Iambest5.0.py[line:4300] INFO À¢
Thu, 18 Jan 2018 08:17:02 Iambest5.0.py[line:639] INFO ≤È’“À¢–¬
Thu, 18 Jan 2018 08:17:02 Iambest5.0.py[line:4300] INFO À¢
Thu, 18 Jan 2018 08:17:02 Iambest5.0.py[line:639] INFO ≤È’“À¢–¬
Thu, 18 Jan 2018 08:17:02 Iambest5.0.py[line:4300] INFO À¢
Thu, 18 Jan 2018 08:17:02 PngImagePlugin.py[line:130] DEBUG STREAM b'IHDR' 16 13
Thu, 18 Jan 2018 08:17:02 PngImagePlugin.py[line:130] DEBUG STREAM b'IDAT' 41 8192
Thu, 18 Jan 2018 08:17:02 Iambest5.0.py[line:639] INFO ≤È’“À¢–¬
Thu, 18 Jan 2018 08:17:02 Iambest5.0.py[line:4300] INFO À¢
Thu, 18 Jan 2018 08:17:02 PngImagePlugin.py[line:130] DEBUG STREAM b'IHDR' 16 13
Thu, 18 Jan 2018 08:17:02 PngImagePlugin.py[line:130] DEBUG STREAM b'IDAT' 41 8192
Thu, 18 Jan 2018 08:17:02 PngImagePlugin.py[line:130] DEBUG STREAM b'IHDR' 16 13
Thu, 18 Jan 2018 08:17:02 PngImagePlugin.py[line:130] DEBUG STREAM b'IDAT' 41 8192
Thu, 18 Jan 2018 08:17:02 PngImagePlugin.py[line:130] DEBUG STREAM b'IHDR' 16 13
Thu, 18 Jan 2018 08:17:02 PngImagePlugin.py[line:130] DEBUG STREAM b'IDAT' 41 8192
Thu, 18 Jan 2018 08:17:02 Iambest5.0.py[line:639] INFO ≤È’“À¢–¬
Thu, 18 Jan 2018 08:17:02 Iambest5.0.py[line:4300] INFO À¢
Thu, 18 Jan 2018 08:17:03 PngImagePlugin.py[line:130] DEBUG STREAM b'IHDR' 16 13
Thu, 18 Jan 2018 08:17:03 PngImagePlugin.py[line:130] DEBUG STREAM b'IDAT' 41 8192
Thu, 18 Jan 2018 08:17:03 PngImagePlugin.py[line:130] DEBUG STREAM b'IHDR' 16 13
Thu, 18 Jan 2018 08:17:03 PngImagePlugin.py[line:130] DEBUG STREAM b'IDAT' 41 8192
Thu, 18 Jan 2018 08:17:03 Iambest5.0.py[line:639] INFO ≤È’“À¢–¬
Thu, 18 Jan 2018 08:17:03 Iambest5.0.py[line:4300] INFO À¢
Thu, 18 Jan 2018 08:17:03 PngImagePlugin.py[line:130] DEBUG STREAM b'IHDR' 16 13
Thu, 18 Jan 2018 08:17:03 PngImagePlugin.py[line:130] DEBUG STREAM b'IDAT' 41 8192
Thu, 18 Jan 2018 08:17:03 PngImagePlugin.py[line:130] DEBUG STREAM b'IHDR' 16 13
Thu, 18 Jan 2018 08:17:03 PngImagePlugin.py[line:130] DEBUG STREAM b'IDAT' 41 8192
Thu, 18 Jan 2018 08:17:03 PngImagePlugin.py[line:130] DEBUG STREAM b'IHDR' 16 13
Thu, 18 Jan 2018 08:17:03 PngImagePlugin.py[line:130] DEBUG STREAM b'IDAT' 41 8192
Thu, 18 Jan 2018 08:17:03 Iambest5.0.py[line:639] INFO ≤È’“À¢–¬
Thu, 18 Jan 2018 08:17:03 Iambest5.0.py[line:4300] INFO À¢
Thu, 18 Jan 2018 08:17:03 PngImagePlugin.py[line:130] DEBUG STREAM b'IHDR' 16 13
Thu, 18 Jan 2018 08:17:03 PngImagePlugin.py[line:130] DEBUG STREAM b'IDAT' 41 8192
Thu, 18 Jan 2018 08:17:03 PngImagePlugin.py[line:130] DEBUG STREAM b'IHDR' 16 13
Thu, 18 Jan 2018 08:17:03 PngImagePlugin.py[line:130] DEBUG STREAM b'IDAT' 41 8192
Thu, 18 Jan 2018 08:17:03 PngImagePlugin.py[line:130] DEBUG STREAM b'IHDR' 16 13
Thu, 18 Jan 2018 08:17:03 PngImagePlugin.py[line:130] DEBUG STREAM b'IDAT' 41 8192
Thu, 18 Jan 2018 08:17:03 Iambest5.0.py[line:639] INFO ≤È’“À¢–¬
Thu, 18 Jan 2018 08:17:03 Iambest5.0.py[line:4300] INFO À¢
Thu, 18 Jan 2018 08:17:03 PngImagePlugin.py[line:130] DEBUG STREAM b'IHDR' 16 13
Thu, 18 Jan 2018 08:17:03 PngImagePlugin.py[line:130] DEBUG STREAM b'IDAT' 41 8192
Thu, 18 Jan 2018 08:17:03 PngImagePlugin.py[line:130] DEBUG STREAM b'IHDR' 16 13
Thu, 18 Jan 2018 08:17:03 PngImagePlugin.py[line:130] DEBUG STREAM b'IDAT' 41 8192
Thu, 18 Jan 2018 08:17:03 Iambest5.0.py[line:639] INFO ≤È’“À¢–¬
Thu, 18 Jan 2018 08:17:03 Iambest5.0.py[line:4300] INFO À¢
Thu, 18 Jan 2018 08:17:03 PngImagePlugin.py[line:130] DEBUG STREAM b'IHDR' 16 13
Thu, 18 Jan 2018 08:17:03 PngImagePlugin.py[line:130] DEBUG STREAM b'IDAT' 41 8192
Thu, 18 Jan 2018 08:17:03 PngImagePlugin.py[line:130] DEBUG STREAM b'IHDR' 16 13
Thu, 18 Jan 2018 08:17:03 PngImagePlugin.py[line:130] DEBUG STREAM b'IDAT' 41 8192
Thu, 18 Jan 2018 08:17:03 PngImagePlugin.py[line:130] DEBUG STREAM b'IHDR' 16 13
Thu, 18 Jan 2018 08:17:03 PngImagePlugin.py[line:130] DEBUG STREAM b'IDAT' 41 8192
Thu, 18 Jan 2018 08:17:03 Iambest5.0.py[line:639] INFO ≤È’“À¢–¬
Thu, 18 Jan 2018 08:17:03 Iambest5.0.py[line:4300] INFO À¢
Thu, 18 Jan 2018 08:17:03 PngImagePlugin.py[line:130] DEBUG STREAM b'IHDR' 16 13
Thu, 18 Jan 2018 08:17:03 PngImagePlugin.py[line:130] DEBUG STREAM b'IDAT' 41 8192
Thu, 18 Jan 2018 08:17:03 PngImagePlugin.py[line:130] DEBUG STREAM b'IHDR' 16 13
Thu, 18 Jan 2018 08:17:03 PngImagePlugin.py[line:130] DEBUG STREAM b'IDAT' 41 8192
Thu, 18 Jan 2018 08:17:03 Iambest5.0.py[line:639] INFO ≤È’“À¢–¬
Thu, 18 Jan 2018 08:17:03 Iambest5.0.py[line:4300] INFO À¢
Thu, 18 Jan 2018 08:17:03 PngImagePlugin.py[line:130] DEBUG STREAM b'IHDR' 16 13
Thu, 18 Jan 2018 08:17:03 PngImagePlugin.py[line:130] DEBUG STREAM b'IDAT' 41 8192
Thu, 18 Jan 2018 08:17:03 PngImagePlugin.py[line:130] DEBUG STREAM b'IHDR' 16 13
Thu, 18 Jan 2018 08:17:03 PngImagePlugin.py[line:130] DEBUG STREAM b'IDAT' 41 8192
Thu, 18 Jan 2018 08:17:03 Iambest5.0.py[line:639] INFO ≤È’“À¢–¬
Thu, 18 Jan 2018 08:17:03 Iambest5.0.py[line:4300] INFO À¢
Thu, 18 Jan 2018 08:17:03 PngImagePlugin.py[line:130] DEBUG STREAM b'IHDR' 16 13
Thu, 18 Jan 2018 08:17:03 PngImagePlugin.py[line:130] DEBUG STREAM b'IDAT' 41 8192
Thu, 18 Jan 2018 08:17:03 PngImagePlugin.py[line:130] DEBUG STREAM b'IHDR' 16 13
Thu, 18 Jan 2018 08:17:03 PngImagePlugin.py[line:130] DEBUG STREAM b'IDAT' 41 8192
Thu, 18 Jan 2018 08:17:03 Iambest5.0.py[line:639] INFO ≤È’“À¢–¬
Thu, 18 Jan 2018 08:17:03 Iambest5.0.py[line:4300] INFO À¢
Thu, 18 Jan 2018 08:17:03 PngImagePlugin.py[line:130] DEBUG STREAM b'IHDR' 16 13
Thu, 18 Jan 2018 08:17:03 PngImagePlugin.py[line:130] DEBUG STREAM b'IDAT' 41 8192
Thu, 18 Jan 2018 08:17:03 PngImagePlugin.py[line:130] DEBUG STREAM b'IHDR' 16 13
Thu, 18 Jan 2018 08:17:03 PngImagePlugin.py[line:130] DEBUG STREAM b'IDAT' 41 8192
Thu, 18 Jan 2018 08:17:03 PngImagePlugin.py[line:130] DEBUG STREAM b'IHDR' 16 13
Thu, 18 Jan 2018 08:17:03 PngImagePlugin.py[line:130] DEBUG STREAM b'IDAT' 41 8192
Thu, 18 Jan 2018 08:17:03 Iambest5.0.py[line:639] INFO ≤È’“À¢–¬
Thu, 18 Jan 2018 08:17:03 Iambest5.0.py[line:4300] INFO À¢
Thu, 18 Jan 2018 08:17:03 PngImagePlugin.py[line:130] DEBUG STREAM b'IHDR' 16 13
Thu, 18 Jan 2018 08:17:03 PngImagePlugin.py[line:130] DEBUG STREAM b'IDAT' 41 8192
Thu, 18 Jan 2018 08:17:03 PngImagePlugin.py[line:130] DEBUG STREAM b'IHDR' 16 13
Thu, 18 Jan 2018 08:17:03 PngImagePlugin.py[line:130] DEBUG STREAM b'IDAT' 41 8192
Thu, 18 Jan 2018 08:17:03 Iambest5.0.py[line:639] INFO ≤È’“À¢–¬
Thu, 18 Jan 2018 08:17:03 Iambest5.0.py[line:4300] INFO À¢
Thu, 18 Jan 2018 08:17:03 PngImagePlugin.py[line:130] DEBUG STREAM b'IHDR' 16 13
Thu, 18 Jan 2018 08:17:03 PngImagePlugin.py[line:130] DEBUG STREAM b'IDAT' 41 8192
Thu, 18 Jan 2018 08:17:03 PngImagePlugin.py[line:130] DEBUG STREAM b'IHDR' 16 13
Thu, 18 Jan 2018 08:17:03 PngImagePlugin.py[line:130] DEBUG STREAM b'IDAT' 41 8192
Thu, 18 Jan 2018 08:17:03 PngImagePlugin.py[line:130] DEBUG STREAM b'IHDR' 16 13
Thu, 18 Jan 2018 08:17:03 Iambest5.0.py[line:639] INFO ≤È’“À¢–¬
Thu, 18 Jan 2018 08:17:03 PngImagePlugin.py[line:130] DEBUG STREAM b'IDAT' 41 8192
Thu, 18 Jan 2018 08:17:03 Iambest5.0.py[line:4300] INFO À¢
Thu, 18 Jan 2018 08:17:03 PngImagePlugin.py[line:130] DEBUG STREAM b'IHDR' 16 13
Thu, 18 Jan 2018 08:17:03 PngImagePlugin.py[line:130] DEBUG STREAM b'IDAT' 41 8192
Thu, 18 Jan 2018 08:17:03 PngImagePlugin.py[line:130] DEBUG STREAM b'IHDR' 16 13
Thu, 18 Jan 2018 08:17:03 PngImagePlugin.py[line:130] DEBUG STREAM b'IDAT' 41 8192
Thu, 18 Jan 2018 08:17:03 Iambest5.0.py[line:639] INFO ≤È’“À¢–¬
Thu, 18 Jan 2018 08:17:03 Iambest5.0.py[line:4300] INFO À¢
Thu, 18 Jan 2018 08:17:03 PngImagePlugin.py[line:130] DEBUG STREAM b'IHDR' 16 13
Thu, 18 Jan 2018 08:17:03 PngImagePlugin.py[line:130] DEBUG STREAM b'IDAT' 41 8192
Thu, 18 Jan 2018 08:17:03 PngImagePlugin.py[line:130] DEBUG STREAM b'IHDR' 16 13
Thu, 18 Jan 2018 08:17:03 PngImagePlugin.py[line:130] DEBUG STREAM b'IDAT' 41 8192
Thu, 18 Jan 2018 08:17:03 Iambest5.0.py[line:639] INFO ≤È’“À¢–¬
Thu, 18 Jan 2018 08:17:03 Iambest5.0.py[line:4300] INFO À¢
Thu, 18 Jan 2018 08:17:03 PngImagePlugin.py[line:130] DEBUG STREAM b'IHDR' 16 13
Thu, 18 Jan 2018 08:17:03 PngImagePlugin.py[line:130] DEBUG STREAM b'IDAT' 41 8192
Thu, 18 Jan 2018 08:17:03 PngImagePlugin.py[line:130] DEBUG STREAM b'IHDR' 16 13
Thu, 18 Jan 2018 08:17:03 PngImagePlugin.py[line:130] DEBUG STREAM b'IDAT' 41 8192
Thu, 18 Jan 2018 08:17:03 Iambest5.0.py[line:639] INFO ≤È’“À¢–¬
Thu, 18 Jan 2018 08:17:03 Iambest5.0.py[line:4300] INFO À¢
Thu, 18 Jan 2018 08:17:03 PngImagePlugin.py[line:130] DEBUG STREAM b'IHDR' 16 13
Thu, 18 Jan 2018 08:17:03 PngImagePlugin.py[line:130] DEBUG STREAM b'IDAT' 41 8192
Thu, 18 Jan 2018 08:17:03 PngImagePlugin.py[line:130] DEBUG STREAM b'IHDR' 16 13
Thu, 18 Jan 2018 08:17:03 PngImagePlugin.py[line:130] DEBUG STREAM b'IDAT' 41 8192
Thu, 18 Jan 2018 08:17:03 Iambest5.0.py[line:639] INFO ≤È’“À¢–¬
Thu, 18 Jan 2018 08:17:03 Iambest5.0.py[line:4300] INFO À¢
Thu, 18 Jan 2018 08:17:03 PngImagePlugin.py[line:130] DEBUG STREAM b'IHDR' 16 13
Thu, 18 Jan 2018 08:17:03 PngImagePlugin.py[line:130] DEBUG STREAM b'IDAT' 41 8192
Thu, 18 Jan 2018 08:17:03 PngImagePlugin.py[line:130] DEBUG STREAM b'IHDR' 16 13
Thu, 18 Jan 2018 08:17:03 PngImagePlugin.py[line:130] DEBUG STREAM b'IDAT' 41 8192
Thu, 18 Jan 2018 08:17:03 Iambest5.0.py[line:639] INFO ≤È’“À¢–¬
Thu, 18 Jan 2018 08:17:03 Iambest5.0.py[line:4300] INFO À¢
Thu, 18 Jan 2018 08:17:03 PngImagePlugin.py[line:130] DEBUG STREAM b'IHDR' 16 13
Thu, 18 Jan 2018 08:17:03 PngImagePlugin.py[line:130] DEBUG STREAM b'IDAT' 41 8192
Thu, 18 Jan 2018 08:17:03 PngImagePlugin.py[line:130] DEBUG STREAM b'IHDR' 16 13
Thu, 18 Jan 2018 08:17:03 PngImagePlugin.py[line:130] DEBUG STREAM b'IDAT' 41 8192
Thu, 18 Jan 2018 08:17:03 Iambest5.0.py[line:639] INFO ≤È’“À¢–¬
Thu, 18 Jan 2018 08:17:03 Iambest5.0.py[line:4300] INFO À¢
Thu, 18 Jan 2018 08:17:03 PngImagePlugin.py[line:130] DEBUG STREAM b'IHDR' 16 13
Thu, 18 Jan 2018 08:17:03 PngImagePlugin.py[line:130] DEBUG STREAM b'IDAT' 41 8192
Thu, 18 Jan 2018 08:17:03 PngImagePlugin.py[line:130] DEBUG STREAM b'IHDR' 16 13
Thu, 18 Jan 2018 08:17:03 PngImagePlugin.py[line:130] DEBUG STREAM b'IDAT' 41 8192
Thu, 18 Jan 2018 08:17:03 Iambest5.0.py[line:639] INFO ≤È’“À¢–¬
Thu, 18 Jan 2018 08:17:03 Iambest5.0.py[line:4300] INFO À¢
Thu, 18 Jan 2018 08:17:03 PngImagePlugin.py[line:130] DEBUG STREAM b'IHDR' 16 13
Thu, 18 Jan 2018 08:17:03 PngImagePlugin.py[line:130] DEBUG STREAM b'IDAT' 41 8192
Thu, 18 Jan 2018 08:17:03 PngImagePlugin.py[line:130] DEBUG STREAM b'IHDR' 16 13
Thu, 18 Jan 2018 08:17:03 PngImagePlugin.py[line:130] DEBUG STREAM b'IDAT' 41 8192
Thu, 18 Jan 2018 08:17:03 Iambest5.0.py[line:639] INFO ≤È’“À¢–¬
Thu, 18 Jan 2018 08:17:03 Iambest5.0.py[line:4300] INFO À¢
Thu, 18 Jan 2018 08:17:03 PngImagePlugin.py[line:130] DEBUG STREAM b'IHDR' 16 13
Thu, 18 Jan 2018 08:17:03 PngImagePlugin.py[line:130] DEBUG STREAM b'IDAT' 41 8192
Thu, 18 Jan 2018 08:17:03 PngImagePlugin.py[line:130] DEBUG STREAM b'IHDR' 16 13
Thu, 18 Jan 2018 08:17:03 PngImagePlugin.py[line:130] DEBUG STREAM b'IDAT' 41 8192
Thu, 18 Jan 2018 08:17:03 PngImagePlugin.py[line:130] DEBUG STREAM b'IHDR' 16 13
Thu, 18 Jan 2018 08:17:03 PngImagePlugin.py[line:130] DEBUG STREAM b'IDAT' 41 8192
Thu, 18 Jan 2018 08:17:03 Iambest5.0.py[line:639] INFO ≤È’“À¢–¬
Thu, 18 Jan 2018 08:17:03 Iambest5.0.py[line:4300] INFO À¢
Thu, 18 Jan 2018 08:17:03 PngImagePlugin.py[line:130] DEBUG STREAM b'IHDR' 16 13
Thu, 18 Jan 2018 08:17:03 PngImagePlugin.py[line:130] DEBUG STREAM b'IDAT' 41 8192
Thu, 18 Jan 2018 08:17:03 Iambest5.0.py[line:639] INFO ≤È’“À¢–¬
Thu, 18 Jan 2018 08:17:03 Iambest5.0.py[line:4300] INFO À¢
Thu, 18 Jan 2018 08:17:03 PngImagePlugin.py[line:130] DEBUG STREAM b'IHDR' 16 13
Thu, 18 Jan 2018 08:17:03 PngImagePlugin.py[line:130] DEBUG STREAM b'IDAT' 41 8192
Thu, 18 Jan 2018 08:17:03 PngImagePlugin.py[line:130] DEBUG STREAM b'IHDR' 16 13
Thu, 18 Jan 2018 08:17:03 PngImagePlugin.py[line:130] DEBUG STREAM b'IDAT' 41 8192
Thu, 18 Jan 2018 08:17:03 PngImagePlugin.py[line:130] DEBUG STREAM b'IHDR' 16 13
Thu, 18 Jan 2018 08:17:03 PngImagePlugin.py[line:130] DEBUG STREAM b'IDAT' 41 8192
Thu, 18 Jan 2018 08:17:03 Iambest5.0.py[line:639] INFO ≤È’“À¢–¬
Thu, 18 Jan 2018 08:17:03 Iambest5.0.py[line:4300] INFO À¢
Thu, 18 Jan 2018 08:17:03 PngImagePlugin.py[line:130] DEBUG STREAM b'IHDR' 16 13
Thu, 18 Jan 2018 08:17:03 PngImagePlugin.py[line:130] DEBUG STREAM b'IDAT' 41 8192
Thu, 18 Jan 2018 08:17:03 Iambest5.0.py[line:639] INFO ≤È’“À¢–¬
Thu, 18 Jan 2018 08:17:03 Iambest5.0.py[line:4300] INFO À¢
Thu, 18 Jan 2018 08:17:03 PngImagePlugin.py[line:130] DEBUG STREAM b'IHDR' 16 13
Thu, 18 Jan 2018 08:17:03 PngImagePlugin.py[line:130] DEBUG STREAM b'IDAT' 41 8192
Thu, 18 Jan 2018 08:17:03 PngImagePlugin.py[line:130] DEBUG STREAM b'IHDR' 16 13
Thu, 18 Jan 2018 08:17:03 PngImagePlugin.py[line:130] DEBUG STREAM b'IDAT' 41 8192
Thu, 18 Jan 2018 08:17:03 Iambest5.0.py[line:639] INFO ≤È’“À¢–¬
Thu, 18 Jan 2018 08:17:03 Iambest5.0.py[line:4300] INFO À¢
Thu, 18 Jan 2018 08:17:04 Iambest5.0.py[line:639] INFO ≤È’“À¢–¬
Thu, 18 Jan 2018 08:17:04 Iambest5.0.py[line:4300] INFO À¢
Thu, 18 Jan 2018 08:17:04 Iambest5.0.py[line:639] INFO ≤È’“À¢–¬
Thu, 18 Jan 2018 08:17:04 Iambest5.0.py[line:4300] INFO À¢
Thu, 18 Jan 2018 08:17:04 Iambest5.0.py[line:639] INFO ≤È’“À¢–¬
Thu, 18 Jan 2018 08:17:04 Iambest5.0.py[line:4300] INFO À¢
Thu, 18 Jan 2018 08:17:04 Iambest5.0.py[line:639] INFO ≤È’“À¢–¬
Thu, 18 Jan 2018 08:17:04 Iambest5.0.py[line:4300] INFO À¢
Thu, 18 Jan 2018 08:17:04 Iambest5.0.py[line:639] INFO ≤È’“À¢–¬
Thu, 18 Jan 2018 08:17:04 Iambest5.0.py[line:4300] INFO À¢
Thu, 18 Jan 2018 08:17:04 Iambest5.0.py[line:639] INFO ≤È’“À¢–¬
Thu, 18 Jan 2018 08:17:04 Iambest5.0.py[line:4300] INFO À¢
Thu, 18 Jan 2018 08:17:04 Iambest5.0.py[line:639] INFO ≤È’“À¢–¬
Thu, 18 Jan 2018 08:17:04 Iambest5.0.py[line:4300] INFO À¢
Thu, 18 Jan 2018 08:17:04 Iambest5.0.py[line:639] INFO ≤È’“À¢–¬
Thu, 18 Jan 2018 08:17:04 Iambest5.0.py[line:4300] INFO À¢
Thu, 18 Jan 2018 08:17:04 Iambest5.0.py[line:639] INFO ≤È’“À¢–¬
Thu, 18 Jan 2018 08:17:04 Iambest5.0.py[line:4300] INFO À¢
Thu, 18 Jan 2018 08:17:04 Iambest5.0.py[line:639] INFO ≤È’“À¢–¬
Thu, 18 Jan 2018 08:17:04 Iambest5.0.py[line:4300] INFO À¢
Thu, 18 Jan 2018 08:17:04 Iambest5.0.py[line:639] INFO ≤È’“À¢–¬
Thu, 18 Jan 2018 08:17:04 Iambest5.0.py[line:4300] INFO À¢
Thu, 18 Jan 2018 08:17:04 Iambest5.0.py[line:639] INFO ≤È’“À¢–¬
Thu, 18 Jan 2018 08:17:04 Iambest5.0.py[line:4300] INFO À¢
Thu, 18 Jan 2018 08:17:04 Iambest5.0.py[line:639] INFO ≤È’“À¢–¬
Thu, 18 Jan 2018 08:17:04 Iambest5.0.py[line:4300] INFO À¢
Thu, 18 Jan 2018 08:17:04 Iambest5.0.py[line:639] INFO ≤È’“À¢–¬
Thu, 18 Jan 2018 08:17:04 Iambest5.0.py[line:4300] INFO À¢
Thu, 18 Jan 2018 08:17:04 Iambest5.0.py[line:639] INFO ≤È’“À¢–¬
Thu, 18 Jan 2018 08:17:04 Iambest5.0.py[line:4300] INFO À¢
Thu, 18 Jan 2018 08:17:04 Iambest5.0.py[line:639] INFO ≤È’“À¢–¬
Thu, 18 Jan 2018 08:17:04 Iambest5.0.py[line:4300] INFO À¢
Thu, 18 Jan 2018 08:17:04 Iambest5.0.py[line:639] INFO ≤È’“À¢–¬
Thu, 18 Jan 2018 08:17:04 Iambest5.0.py[line:4300] INFO À¢
Thu, 18 Jan 2018 08:17:04 Iambest5.0.py[line:639] INFO ≤È’“À¢–¬
Thu, 18 Jan 2018 08:17:04 Iambest5.0.py[line:4300] INFO À¢
Thu, 18 Jan 2018 08:17:04 Iambest5.0.py[line:639] INFO ≤È’“À¢–¬
Thu, 18 Jan 2018 08:17:04 Iambest5.0.py[line:4300] INFO À¢
Thu, 18 Jan 2018 08:17:04 Iambest5.0.py[line:639] INFO ≤È’“À¢–¬
Thu, 18 Jan 2018 08:17:04 Iambest5.0.py[line:4300] INFO À¢
Thu, 18 Jan 2018 08:17:04 Iambest5.0.py[line:639] INFO ≤È’“À¢–¬
Thu, 18 Jan 2018 08:17:04 Iambest5.0.py[line:4300] INFO À¢
Thu, 18 Jan 2018 08:17:04 Iambest5.0.py[line:639] INFO ≤È’“À¢–¬
Thu, 18 Jan 2018 08:17:04 Iambest5.0.py[line:4300] INFO À¢
Thu, 18 Jan 2018 08:17:04 Iambest5.0.py[line:639] INFO ≤È’“À¢–¬
Thu, 18 Jan 2018 08:17:04 Iambest5.0.py[line:4300] INFO À¢
Thu, 18 Jan 2018 08:17:04 Iambest5.0.py[line:639] INFO ≤È’“À¢–¬
Thu, 18 Jan 2018 08:17:04 Iambest5.0.py[line:4300] INFO À¢
Thu, 18 Jan 2018 08:17:04 Iambest5.0.py[line:639] INFO ≤È’“À¢–¬
Thu, 18 Jan 2018 08:17:04 Iambest5.0.py[line:4300] INFO À¢
Thu, 18 Jan 2018 08:17:05 Iambest5.0.py[line:639] INFO ≤È’“À¢–¬
Thu, 18 Jan 2018 08:17:05 Iambest5.0.py[line:4300] INFO À¢
Thu, 18 Jan 2018 08:17:05 Iambest5.0.py[line:639] INFO ≤È’“À¢–¬
Thu, 18 Jan 2018 08:17:05 Iambest5.0.py[line:4300] INFO À¢
Thu, 18 Jan 2018 08:17:05 Iambest5.0.py[line:639] INFO ≤È’“À¢–¬
Thu, 18 Jan 2018 08:17:05 Iambest5.0.py[line:4300] INFO À¢
Thu, 18 Jan 2018 08:17:05 Iambest5.0.py[line:639] INFO ≤È’“À¢–¬
Thu, 18 Jan 2018 08:17:05 Iambest5.0.py[line:4300] INFO À¢
Thu, 18 Jan 2018 08:17:05 Iambest5.0.py[line:639] INFO ≤È’“À¢–¬
Thu, 18 Jan 2018 08:17:05 Iambest5.0.py[line:4300] INFO À¢
Thu, 18 Jan 2018 08:17:05 Iambest5.0.py[line:639] INFO ≤È’“À¢–¬
Thu, 18 Jan 2018 08:17:05 Iambest5.0.py[line:4300] INFO À¢
Thu, 18 Jan 2018 08:17:05 Iambest5.0.py[line:639] INFO ≤È’“À¢–¬
Thu, 18 Jan 2018 08:17:05 Iambest5.0.py[line:4300] INFO À¢
Thu, 18 Jan 2018 08:17:05 Iambest5.0.py[line:639] INFO ≤È’“À¢–¬
Thu, 18 Jan 2018 08:17:05 Iambest5.0.py[line:4300] INFO À¢
Thu, 18 Jan 2018 08:17:05 Iambest5.0.py[line:639] INFO ≤È’“À¢–¬
Thu, 18 Jan 2018 08:17:05 Iambest5.0.py[line:4300] INFO À¢
Thu, 18 Jan 2018 08:17:05 Iambest5.0.py[line:639] INFO ≤È’“À¢–¬
Thu, 18 Jan 2018 08:17:05 Iambest5.0.py[line:4300] INFO À¢
Thu, 18 Jan 2018 08:17:05 Iambest5.0.py[line:639] INFO ≤È’“À¢–¬
Thu, 18 Jan 2018 08:17:05 Iambest5.0.py[line:4300] INFO À¢
Thu, 18 Jan 2018 08:17:05 Iambest5.0.py[line:639] INFO ≤È’“À¢–¬
Thu, 18 Jan 2018 08:17:05 Iambest5.0.py[line:4300] INFO À¢
Thu, 18 Jan 2018 08:17:05 Iambest5.0.py[line:639] INFO ≤È’“À¢–¬
Thu, 18 Jan 2018 08:17:05 Iambest5.0.py[line:4300] INFO À¢
Thu, 18 Jan 2018 08:17:05 Iambest5.0.py[line:639] INFO ≤È’“À¢–¬
Thu, 18 Jan 2018 08:17:05 Iambest5.0.py[line:4300] INFO À¢
Thu, 18 Jan 2018 08:17:05 Iambest5.0.py[line:639] INFO ≤È’“À¢–¬
Thu, 18 Jan 2018 08:17:05 Iambest5.0.py[line:4300] INFO À¢
Thu, 18 Jan 2018 08:17:05 Iambest5.0.py[line:639] INFO ≤È’“À¢–¬
Thu, 18 Jan 2018 08:17:05 Iambest5.0.py[line:4300] INFO À¢
Thu, 18 Jan 2018 08:17:05 Iambest5.0.py[line:639] INFO ≤È’“À¢–¬
Thu, 18 Jan 2018 08:17:05 Iambest5.0.py[line:4300] INFO À¢
Thu, 18 Jan 2018 08:17:05 Iambest5.0.py[line:639] INFO ≤È’“À¢–¬
Thu, 18 Jan 2018 08:17:05 Iambest5.0.py[line:4300] INFO À¢
Thu, 18 Jan 2018 08:17:05 Iambest5.0.py[line:639] INFO ≤È’“À¢–¬
Thu, 18 Jan 2018 08:17:05 Iambest5.0.py[line:4300] INFO À¢
Thu, 18 Jan 2018 08:17:05 Iambest5.0.py[line:639] INFO ≤È’“À¢–¬
Thu, 18 Jan 2018 08:17:05 Iambest5.0.py[line:4300] INFO À¢
Thu, 18 Jan 2018 08:17:05 Iambest5.0.py[line:639] INFO ≤È’“À¢–¬
Thu, 18 Jan 2018 08:17:05 Iambest5.0.py[line:4300] INFO À¢
Thu, 18 Jan 2018 08:17:05 Iambest5.0.py[line:639] INFO ≤È’“À¢–¬
Thu, 18 Jan 2018 08:17:05 Iambest5.0.py[line:4300] INFO À¢
Thu, 18 Jan 2018 08:17:05 Iambest5.0.py[line:639] INFO ≤È’“À¢–¬
Thu, 18 Jan 2018 08:17:05 Iambest5.0.py[line:4300] INFO À¢
Thu, 18 Jan 2018 08:17:05 Iambest5.0.py[line:639] INFO ≤È’“À¢–¬
Thu, 18 Jan 2018 08:17:05 Iambest5.0.py[line:4300] INFO À¢
Thu, 18 Jan 2018 08:17:06 Iambest5.0.py[line:639] INFO ≤È’“À¢–¬
Thu, 18 Jan 2018 08:17:06 Iambest5.0.py[line:4300] INFO À¢
Thu, 18 Jan 2018 08:17:06 Iambest5.0.py[line:639] INFO ≤È’“À¢–¬
Thu, 18 Jan 2018 08:17:06 Iambest5.0.py[line:4300] INFO À¢
Thu, 18 Jan 2018 08:17:06 Iambest5.0.py[line:639] INFO ≤È’“À¢–¬
Thu, 18 Jan 2018 08:17:06 Iambest5.0.py[line:4300] INFO À¢
Thu, 18 Jan 2018 08:17:06 Iambest5.0.py[line:639] INFO ≤È’“À¢–¬
Thu, 18 Jan 2018 08:17:06 Iambest5.0.py[line:4300] INFO À¢
Thu, 18 Jan 2018 08:17:06 Iambest5.0.py[line:639] INFO ≤È’“À¢–¬
Thu, 18 Jan 2018 08:17:06 Iambest5.0.py[line:4300] INFO À¢
Thu, 18 Jan 2018 08:17:06 Iambest5.0.py[line:639] INFO ≤È’“À¢–¬
Thu, 18 Jan 2018 08:17:06 Iambest5.0.py[line:4300] INFO À¢
Thu, 18 Jan 2018 08:17:06 Iambest5.0.py[line:639] INFO ≤È’“À¢–¬
Thu, 18 Jan 2018 08:17:06 Iambest5.0.py[line:4300] INFO À¢
Thu, 18 Jan 2018 08:17:06 Iambest5.0.py[line:639] INFO ≤È’“À¢–¬
Thu, 18 Jan 2018 08:17:06 Iambest5.0.py[line:4300] INFO À¢
Thu, 18 Jan 2018 08:17:06 Iambest5.0.py[line:639] INFO ≤È’“À¢–¬
Thu, 18 Jan 2018 08:17:06 Iambest5.0.py[line:4300] INFO À¢
Thu, 18 Jan 2018 08:17:06 Iambest5.0.py[line:639] INFO ≤È’“À¢–¬
Thu, 18 Jan 2018 08:17:06 Iambest5.0.py[line:4300] INFO À¢
Thu, 18 Jan 2018 08:17:06 Iambest5.0.py[line:639] INFO ≤È’“À¢–¬
Thu, 18 Jan 2018 08:17:06 Iambest5.0.py[line:4300] INFO À¢
Thu, 18 Jan 2018 08:17:06 Iambest5.0.py[line:639] INFO ≤È’“À¢–¬
Thu, 18 Jan 2018 08:17:06 Iambest5.0.py[line:4300] INFO À¢
Thu, 18 Jan 2018 08:17:06 Iambest5.0.py[line:639] INFO ≤È’“À¢–¬
Thu, 18 Jan 2018 08:17:06 Iambest5.0.py[line:4300] INFO À¢
Thu, 18 Jan 2018 08:17:06 Iambest5.0.py[line:639] INFO ≤È’“À¢–¬
Thu, 18 Jan 2018 08:17:06 Iambest5.0.py[line:4300] INFO À¢
Thu, 18 Jan 2018 08:17:06 Iambest5.0.py[line:639] INFO ≤È’“À¢–¬
Thu, 18 Jan 2018 08:17:06 Iambest5.0.py[line:4300] INFO À¢
Thu, 18 Jan 2018 08:17:06 Iambest5.0.py[line:639] INFO ≤È’“À¢–¬
Thu, 18 Jan 2018 08:17:06 Iambest5.0.py[line:4300] INFO À¢
Thu, 18 Jan 2018 08:17:06 Iambest5.0.py[line:639] INFO ≤È’“À¢–¬
Thu, 18 Jan 2018 08:17:06 Iambest5.0.py[line:4300] INFO À¢
Thu, 18 Jan 2018 08:17:06 Iambest5.0.py[line:639] INFO ≤È’“À¢–¬
Thu, 18 Jan 2018 08:17:06 Iambest5.0.py[line:4300] INFO À¢
Thu, 18 Jan 2018 08:17:06 Iambest5.0.py[line:639] INFO ≤È’“À¢–¬
Thu, 18 Jan 2018 08:17:06 Iambest5.0.py[line:4300] INFO À¢
Thu, 18 Jan 2018 08:17:06 Iambest5.0.py[line:639] INFO ≤È’“À¢–¬
Thu, 18 Jan 2018 08:17:06 Iambest5.0.py[line:4300] INFO À¢
Thu, 18 Jan 2018 08:17:06 Iambest5.0.py[line:639] INFO ≤È’“À¢–¬
Thu, 18 Jan 2018 08:17:06 Iambest5.0.py[line:4300] INFO À¢
Thu, 18 Jan 2018 08:17:06 Iambest5.0.py[line:639] INFO ≤È’“À¢–¬
Thu, 18 Jan 2018 08:17:06 Iambest5.0.py[line:4300] INFO À¢
Thu, 18 Jan 2018 08:17:06 Iambest5.0.py[line:639] INFO ≤È’“À¢–¬
Thu, 18 Jan 2018 08:17:06 Iambest5.0.py[line:4300] INFO À¢
Thu, 18 Jan 2018 08:17:06 Iambest5.0.py[line:639] INFO ≤È’“À¢–¬
Thu, 18 Jan 2018 08:17:06 Iambest5.0.py[line:4300] INFO À¢
Thu, 18 Jan 2018 08:17:06 Iambest5.0.py[line:639] INFO ≤È’“À¢–¬
Thu, 18 Jan 2018 08:17:06 Iambest5.0.py[line:4300] INFO À¢
Thu, 18 Jan 2018 08:17:07 Iambest5.0.py[line:639] INFO ≤È’“À¢–¬
Thu, 18 Jan 2018 08:17:07 Iambest5.0.py[line:4300] INFO À¢
Thu, 18 Jan 2018 08:17:07 Iambest5.0.py[line:639] INFO ≤È’“À¢–¬
Thu, 18 Jan 2018 08:17:07 Iambest5.0.py[line:4300] INFO À¢
Thu, 18 Jan 2018 08:17:07 Iambest5.0.py[line:639] INFO ≤È’“À¢–¬
Thu, 18 Jan 2018 08:17:07 Iambest5.0.py[line:4300] INFO À¢
Thu, 18 Jan 2018 08:17:07 Iambest5.0.py[line:639] INFO ≤È’“À¢–¬
Thu, 18 Jan 2018 08:17:07 Iambest5.0.py[line:4300] INFO À¢
Thu, 18 Jan 2018 08:17:07 Iambest5.0.py[line:639] INFO ≤È’“À¢–¬
Thu, 18 Jan 2018 08:17:07 Iambest5.0.py[line:4300] INFO À¢
Thu, 18 Jan 2018 08:17:07 Iambest5.0.py[line:639] INFO ≤È’“À¢–¬
Thu, 18 Jan 2018 08:17:07 Iambest5.0.py[line:4300] INFO À¢
Thu, 18 Jan 2018 08:17:07 Iambest5.0.py[line:639] INFO ≤È’“À¢–¬
Thu, 18 Jan 2018 08:17:07 Iambest5.0.py[line:4300] INFO À¢
Thu, 18 Jan 2018 08:17:07 Iambest5.0.py[line:639] INFO ≤È’“À¢–¬
Thu, 18 Jan 2018 08:17:07 Iambest5.0.py[line:4300] INFO À¢
Thu, 18 Jan 2018 08:17:07 Iambest5.0.py[line:639] INFO ≤È’“À¢–¬
Thu, 18 Jan 2018 08:17:07 Iambest5.0.py[line:4300] INFO À¢
Thu, 18 Jan 2018 08:17:07 Iambest5.0.py[line:639] INFO ≤È’“À¢–¬
Thu, 18 Jan 2018 08:17:07 Iambest5.0.py[line:4300] INFO À¢
Thu, 18 Jan 2018 08:17:07 Iambest5.0.py[line:639] INFO ≤È’“À¢–¬
Thu, 18 Jan 2018 08:17:07 Iambest5.0.py[line:4300] INFO À¢
Thu, 18 Jan 2018 08:17:07 Iambest5.0.py[line:639] INFO ≤È’“À¢–¬
Thu, 18 Jan 2018 08:17:07 Iambest5.0.py[line:4300] INFO À¢
Thu, 18 Jan 2018 08:17:07 Iambest5.0.py[line:639] INFO ≤È’“À¢–¬
Thu, 18 Jan 2018 08:17:07 Iambest5.0.py[line:4300] INFO À¢
Thu, 18 Jan 2018 08:17:07 Iambest5.0.py[line:639] INFO ≤È’“À¢–¬
Thu, 18 Jan 2018 08:17:07 Iambest5.0.py[line:4300] INFO À¢
Thu, 18 Jan 2018 08:17:07 Iambest5.0.py[line:639] INFO ≤È’“À¢–¬
Thu, 18 Jan 2018 08:17:07 Iambest5.0.py[line:4300] INFO À¢
Thu, 18 Jan 2018 08:17:07 Iambest5.0.py[line:639] INFO ≤È’“À¢–¬
Thu, 18 Jan 2018 08:17:07 Iambest5.0.py[line:4300] INFO À¢
Thu, 18 Jan 2018 08:17:07 Iambest5.0.py[line:639] INFO ≤È’“À¢–¬
Thu, 18 Jan 2018 08:17:07 Iambest5.0.py[line:4300] INFO À¢
Thu, 18 Jan 2018 08:17:07 Iambest5.0.py[line:639] INFO ≤È’“À¢–¬
Thu, 18 Jan 2018 08:17:07 Iambest5.0.py[line:4300] INFO À¢
Thu, 18 Jan 2018 08:17:07 Iambest5.0.py[line:639] INFO ≤È’“À¢–¬
Thu, 18 Jan 2018 08:17:07 Iambest5.0.py[line:4300] INFO À¢
Thu, 18 Jan 2018 08:17:07 Iambest5.0.py[line:639] INFO ≤È’“À¢–¬
Thu, 18 Jan 2018 08:17:07 Iambest5.0.py[line:4300] INFO À¢
Thu, 18 Jan 2018 08:17:07 Iambest5.0.py[line:639] INFO ≤È’“À¢–¬
Thu, 18 Jan 2018 08:17:07 Iambest5.0.py[line:4300] INFO À¢
Thu, 18 Jan 2018 08:17:07 Iambest5.0.py[line:639] INFO ≤È’“À¢–¬
Thu, 18 Jan 2018 08:17:07 Iambest5.0.py[line:4300] INFO À¢
Thu, 18 Jan 2018 08:17:07 Iambest5.0.py[line:639] INFO ≤È’“À¢–¬
Thu, 18 Jan 2018 08:17:07 Iambest5.0.py[line:4300] INFO À¢
Thu, 18 Jan 2018 08:17:07 Iambest5.0.py[line:639] INFO ≤È’“À¢–¬
Thu, 18 Jan 2018 08:17:07 Iambest5.0.py[line:4300] INFO À¢
Thu, 18 Jan 2018 08:17:07 Iambest5.0.py[line:639] INFO ≤È’“À¢–¬
Thu, 18 Jan 2018 08:17:08 Iambest5.0.py[line:4300] INFO À¢
Thu, 18 Jan 2018 08:17:08 Iambest5.0.py[line:639] INFO ≤È’“À¢–¬
Thu, 18 Jan 2018 08:17:08 Iambest5.0.py[line:4300] INFO À¢
Thu, 18 Jan 2018 08:17:08 Iambest5.0.py[line:639] INFO ≤È’“À¢–¬
Thu, 18 Jan 2018 08:17:08 Iambest5.0.py[line:4300] INFO À¢
Thu, 18 Jan 2018 08:17:08 Iambest5.0.py[line:639] INFO ≤È’“À¢–¬
Thu, 18 Jan 2018 08:17:08 Iambest5.0.py[line:4300] INFO À¢
Thu, 18 Jan 2018 08:17:08 Iambest5.0.py[line:639] INFO ≤È’“À¢–¬
Thu, 18 Jan 2018 08:17:08 Iambest5.0.py[line:4300] INFO À¢
Thu, 18 Jan 2018 08:17:08 Iambest5.0.py[line:639] INFO ≤È’“À¢–¬
Thu, 18 Jan 2018 08:17:08 Iambest5.0.py[line:4300] INFO À¢
Thu, 18 Jan 2018 08:17:08 Iambest5.0.py[line:639] INFO ≤È’“À¢–¬
Thu, 18 Jan 2018 08:17:08 Iambest5.0.py[line:4300] INFO À¢
Thu, 18 Jan 2018 08:17:08 Iambest5.0.py[line:639] INFO ≤È’“À¢–¬
Thu, 18 Jan 2018 08:17:08 Iambest5.0.py[line:4300] INFO À¢
Thu, 18 Jan 2018 08:17:08 Iambest5.0.py[line:639] INFO ≤È’“À¢–¬
Thu, 18 Jan 2018 08:17:08 Iambest5.0.py[line:4300] INFO À¢
Thu, 18 Jan 2018 08:17:08 Iambest5.0.py[line:639] INFO ≤È’“À¢–¬
Thu, 18 Jan 2018 08:17:08 Iambest5.0.py[line:4300] INFO À¢
Thu, 18 Jan 2018 08:17:08 Iambest5.0.py[line:639] INFO ≤È’“À¢–¬
Thu, 18 Jan 2018 08:17:08 Iambest5.0.py[line:4300] INFO À¢
Thu, 18 Jan 2018 08:17:08 Iambest5.0.py[line:639] INFO ≤È’“À¢–¬
Thu, 18 Jan 2018 08:17:08 Iambest5.0.py[line:4300] INFO À¢
Thu, 18 Jan 2018 08:17:08 Iambest5.0.py[line:639] INFO ≤È’“À¢–¬
Thu, 18 Jan 2018 08:17:08 Iambest5.0.py[line:4300] INFO À¢
Thu, 18 Jan 2018 08:17:08 Iambest5.0.py[line:639] INFO ≤È’“À¢–¬
Thu, 18 Jan 2018 08:17:08 Iambest5.0.py[line:4300] INFO À¢
Thu, 18 Jan 2018 08:17:08 Iambest5.0.py[line:639] INFO ≤È’“À¢–¬
Thu, 18 Jan 2018 08:17:08 Iambest5.0.py[line:4300] INFO À¢
Thu, 18 Jan 2018 08:17:08 Iambest5.0.py[line:639] INFO ≤È’“À¢–¬
Thu, 18 Jan 2018 08:17:08 Iambest5.0.py[line:4300] INFO À¢
Thu, 18 Jan 2018 08:17:08 Iambest5.0.py[line:639] INFO ≤È’“À¢–¬
Thu, 18 Jan 2018 08:17:08 Iambest5.0.py[line:4300] INFO À¢
Thu, 18 Jan 2018 08:17:08 Iambest5.0.py[line:639] INFO ≤È’“À¢–¬
Thu, 18 Jan 2018 08:17:08 Iambest5.0.py[line:4300] INFO À¢
Thu, 18 Jan 2018 08:17:08 Iambest5.0.py[line:639] INFO ≤È’“À¢–¬
Thu, 18 Jan 2018 08:17:08 Iambest5.0.py[line:4300] INFO À¢
Thu, 18 Jan 2018 08:17:08 Iambest5.0.py[line:639] INFO ≤È’“À¢–¬
Thu, 18 Jan 2018 08:17:08 Iambest5.0.py[line:4300] INFO À¢
Thu, 18 Jan 2018 08:17:08 Iambest5.0.py[line:639] INFO ≤È’“À¢–¬
Thu, 18 Jan 2018 08:17:08 Iambest5.0.py[line:4300] INFO À¢
Thu, 18 Jan 2018 08:17:08 Iambest5.0.py[line:639] INFO ≤È’“À¢–¬
Thu, 18 Jan 2018 08:17:08 Iambest5.0.py[line:4300] INFO À¢
Thu, 18 Jan 2018 08:17:08 Iambest5.0.py[line:639] INFO ≤È’“À¢–¬
Thu, 18 Jan 2018 08:17:08 Iambest5.0.py[line:4300] INFO À¢
Thu, 18 Jan 2018 08:17:08 Iambest5.0.py[line:639] INFO ≤È’“À¢–¬
Thu, 18 Jan 2018 08:17:08 Iambest5.0.py[line:4300] INFO À¢
Thu, 18 Jan 2018 08:17:08 Iambest5.0.py[line:639] INFO ≤È’“À¢–¬
Thu, 18 Jan 2018 08:17:08 Iambest5.0.py[line:4300] INFO À¢
Thu, 18 Jan 2018 08:17:09 Iambest5.0.py[line:639] INFO ≤È’“À¢–¬
Thu, 18 Jan 2018 08:17:09 Iambest5.0.py[line:4300] INFO À¢
Thu, 18 Jan 2018 08:17:09 Iambest5.0.py[line:639] INFO ≤È’“À¢–¬
Thu, 18 Jan 2018 08:17:09 Iambest5.0.py[line:4300] INFO À¢
Thu, 18 Jan 2018 08:17:09 Iambest5.0.py[line:639] INFO ≤È’“À¢–¬
Thu, 18 Jan 2018 08:17:09 Iambest5.0.py[line:4300] INFO À¢
Thu, 18 Jan 2018 08:17:09 Iambest5.0.py[line:639] INFO ≤È’“À¢–¬
Thu, 18 Jan 2018 08:17:09 Iambest5.0.py[line:4300] INFO À¢
Thu, 18 Jan 2018 08:17:09 Iambest5.0.py[line:639] INFO ≤È’“À¢–¬
Thu, 18 Jan 2018 08:17:09 Iambest5.0.py[line:4300] INFO À¢
Thu, 18 Jan 2018 08:17:09 Iambest5.0.py[line:639] INFO ≤È’“À¢–¬
Thu, 18 Jan 2018 08:17:09 Iambest5.0.py[line:4300] INFO À¢
Thu, 18 Jan 2018 08:17:09 Iambest5.0.py[line:639] INFO ≤È’“À¢–¬
Thu, 18 Jan 2018 08:17:09 Iambest5.0.py[line:4300] INFO À¢
Thu, 18 Jan 2018 08:17:09 Iambest5.0.py[line:639] INFO ≤È’“À¢–¬
Thu, 18 Jan 2018 08:17:09 Iambest5.0.py[line:4300] INFO À¢
Thu, 18 Jan 2018 08:17:09 Iambest5.0.py[line:639] INFO ≤È’“À¢–¬
Thu, 18 Jan 2018 08:17:09 Iambest5.0.py[line:4300] INFO À¢
Thu, 18 Jan 2018 08:17:09 Iambest5.0.py[line:639] INFO ≤È’“À¢–¬
Thu, 18 Jan 2018 08:17:09 Iambest5.0.py[line:4300] INFO À¢
Thu, 18 Jan 2018 08:17:09 Iambest5.0.py[line:639] INFO ≤È’“À¢–¬
Thu, 18 Jan 2018 08:17:09 Iambest5.0.py[line:4300] INFO À¢
Thu, 18 Jan 2018 08:17:09 Iambest5.0.py[line:639] INFO ≤È’“À¢–¬
Thu, 18 Jan 2018 08:17:09 Iambest5.0.py[line:4300] INFO À¢
Thu, 18 Jan 2018 08:17:09 Iambest5.0.py[line:639] INFO ≤È’“À¢–¬
Thu, 18 Jan 2018 08:17:09 Iambest5.0.py[line:4300] INFO À¢
Thu, 18 Jan 2018 08:17:09 Iambest5.0.py[line:639] INFO ≤È’“À¢–¬
Thu, 18 Jan 2018 08:17:09 Iambest5.0.py[line:4300] INFO À¢
Thu, 18 Jan 2018 08:17:09 Iambest5.0.py[line:639] INFO ≤È’“À¢–¬
Thu, 18 Jan 2018 08:17:09 Iambest5.0.py[line:4300] INFO À¢
Thu, 18 Jan 2018 08:17:09 Iambest5.0.py[line:639] INFO ≤È’“À¢–¬
Thu, 18 Jan 2018 08:17:09 Iambest5.0.py[line:4300] INFO À¢
Thu, 18 Jan 2018 08:17:09 Iambest5.0.py[line:639] INFO ≤È’“À¢–¬
Thu, 18 Jan 2018 08:17:09 Iambest5.0.py[line:4300] INFO À¢
Thu, 18 Jan 2018 08:17:09 Iambest5.0.py[line:639] INFO ≤È’“À¢–¬
Thu, 18 Jan 2018 08:17:09 Iambest5.0.py[line:4300] INFO À¢
Thu, 18 Jan 2018 08:17:09 Iambest5.0.py[line:639] INFO ≤È’“À¢–¬
Thu, 18 Jan 2018 08:17:09 Iambest5.0.py[line:4300] INFO À¢
Thu, 18 Jan 2018 08:17:09 Iambest5.0.py[line:639] INFO ≤È’“À¢–¬
Thu, 18 Jan 2018 08:17:09 Iambest5.0.py[line:4300] INFO À¢
Thu, 18 Jan 2018 08:17:09 Iambest5.0.py[line:639] INFO ≤È’“À¢–¬
Thu, 18 Jan 2018 08:17:09 Iambest5.0.py[line:4300] INFO À¢
Thu, 18 Jan 2018 08:17:09 Iambest5.0.py[line:639] INFO ≤È’“À¢–¬
Thu, 18 Jan 2018 08:17:09 Iambest5.0.py[line:4300] INFO À¢
Thu, 18 Jan 2018 08:17:09 Iambest5.0.py[line:639] INFO ≤È’“À¢–¬
Thu, 18 Jan 2018 08:17:09 Iambest5.0.py[line:4300] INFO À¢
Thu, 18 Jan 2018 08:17:09 Iambest5.0.py[line:639] INFO ≤È’“À¢–¬
Thu, 18 Jan 2018 08:17:09 Iambest5.0.py[line:4300] INFO À¢
Thu, 18 Jan 2018 08:17:09 Iambest5.0.py[line:639] INFO ≤È’“À¢–¬
Thu, 18 Jan 2018 08:17:09 Iambest5.0.py[line:4300] INFO À¢
Thu, 18 Jan 2018 08:17:10 Iambest5.0.py[line:639] INFO ≤È’“À¢–¬
Thu, 18 Jan 2018 08:17:10 Iambest5.0.py[line:4300] INFO À¢
Thu, 18 Jan 2018 08:17:10 Iambest5.0.py[line:639] INFO ≤È’“À¢–¬
Thu, 18 Jan 2018 08:17:10 Iambest5.0.py[line:4300] INFO À¢
Thu, 18 Jan 2018 08:17:10 Iambest5.0.py[line:639] INFO ≤È’“À¢–¬
Thu, 18 Jan 2018 08:17:10 Iambest5.0.py[line:4300] INFO À¢
Thu, 18 Jan 2018 08:17:10 Iambest5.0.py[line:639] INFO ≤È’“À¢–¬
Thu, 18 Jan 2018 08:17:10 Iambest5.0.py[line:4300] INFO À¢
Thu, 18 Jan 2018 08:17:10 Iambest5.0.py[line:639] INFO ≤È’“À¢–¬
Thu, 18 Jan 2018 08:17:10 Iambest5.0.py[line:4300] INFO À¢
Thu, 18 Jan 2018 08:17:10 Iambest5.0.py[line:639] INFO ≤È’“À¢–¬
Thu, 18 Jan 2018 08:17:10 Iambest5.0.py[line:4300] INFO À¢
Thu, 18 Jan 2018 08:17:10 Iambest5.0.py[line:639] INFO ≤È’“À¢–¬
Thu, 18 Jan 2018 08:17:10 Iambest5.0.py[line:4300] INFO À¢
Thu, 18 Jan 2018 08:17:10 Iambest5.0.py[line:639] INFO ≤È’“À¢–¬
Thu, 18 Jan 2018 08:17:10 Iambest5.0.py[line:4300] INFO À¢
Thu, 18 Jan 2018 08:17:10 Iambest5.0.py[line:639] INFO ≤È’“À¢–¬
Thu, 18 Jan 2018 08:17:10 Iambest5.0.py[line:4300] INFO À¢
Thu, 18 Jan 2018 08:17:10 Iambest5.0.py[line:639] INFO ≤È’“À¢–¬
Thu, 18 Jan 2018 08:17:10 Iambest5.0.py[line:4300] INFO À¢
Thu, 18 Jan 2018 08:17:10 Iambest5.0.py[line:639] INFO ≤È’“À¢–¬
Thu, 18 Jan 2018 08:17:10 Iambest5.0.py[line:4300] INFO À¢
Thu, 18 Jan 2018 08:17:10 Iambest5.0.py[line:639] INFO ≤È’“À¢–¬
Thu, 18 Jan 2018 08:17:10 Iambest5.0.py[line:4300] INFO À¢
Thu, 18 Jan 2018 08:17:10 Iambest5.0.py[line:639] INFO ≤È’“À¢–¬
Thu, 18 Jan 2018 08:17:10 Iambest5.0.py[line:4300] INFO À¢
Thu, 18 Jan 2018 08:17:10 Iambest5.0.py[line:639] INFO ≤È’“À¢–¬
Thu, 18 Jan 2018 08:17:10 Iambest5.0.py[line:4300] INFO À¢
Thu, 18 Jan 2018 08:17:10 Iambest5.0.py[line:639] INFO ≤È’“À¢–¬
Thu, 18 Jan 2018 08:17:10 Iambest5.0.py[line:4300] INFO À¢
Thu, 18 Jan 2018 08:17:10 Iambest5.0.py[line:639] INFO ≤È’“À¢–¬
Thu, 18 Jan 2018 08:17:10 Iambest5.0.py[line:4300] INFO À¢
Thu, 18 Jan 2018 08:17:10 Iambest5.0.py[line:639] INFO ≤È’“À¢–¬
Thu, 18 Jan 2018 08:17:10 Iambest5.0.py[line:4300] INFO À¢
Thu, 18 Jan 2018 08:17:10 Iambest5.0.py[line:639] INFO ≤È’“À¢–¬
Thu, 18 Jan 2018 08:17:10 Iambest5.0.py[line:4300] INFO À¢
Thu, 18 Jan 2018 08:17:10 Iambest5.0.py[line:639] INFO ≤È’“À¢–¬
Thu, 18 Jan 2018 08:17:10 Iambest5.0.py[line:4300] INFO À¢
Thu, 18 Jan 2018 08:17:10 Iambest5.0.py[line:639] INFO ≤È’“À¢–¬
Thu, 18 Jan 2018 08:17:10 Iambest5.0.py[line:4300] INFO À¢
Thu, 18 Jan 2018 08:17:10 Iambest5.0.py[line:639] INFO ≤È’“À¢–¬
Thu, 18 Jan 2018 08:17:10 Iambest5.0.py[line:4300] INFO À¢
Thu, 18 Jan 2018 08:17:10 Iambest5.0.py[line:639] INFO ≤È’“À¢–¬
Thu, 18 Jan 2018 08:17:10 Iambest5.0.py[line:4300] INFO À¢
Thu, 18 Jan 2018 08:17:10 Iambest5.0.py[line:639] INFO ≤È’“À¢–¬
Thu, 18 Jan 2018 08:17:10 Iambest5.0.py[line:4300] INFO À¢
Thu, 18 Jan 2018 08:17:10 Iambest5.0.py[line:639] INFO ≤È’“À¢–¬
Thu, 18 Jan 2018 08:17:10 Iambest5.0.py[line:4300] INFO À¢
Thu, 18 Jan 2018 08:17:10 Iambest5.0.py[line:639] INFO ≤È’“À¢–¬
Thu, 18 Jan 2018 08:17:10 Iambest5.0.py[line:4300] INFO À¢
Thu, 18 Jan 2018 08:17:10 Iambest5.0.py[line:639] INFO ≤È’“À¢–¬
Thu, 18 Jan 2018 08:17:10 Iambest5.0.py[line:4300] INFO À¢
Thu, 18 Jan 2018 08:17:11 Iambest5.0.py[line:639] INFO ≤È’“À¢–¬
Thu, 18 Jan 2018 08:17:11 Iambest5.0.py[line:4300] INFO À¢
Thu, 18 Jan 2018 08:17:11 Iambest5.0.py[line:639] INFO ≤È’“À¢–¬
Thu, 18 Jan 2018 08:17:11 Iambest5.0.py[line:4300] INFO À¢
Thu, 18 Jan 2018 08:17:11 Iambest5.0.py[line:639] INFO ≤È’“À¢–¬
Thu, 18 Jan 2018 08:17:11 Iambest5.0.py[line:4300] INFO À¢
Thu, 18 Jan 2018 08:17:11 Iambest5.0.py[line:639] INFO ≤È’“À¢–¬
Thu, 18 Jan 2018 08:17:11 Iambest5.0.py[line:4300] INFO À¢
Thu, 18 Jan 2018 08:17:11 Iambest5.0.py[line:639] INFO ≤È’“À¢–¬
Thu, 18 Jan 2018 08:17:11 Iambest5.0.py[line:4300] INFO À¢
Thu, 18 Jan 2018 08:17:11 Iambest5.0.py[line:639] INFO ≤È’“À¢–¬
Thu, 18 Jan 2018 08:17:11 Iambest5.0.py[line:4300] INFO À¢
Thu, 18 Jan 2018 08:17:11 Iambest5.0.py[line:639] INFO ≤È’“À¢–¬
Thu, 18 Jan 2018 08:17:11 Iambest5.0.py[line:4300] INFO À¢
Thu, 18 Jan 2018 08:17:11 Iambest5.0.py[line:639] INFO ≤È’“À¢–¬
Thu, 18 Jan 2018 08:17:11 Iambest5.0.py[line:4300] INFO À¢
Thu, 18 Jan 2018 08:17:11 Iambest5.0.py[line:639] INFO ≤È’“À¢–¬
Thu, 18 Jan 2018 08:17:11 Iambest5.0.py[line:4300] INFO À¢
Thu, 18 Jan 2018 08:17:11 Iambest5.0.py[line:639] INFO ≤È’“À¢–¬
Thu, 18 Jan 2018 08:17:11 Iambest5.0.py[line:4300] INFO À¢
Thu, 18 Jan 2018 08:17:11 Iambest5.0.py[line:639] INFO ≤È’“À¢–¬
Thu, 18 Jan 2018 08:17:11 Iambest5.0.py[line:4300] INFO À¢
Thu, 18 Jan 2018 08:17:11 Iambest5.0.py[line:639] INFO ≤È’“À¢–¬
Thu, 18 Jan 2018 08:17:11 Iambest5.0.py[line:4300] INFO À¢
Thu, 18 Jan 2018 08:17:11 Iambest5.0.py[line:639] INFO ≤È’“À¢–¬
Thu, 18 Jan 2018 08:17:11 Iambest5.0.py[line:4300] INFO À¢
Thu, 18 Jan 2018 08:17:11 Iambest5.0.py[line:639] INFO ≤È’“À¢–¬
Thu, 18 Jan 2018 08:17:11 Iambest5.0.py[line:4300] INFO À¢
Thu, 18 Jan 2018 08:17:11 Iambest5.0.py[line:639] INFO ≤È’“À¢–¬
Thu, 18 Jan 2018 08:17:11 Iambest5.0.py[line:4300] INFO À¢
Thu, 18 Jan 2018 08:17:11 Iambest5.0.py[line:639] INFO ≤È’“À¢–¬
Thu, 18 Jan 2018 08:17:11 Iambest5.0.py[line:4300] INFO À¢
Thu, 18 Jan 2018 08:17:11 Iambest5.0.py[line:639] INFO ≤È’“À¢–¬
Thu, 18 Jan 2018 08:17:11 Iambest5.0.py[line:4300] INFO À¢
Thu, 18 Jan 2018 08:17:11 Iambest5.0.py[line:639] INFO ≤È’“À¢–¬
Thu, 18 Jan 2018 08:17:11 Iambest5.0.py[line:4300] INFO À¢
Thu, 18 Jan 2018 08:17:11 Iambest5.0.py[line:639] INFO ≤È’“À¢–¬
Thu, 18 Jan 2018 08:17:11 Iambest5.0.py[line:4300] INFO À¢
Thu, 18 Jan 2018 08:17:11 Iambest5.0.py[line:639] INFO ≤È’“À¢–¬
Thu, 18 Jan 2018 08:17:11 Iambest5.0.py[line:4300] INFO À¢
Thu, 18 Jan 2018 08:17:11 Iambest5.0.py[line:639] INFO ≤È’“À¢–¬
Thu, 18 Jan 2018 08:17:11 Iambest5.0.py[line:4300] INFO À¢
Thu, 18 Jan 2018 08:17:11 Iambest5.0.py[line:639] INFO ≤È’“À¢–¬
Thu, 18 Jan 2018 08:17:11 Iambest5.0.py[line:4300] INFO À¢
Thu, 18 Jan 2018 08:17:11 Iambest5.0.py[line:639] INFO ≤È’“À¢–¬
Thu, 18 Jan 2018 08:17:11 Iambest5.0.py[line:4300] INFO À¢
Thu, 18 Jan 2018 08:17:11 Iambest5.0.py[line:639] INFO ≤È’“À¢–¬
Thu, 18 Jan 2018 08:17:11 Iambest5.0.py[line:4300] INFO À¢
Thu, 18 Jan 2018 08:17:11 Iambest5.0.py[line:639] INFO ≤È’“À¢–¬
Thu, 18 Jan 2018 08:17:11 Iambest5.0.py[line:4300] INFO À¢
Thu, 18 Jan 2018 08:17:11 Iambest5.0.py[line:639] INFO ≤È’“À¢–¬
Thu, 18 Jan 2018 08:17:11 Iambest5.0.py[line:4300] INFO À¢
Thu, 18 Jan 2018 08:17:12 Iambest5.0.py[line:639] INFO ≤È’“À¢–¬
Thu, 18 Jan 2018 08:17:12 Iambest5.0.py[line:4300] INFO À¢
Thu, 18 Jan 2018 08:17:12 Iambest5.0.py[line:639] INFO ≤È’“À¢–¬
Thu, 18 Jan 2018 08:17:12 Iambest5.0.py[line:4300] INFO À¢
Thu, 18 Jan 2018 08:17:12 Iambest5.0.py[line:639] INFO ≤È’“À¢–¬
Thu, 18 Jan 2018 08:17:12 Iambest5.0.py[line:4300] INFO À¢
Thu, 18 Jan 2018 08:17:12 Iambest5.0.py[line:639] INFO ≤È’“À¢–¬
Thu, 18 Jan 2018 08:17:12 Iambest5.0.py[line:4300] INFO À¢
Thu, 18 Jan 2018 08:17:12 Iambest5.0.py[line:639] INFO ≤È’“À¢–¬
Thu, 18 Jan 2018 08:17:12 Iambest5.0.py[line:4300] INFO À¢
Thu, 18 Jan 2018 08:17:12 Iambest5.0.py[line:639] INFO ≤È’“À¢–¬
Thu, 18 Jan 2018 08:17:12 Iambest5.0.py[line:4300] INFO À¢
Thu, 18 Jan 2018 08:17:12 Iambest5.0.py[line:639] INFO ≤È’“À¢–¬
Thu, 18 Jan 2018 08:17:12 Iambest5.0.py[line:4300] INFO À¢
Thu, 18 Jan 2018 08:17:12 Iambest5.0.py[line:639] INFO ≤È’“À¢–¬
Thu, 18 Jan 2018 08:17:12 Iambest5.0.py[line:4300] INFO À¢
Thu, 18 Jan 2018 08:17:12 Iambest5.0.py[line:639] INFO ≤È’“À¢–¬
Thu, 18 Jan 2018 08:17:12 Iambest5.0.py[line:4300] INFO À¢
Thu, 18 Jan 2018 08:17:12 Iambest5.0.py[line:639] INFO ≤È’“À¢–¬
Thu, 18 Jan 2018 08:17:12 Iambest5.0.py[line:4300] INFO À¢
Thu, 18 Jan 2018 08:17:12 Iambest5.0.py[line:639] INFO ≤È’“À¢–¬
Thu, 18 Jan 2018 08:17:12 Iambest5.0.py[line:4300] INFO À¢
Thu, 18 Jan 2018 08:17:12 Iambest5.0.py[line:639] INFO ≤È’“À¢–¬
Thu, 18 Jan 2018 08:17:12 Iambest5.0.py[line:4300] INFO À¢
Thu, 18 Jan 2018 08:17:12 Iambest5.0.py[line:639] INFO ≤È’“À¢–¬
Thu, 18 Jan 2018 08:17:12 Iambest5.0.py[line:4300] INFO À¢
Thu, 18 Jan 2018 08:17:12 Iambest5.0.py[line:639] INFO ≤È’“À¢–¬
Thu, 18 Jan 2018 08:17:12 Iambest5.0.py[line:4300] INFO À¢
Thu, 18 Jan 2018 08:17:12 Iambest5.0.py[line:639] INFO ≤È’“À¢–¬
Thu, 18 Jan 2018 08:17:12 Iambest5.0.py[line:4300] INFO À¢
Thu, 18 Jan 2018 08:17:12 Iambest5.0.py[line:639] INFO ≤È’“À¢–¬
Thu, 18 Jan 2018 08:17:12 Iambest5.0.py[line:4300] INFO À¢
Thu, 18 Jan 2018 08:17:12 Iambest5.0.py[line:639] INFO ≤È’“À¢–¬
Thu, 18 Jan 2018 08:17:12 Iambest5.0.py[line:4300] INFO À¢
Thu, 18 Jan 2018 08:17:12 Iambest5.0.py[line:639] INFO ≤È’“À¢–¬
Thu, 18 Jan 2018 08:17:12 Iambest5.0.py[line:4300] INFO À¢
Thu, 18 Jan 2018 08:17:12 Iambest5.0.py[line:639] INFO ≤È’“À¢–¬
Thu, 18 Jan 2018 08:17:12 Iambest5.0.py[line:4300] INFO À¢
Thu, 18 Jan 2018 08:17:12 Iambest5.0.py[line:639] INFO ≤È’“À¢–¬
Thu, 18 Jan 2018 08:17:12 Iambest5.0.py[line:4300] INFO À¢
Thu, 18 Jan 2018 08:17:12 Iambest5.0.py[line:639] INFO ≤È’“À¢–¬
Thu, 18 Jan 2018 08:17:12 Iambest5.0.py[line:4300] INFO À¢
Thu, 18 Jan 2018 08:17:12 Iambest5.0.py[line:639] INFO ≤È’“À¢–¬
Thu, 18 Jan 2018 08:17:12 Iambest5.0.py[line:4300] INFO À¢
Thu, 18 Jan 2018 08:17:12 Iambest5.0.py[line:639] INFO ≤È’“À¢–¬
Thu, 18 Jan 2018 08:17:12 Iambest5.0.py[line:4300] INFO À¢
Thu, 18 Jan 2018 08:17:12 Iambest5.0.py[line:639] INFO ≤È’“À¢–¬
Thu, 18 Jan 2018 08:17:12 Iambest5.0.py[line:4300] INFO À¢
Thu, 18 Jan 2018 08:17:12 Iambest5.0.py[line:639] INFO ≤È’“À¢–¬
Thu, 18 Jan 2018 08:17:12 Iambest5.0.py[line:4300] INFO À¢
Thu, 18 Jan 2018 08:17:12 Iambest5.0.py[line:639] INFO ≤È’“À¢–¬
Thu, 18 Jan 2018 08:17:12 Iambest5.0.py[line:4300] INFO À¢
Thu, 18 Jan 2018 08:17:13 Iambest5.0.py[line:639] INFO ≤È’“À¢–¬
Thu, 18 Jan 2018 08:17:13 Iambest5.0.py[line:4300] INFO À¢
Thu, 18 Jan 2018 08:17:13 Iambest5.0.py[line:639] INFO ≤È’“À¢–¬
Thu, 18 Jan 2018 08:17:13 Iambest5.0.py[line:4300] INFO À¢
Thu, 18 Jan 2018 08:17:13 Iambest5.0.py[line:639] INFO ≤È’“À¢–¬
Thu, 18 Jan 2018 08:17:13 Iambest5.0.py[line:4300] INFO À¢
Thu, 18 Jan 2018 08:17:13 Iambest5.0.py[line:639] INFO ≤È’“À¢–¬
Thu, 18 Jan 2018 08:17:13 Iambest5.0.py[line:4300] INFO À¢
Thu, 18 Jan 2018 08:17:13 Iambest5.0.py[line:639] INFO ≤È’“À¢–¬
Thu, 18 Jan 2018 08:17:13 Iambest5.0.py[line:4300] INFO À¢
Thu, 18 Jan 2018 08:17:13 Iambest5.0.py[line:639] INFO ≤È’“À¢–¬
Thu, 18 Jan 2018 08:17:13 Iambest5.0.py[line:4300] INFO À¢
Thu, 18 Jan 2018 08:17:13 Iambest5.0.py[line:639] INFO ≤È’“À¢–¬
Thu, 18 Jan 2018 08:17:13 Iambest5.0.py[line:4300] INFO À¢
Thu, 18 Jan 2018 08:17:13 Iambest5.0.py[line:639] INFO ≤È’“À¢–¬
Thu, 18 Jan 2018 08:17:13 Iambest5.0.py[line:4300] INFO À¢
Thu, 18 Jan 2018 08:17:13 Iambest5.0.py[line:639] INFO ≤È’“À¢–¬
Thu, 18 Jan 2018 08:17:13 Iambest5.0.py[line:4300] INFO À¢
Thu, 18 Jan 2018 08:17:13 Iambest5.0.py[line:639] INFO ≤È’“À¢–¬
Thu, 18 Jan 2018 08:17:13 Iambest5.0.py[line:4300] INFO À¢
Thu, 18 Jan 2018 08:17:13 Iambest5.0.py[line:639] INFO ≤È’“À¢–¬
Thu, 18 Jan 2018 08:17:13 Iambest5.0.py[line:4300] INFO À¢
Thu, 18 Jan 2018 08:17:13 Iambest5.0.py[line:639] INFO ≤È’“À¢–¬
Thu, 18 Jan 2018 08:17:13 Iambest5.0.py[line:4300] INFO À¢
Thu, 18 Jan 2018 08:17:13 Iambest5.0.py[line:639] INFO ≤È’“À¢–¬
Thu, 18 Jan 2018 08:17:13 Iambest5.0.py[line:4300] INFO À¢
Thu, 18 Jan 2018 08:17:13 Iambest5.0.py[line:639] INFO ≤È’“À¢–¬
Thu, 18 Jan 2018 08:17:13 Iambest5.0.py[line:4300] INFO À¢
Thu, 18 Jan 2018 08:17:13 Iambest5.0.py[line:639] INFO ≤È’“À¢–¬
Thu, 18 Jan 2018 08:17:13 Iambest5.0.py[line:4300] INFO À¢
Thu, 18 Jan 2018 08:17:13 Iambest5.0.py[line:639] INFO ≤È’“À¢–¬
Thu, 18 Jan 2018 08:17:13 Iambest5.0.py[line:4300] INFO À¢
Thu, 18 Jan 2018 08:17:13 Iambest5.0.py[line:639] INFO ≤È’“À¢–¬
Thu, 18 Jan 2018 08:17:13 Iambest5.0.py[line:4300] INFO À¢
Thu, 18 Jan 2018 08:17:13 Iambest5.0.py[line:639] INFO ≤È’“À¢–¬
Thu, 18 Jan 2018 08:17:13 Iambest5.0.py[line:4300] INFO À¢
Thu, 18 Jan 2018 08:17:13 Iambest5.0.py[line:639] INFO ≤È’“À¢–¬
Thu, 18 Jan 2018 08:17:13 Iambest5.0.py[line:4300] INFO À¢
Thu, 18 Jan 2018 08:17:13 Iambest5.0.py[line:639] INFO ≤È’“À¢–¬
Thu, 18 Jan 2018 08:17:13 Iambest5.0.py[line:4300] INFO À¢
Thu, 18 Jan 2018 08:17:13 Iambest5.0.py[line:639] INFO ≤È’“À¢–¬
Thu, 18 Jan 2018 08:17:13 Iambest5.0.py[line:4300] INFO À¢
Thu, 18 Jan 2018 08:17:13 Iambest5.0.py[line:639] INFO ≤È’“À¢–¬
Thu, 18 Jan 2018 08:17:13 Iambest5.0.py[line:4300] INFO À¢
Thu, 18 Jan 2018 08:17:13 Iambest5.0.py[line:639] INFO ≤È’“À¢–¬
Thu, 18 Jan 2018 08:17:13 Iambest5.0.py[line:4300] INFO À¢
Thu, 18 Jan 2018 08:17:13 Iambest5.0.py[line:639] INFO ≤È’“À¢–¬
Thu, 18 Jan 2018 08:17:13 Iambest5.0.py[line:4300] INFO À¢
Thu, 18 Jan 2018 08:17:13 Iambest5.0.py[line:639] INFO ≤È’“À¢–¬
Thu, 18 Jan 2018 08:17:13 Iambest5.0.py[line:4300] INFO À¢
Thu, 18 Jan 2018 08:17:13 Iambest5.0.py[line:639] INFO ≤È’“À¢–¬
Thu, 18 Jan 2018 08:17:13 Iambest5.0.py[line:4300] INFO À¢
Thu, 18 Jan 2018 08:17:14 Iambest5.0.py[line:639] INFO ≤È’“À¢–¬
Thu, 18 Jan 2018 08:17:14 Iambest5.0.py[line:4300] INFO À¢
Thu, 18 Jan 2018 08:17:14 Iambest5.0.py[line:639] INFO ≤È’“À¢–¬
Thu, 18 Jan 2018 08:17:14 Iambest5.0.py[line:4300] INFO À¢
Thu, 18 Jan 2018 08:17:14 Iambest5.0.py[line:639] INFO ≤È’“À¢–¬
Thu, 18 Jan 2018 08:17:14 Iambest5.0.py[line:4300] INFO À¢
Thu, 18 Jan 2018 08:17:14 Iambest5.0.py[line:639] INFO ≤È’“À¢–¬
Thu, 18 Jan 2018 08:17:14 Iambest5.0.py[line:4300] INFO À¢
Thu, 18 Jan 2018 08:17:14 Iambest5.0.py[line:639] INFO ≤È’“À¢–¬
Thu, 18 Jan 2018 08:17:14 Iambest5.0.py[line:4300] INFO À¢
Thu, 18 Jan 2018 08:17:14 Iambest5.0.py[line:639] INFO ≤È’“À¢–¬
Thu, 18 Jan 2018 08:17:14 Iambest5.0.py[line:4300] INFO À¢
Thu, 18 Jan 2018 08:17:14 Iambest5.0.py[line:639] INFO ≤È’“À¢–¬
Thu, 18 Jan 2018 08:17:14 Iambest5.0.py[line:4300] INFO À¢
Thu, 18 Jan 2018 08:17:14 Iambest5.0.py[line:639] INFO ≤È’“À¢–¬
Thu, 18 Jan 2018 08:17:14 Iambest5.0.py[line:4300] INFO À¢
Thu, 18 Jan 2018 08:17:14 Iambest5.0.py[line:639] INFO ≤È’“À¢–¬
Thu, 18 Jan 2018 08:17:14 Iambest5.0.py[line:4300] INFO À¢
Thu, 18 Jan 2018 08:17:14 Iambest5.0.py[line:639] INFO ≤È’“À¢–¬
Thu, 18 Jan 2018 08:17:14 Iambest5.0.py[line:4300] INFO À¢
Thu, 18 Jan 2018 08:17:14 Iambest5.0.py[line:639] INFO ≤È’“À¢–¬
Thu, 18 Jan 2018 08:17:14 Iambest5.0.py[line:4300] INFO À¢
Thu, 18 Jan 2018 08:17:14 Iambest5.0.py[line:639] INFO ≤È’“À¢–¬
Thu, 18 Jan 2018 08:17:14 Iambest5.0.py[line:4300] INFO À¢
Thu, 18 Jan 2018 08:17:14 Iambest5.0.py[line:639] INFO ≤È’“À¢–¬
Thu, 18 Jan 2018 08:17:14 Iambest5.0.py[line:4300] INFO À¢
Thu, 18 Jan 2018 08:17:14 Iambest5.0.py[line:639] INFO ≤È’“À¢–¬
Thu, 18 Jan 2018 08:17:14 Iambest5.0.py[line:4300] INFO À¢
Thu, 18 Jan 2018 08:17:14 Iambest5.0.py[line:639] INFO ≤È’“À¢–¬
Thu, 18 Jan 2018 08:17:14 Iambest5.0.py[line:4300] INFO À¢
Thu, 18 Jan 2018 08:17:14 Iambest5.0.py[line:639] INFO ≤È’“À¢–¬
Thu, 18 Jan 2018 08:17:14 Iambest5.0.py[line:4300] INFO À¢
Thu, 18 Jan 2018 08:17:14 Iambest5.0.py[line:639] INFO ≤È’“À¢–¬
Thu, 18 Jan 2018 08:17:14 Iambest5.0.py[line:4300] INFO À¢
Thu, 18 Jan 2018 08:17:14 Iambest5.0.py[line:639] INFO ≤È’“À¢–¬
Thu, 18 Jan 2018 08:17:14 Iambest5.0.py[line:4300] INFO À¢
Thu, 18 Jan 2018 08:17:14 Iambest5.0.py[line:639] INFO ≤È’“À¢–¬
Thu, 18 Jan 2018 08:17:14 Iambest5.0.py[line:4300] INFO À¢
Thu, 18 Jan 2018 08:17:14 Iambest5.0.py[line:639] INFO ≤È’“À¢–¬
Thu, 18 Jan 2018 08:17:14 Iambest5.0.py[line:4300] INFO À¢
Thu, 18 Jan 2018 08:17:14 Iambest5.0.py[line:639] INFO ≤È’“À¢–¬
Thu, 18 Jan 2018 08:17:14 Iambest5.0.py[line:4300] INFO À¢
Thu, 18 Jan 2018 08:17:14 Iambest5.0.py[line:639] INFO ≤È’“À¢–¬
Thu, 18 Jan 2018 08:17:14 Iambest5.0.py[line:4300] INFO À¢
Thu, 18 Jan 2018 08:17:15 Iambest5.0.py[line:639] INFO ≤È’“À¢–¬
Thu, 18 Jan 2018 08:17:15 Iambest5.0.py[line:4300] INFO À¢
Thu, 18 Jan 2018 08:17:15 Iambest5.0.py[line:639] INFO ≤È’“À¢–¬
Thu, 18 Jan 2018 08:17:15 Iambest5.0.py[line:4300] INFO À¢
Thu, 18 Jan 2018 08:17:15 Iambest5.0.py[line:639] INFO ≤È’“À¢–¬
Thu, 18 Jan 2018 08:17:15 Iambest5.0.py[line:4300] INFO À¢
Thu, 18 Jan 2018 08:17:15 Iambest5.0.py[line:639] INFO ≤È’“À¢–¬
Thu, 18 Jan 2018 08:17:15 Iambest5.0.py[line:4300] INFO À¢
Thu, 18 Jan 2018 08:17:15 Iambest5.0.py[line:639] INFO ≤È’“À¢–¬
Thu, 18 Jan 2018 08:17:15 Iambest5.0.py[line:4300] INFO À¢
Thu, 18 Jan 2018 08:17:15 Iambest5.0.py[line:639] INFO ≤È’“À¢–¬
Thu, 18 Jan 2018 08:17:15 Iambest5.0.py[line:4300] INFO À¢
Thu, 18 Jan 2018 08:17:15 Iambest5.0.py[line:639] INFO ≤È’“À¢–¬
Thu, 18 Jan 2018 08:17:15 Iambest5.0.py[line:4300] INFO À¢
Thu, 18 Jan 2018 08:17:15 Iambest5.0.py[line:639] INFO ≤È’“À¢–¬
Thu, 18 Jan 2018 08:17:15 Iambest5.0.py[line:4300] INFO À¢
Thu, 18 Jan 2018 08:17:15 Iambest5.0.py[line:639] INFO ≤È’“À¢–¬
Thu, 18 Jan 2018 08:17:15 Iambest5.0.py[line:4300] INFO À¢
Thu, 18 Jan 2018 08:17:15 Iambest5.0.py[line:639] INFO ≤È’“À¢–¬
Thu, 18 Jan 2018 08:17:15 Iambest5.0.py[line:4300] INFO À¢
Thu, 18 Jan 2018 08:17:15 Iambest5.0.py[line:639] INFO ≤È’“À¢–¬
Thu, 18 Jan 2018 08:17:15 Iambest5.0.py[line:4300] INFO À¢
Thu, 18 Jan 2018 08:17:15 Iambest5.0.py[line:639] INFO ≤È’“À¢–¬
Thu, 18 Jan 2018 08:17:15 Iambest5.0.py[line:4300] INFO À¢
Thu, 18 Jan 2018 08:17:15 Iambest5.0.py[line:639] INFO ≤È’“À¢–¬
Thu, 18 Jan 2018 08:17:15 Iambest5.0.py[line:4300] INFO À¢
Thu, 18 Jan 2018 08:17:15 Iambest5.0.py[line:639] INFO ≤È’“À¢–¬
Thu, 18 Jan 2018 08:17:15 Iambest5.0.py[line:4300] INFO À¢
Thu, 18 Jan 2018 08:17:15 Iambest5.0.py[line:639] INFO ≤È’“À¢–¬
Thu, 18 Jan 2018 08:17:15 Iambest5.0.py[line:4300] INFO À¢
Thu, 18 Jan 2018 08:17:15 Iambest5.0.py[line:639] INFO ≤È’“À¢–¬
Thu, 18 Jan 2018 08:17:15 Iambest5.0.py[line:4300] INFO À¢
Thu, 18 Jan 2018 08:17:16 Iambest5.0.py[line:639] INFO ≤È’“À¢–¬
Thu, 18 Jan 2018 08:17:16 Iambest5.0.py[line:4300] INFO À¢
Thu, 18 Jan 2018 08:17:16 Iambest5.0.py[line:639] INFO ≤È’“À¢–¬
Thu, 18 Jan 2018 08:17:16 Iambest5.0.py[line:4300] INFO À¢
Thu, 18 Jan 2018 08:17:16 Iambest5.0.py[line:639] INFO ≤È’“À¢–¬
Thu, 18 Jan 2018 08:17:16 Iambest5.0.py[line:4300] INFO À¢
Thu, 18 Jan 2018 08:17:16 Iambest5.0.py[line:639] INFO ≤È’“À¢–¬
Thu, 18 Jan 2018 08:17:16 Iambest5.0.py[line:4300] INFO À¢
Thu, 18 Jan 2018 08:17:16 Iambest5.0.py[line:639] INFO ≤È’“À¢–¬
Thu, 18 Jan 2018 08:17:16 Iambest5.0.py[line:4300] INFO À¢
Thu, 18 Jan 2018 08:17:16 Iambest5.0.py[line:639] INFO ≤È’“À¢–¬
Thu, 18 Jan 2018 08:17:16 Iambest5.0.py[line:4300] INFO À¢
Thu, 18 Jan 2018 08:17:16 Iambest5.0.py[line:639] INFO ≤È’“À¢–¬
Thu, 18 Jan 2018 08:17:16 Iambest5.0.py[line:4300] INFO À¢
Thu, 18 Jan 2018 08:17:16 Iambest5.0.py[line:639] INFO ≤È’“À¢–¬
Thu, 18 Jan 2018 08:17:16 Iambest5.0.py[line:4300] INFO À¢
Thu, 18 Jan 2018 08:17:16 Iambest5.0.py[line:639] INFO ≤È’“À¢–¬
Thu, 18 Jan 2018 08:17:16 Iambest5.0.py[line:4300] INFO À¢
Thu, 18 Jan 2018 08:17:16 Iambest5.0.py[line:639] INFO ≤È’“À¢–¬
Thu, 18 Jan 2018 08:17:16 Iambest5.0.py[line:4300] INFO À¢
Thu, 18 Jan 2018 08:17:16 Iambest5.0.py[line:639] INFO ≤È’“À¢–¬
Thu, 18 Jan 2018 08:17:16 Iambest5.0.py[line:4300] INFO À¢
Thu, 18 Jan 2018 08:17:16 Iambest5.0.py[line:639] INFO ≤È’“À¢–¬
Thu, 18 Jan 2018 08:17:16 Iambest5.0.py[line:4300] INFO À¢
Thu, 18 Jan 2018 08:17:16 Iambest5.0.py[line:639] INFO ≤È’“À¢–¬
Thu, 18 Jan 2018 08:17:16 Iambest5.0.py[line:4300] INFO À¢
