Thu, 18 Jan 2018 09:04:57 final.py[line:210] DEBUG This is debug message
Thu, 18 Jan 2018 09:04:57 final.py[line:211] INFO This is info message
Thu, 18 Jan 2018 09:04:57 final.py[line:212] WARNING This is warning message
Thu, 18 Jan 2018 09:04:57 final.py[line:213] ERROR This is error message
Thu, 18 Jan 2018 09:04:57 PngImagePlugin.py[line:130] DEBUG STREAM b'IHDR' 16 13
Thu, 18 Jan 2018 09:04:57 PngImagePlugin.py[line:130] DEBUG STREAM b'IDAT' 41 65536
Thu, 18 Jan 2018 09:05:00 final.py[line:2617] INFO À¢
Thu, 18 Jan 2018 09:05:00 final.py[line:2617] INFO À¢
Thu, 18 Jan 2018 09:05:00 final.py[line:2617] INFO À¢
Thu, 18 Jan 2018 09:05:00 final.py[line:2617] INFO À¢
Thu, 18 Jan 2018 09:05:00 final.py[line:2617] INFO À¢
Thu, 18 Jan 2018 09:05:00 final.py[line:2617] INFO À¢
Thu, 18 Jan 2018 09:05:00 final.py[line:2617] INFO À¢
Thu, 18 Jan 2018 09:05:00 final.py[line:2617] INFO À¢
Thu, 18 Jan 2018 09:05:00 final.py[line:2617] INFO À¢
Thu, 18 Jan 2018 09:05:00 final.py[line:2617] INFO À¢
Thu, 18 Jan 2018 09:05:00 final.py[line:2617] INFO À¢
Thu, 18 Jan 2018 09:05:01 final.py[line:2617] INFO À¢
Thu, 18 Jan 2018 09:05:01 final.py[line:2617] INFO À¢
Thu, 18 Jan 2018 09:05:01 final.py[line:2617] INFO À¢
Thu, 18 Jan 2018 09:05:01 final.py[line:2617] INFO À¢
Thu, 18 Jan 2018 09:05:01 final.py[line:2617] INFO À¢
Thu, 18 Jan 2018 09:05:01 final.py[line:2617] INFO À¢
Thu, 18 Jan 2018 09:05:01 final.py[line:2617] INFO À¢
Thu, 18 Jan 2018 09:05:01 final.py[line:2617] INFO À¢
Thu, 18 Jan 2018 09:05:01 final.py[line:2617] INFO À¢
Thu, 18 Jan 2018 09:05:01 final.py[line:2617] INFO À¢
Thu, 18 Jan 2018 09:05:01 final.py[line:2617] INFO À¢
Thu, 18 Jan 2018 09:05:01 final.py[line:2617] INFO À¢
Thu, 18 Jan 2018 09:05:01 final.py[line:2617] INFO À¢
Thu, 18 Jan 2018 09:05:01 final.py[line:2617] INFO À¢
Thu, 18 Jan 2018 09:05:01 final.py[line:2617] INFO À¢
Thu, 18 Jan 2018 09:05:01 final.py[line:2617] INFO À¢
Thu, 18 Jan 2018 09:05:01 final.py[line:2617] INFO À¢
Thu, 18 Jan 2018 09:05:01 final.py[line:2617] INFO À¢
Thu, 18 Jan 2018 09:05:01 final.py[line:2617] INFO À¢
Thu, 18 Jan 2018 09:05:01 final.py[line:2617] INFO À¢
Thu, 18 Jan 2018 09:05:01 final.py[line:2617] INFO À¢
Thu, 18 Jan 2018 09:05:01 final.py[line:2617] INFO À¢
Thu, 18 Jan 2018 09:05:01 final.py[line:2617] INFO À¢
Thu, 18 Jan 2018 09:05:01 final.py[line:2617] INFO À¢
Thu, 18 Jan 2018 09:05:02 final.py[line:2617] INFO À¢
Thu, 18 Jan 2018 09:05:02 final.py[line:2617] INFO À¢
Thu, 18 Jan 2018 09:05:02 final.py[line:2617] INFO À¢
Thu, 18 Jan 2018 09:05:02 final.py[line:2617] INFO À¢
Thu, 18 Jan 2018 09:05:02 final.py[line:2617] INFO À¢
Thu, 18 Jan 2018 09:05:02 final.py[line:2617] INFO À¢
Thu, 18 Jan 2018 09:05:02 final.py[line:2617] INFO À¢
Thu, 18 Jan 2018 09:05:02 final.py[line:2617] INFO À¢
Thu, 18 Jan 2018 09:05:02 final.py[line:2617] INFO À¢
Thu, 18 Jan 2018 09:05:02 final.py[line:2617] INFO À¢
Thu, 18 Jan 2018 09:05:02 final.py[line:2617] INFO À¢
Thu, 18 Jan 2018 09:05:02 final.py[line:2617] INFO À¢
Thu, 18 Jan 2018 09:05:02 final.py[line:2617] INFO À¢
Thu, 18 Jan 2018 09:05:02 final.py[line:2617] INFO À¢
Thu, 18 Jan 2018 09:05:02 final.py[line:2617] INFO À¢
Thu, 18 Jan 2018 09:05:02 final.py[line:2617] INFO À¢
Thu, 18 Jan 2018 09:05:02 final.py[line:2617] INFO À¢
Thu, 18 Jan 2018 09:05:02 final.py[line:2617] INFO À¢
Thu, 18 Jan 2018 09:05:02 final.py[line:2617] INFO À¢
Thu, 18 Jan 2018 09:05:02 final.py[line:2617] INFO À¢
Thu, 18 Jan 2018 09:05:02 final.py[line:2617] INFO À¢
Thu, 18 Jan 2018 09:05:02 final.py[line:2617] INFO À¢
Thu, 18 Jan 2018 09:05:02 final.py[line:2617] INFO À¢
Thu, 18 Jan 2018 09:05:02 final.py[line:2617] INFO À¢
Thu, 18 Jan 2018 09:05:02 final.py[line:2617] INFO À¢
Thu, 18 Jan 2018 09:05:02 final.py[line:2617] INFO À¢
Thu, 18 Jan 2018 09:05:03 final.py[line:2617] INFO À¢
Thu, 18 Jan 2018 09:05:03 final.py[line:2617] INFO À¢
Thu, 18 Jan 2018 09:05:03 final.py[line:2617] INFO À¢
Thu, 18 Jan 2018 09:05:03 final.py[line:2617] INFO À¢
Thu, 18 Jan 2018 09:05:03 final.py[line:2617] INFO À¢
Thu, 18 Jan 2018 09:05:03 final.py[line:2617] INFO À¢
Thu, 18 Jan 2018 09:05:03 final.py[line:2617] INFO À¢
Thu, 18 Jan 2018 09:05:03 final.py[line:2617] INFO À¢
Thu, 18 Jan 2018 09:05:03 final.py[line:2617] INFO À¢
Thu, 18 Jan 2018 09:05:03 final.py[line:2617] INFO À¢
Thu, 18 Jan 2018 09:05:03 final.py[line:2617] INFO À¢
Thu, 18 Jan 2018 09:05:03 final.py[line:2617] INFO À¢
Thu, 18 Jan 2018 09:05:03 final.py[line:2617] INFO À¢
Thu, 18 Jan 2018 09:05:03 final.py[line:2617] INFO À¢
Thu, 18 Jan 2018 09:05:03 final.py[line:2617] INFO À¢
Thu, 18 Jan 2018 09:05:03 final.py[line:2617] INFO À¢
Thu, 18 Jan 2018 09:05:03 final.py[line:2617] INFO À¢
Thu, 18 Jan 2018 09:05:03 final.py[line:2617] INFO À¢
Thu, 18 Jan 2018 09:05:03 final.py[line:2617] INFO À¢
Thu, 18 Jan 2018 09:05:03 final.py[line:2617] INFO À¢
Thu, 18 Jan 2018 09:05:03 final.py[line:2617] INFO À¢
Thu, 18 Jan 2018 09:05:03 final.py[line:2617] INFO À¢
Thu, 18 Jan 2018 09:05:03 final.py[line:2617] INFO À¢
Thu, 18 Jan 2018 09:05:03 final.py[line:2617] INFO À¢
Thu, 18 Jan 2018 09:05:03 final.py[line:2617] INFO À¢
Thu, 18 Jan 2018 09:05:03 final.py[line:2617] INFO À¢
Thu, 18 Jan 2018 09:05:04 final.py[line:2617] INFO À¢
Thu, 18 Jan 2018 09:05:04 final.py[line:2617] INFO À¢
Thu, 18 Jan 2018 09:05:04 final.py[line:2617] INFO À¢
Thu, 18 Jan 2018 09:05:04 final.py[line:2617] INFO À¢
Thu, 18 Jan 2018 09:05:04 final.py[line:2617] INFO À¢
Thu, 18 Jan 2018 09:05:04 final.py[line:2617] INFO À¢
Thu, 18 Jan 2018 09:05:04 final.py[line:2617] INFO À¢
Thu, 18 Jan 2018 09:05:04 final.py[line:2617] INFO À¢
Thu, 18 Jan 2018 09:05:04 final.py[line:2617] INFO À¢
Thu, 18 Jan 2018 09:05:04 final.py[line:2617] INFO À¢
Thu, 18 Jan 2018 09:05:04 final.py[line:2617] INFO À¢
Thu, 18 Jan 2018 09:05:04 final.py[line:2617] INFO À¢
Thu, 18 Jan 2018 09:05:04 final.py[line:2617] INFO À¢
Thu, 18 Jan 2018 09:05:04 final.py[line:2617] INFO À¢
Thu, 18 Jan 2018 09:05:04 final.py[line:2617] INFO À¢
Thu, 18 Jan 2018 09:05:04 final.py[line:2617] INFO À¢
Thu, 18 Jan 2018 09:05:04 final.py[line:2617] INFO À¢
Thu, 18 Jan 2018 09:05:04 final.py[line:2617] INFO À¢
Thu, 18 Jan 2018 09:05:04 final.py[line:2617] INFO À¢
Thu, 18 Jan 2018 09:05:04 final.py[line:2617] INFO À¢
Thu, 18 Jan 2018 09:05:04 final.py[line:2617] INFO À¢
Thu, 18 Jan 2018 09:05:04 final.py[line:2617] INFO À¢
Thu, 18 Jan 2018 09:05:04 final.py[line:2617] INFO À¢
Thu, 18 Jan 2018 09:05:04 final.py[line:2617] INFO À¢
Thu, 18 Jan 2018 09:05:04 final.py[line:2617] INFO À¢
Thu, 18 Jan 2018 09:05:04 final.py[line:2617] INFO À¢
Thu, 18 Jan 2018 09:05:05 final.py[line:2617] INFO À¢
Thu, 18 Jan 2018 09:05:05 final.py[line:2617] INFO À¢
Thu, 18 Jan 2018 09:05:05 final.py[line:2617] INFO À¢
Thu, 18 Jan 2018 09:05:05 final.py[line:2617] INFO À¢
Thu, 18 Jan 2018 09:05:05 final.py[line:2617] INFO À¢
Thu, 18 Jan 2018 09:05:05 final.py[line:2617] INFO À¢
Thu, 18 Jan 2018 09:05:05 final.py[line:2617] INFO À¢
Thu, 18 Jan 2018 09:05:05 final.py[line:2617] INFO À¢
Thu, 18 Jan 2018 09:05:05 final.py[line:2617] INFO À¢
Thu, 18 Jan 2018 09:05:05 final.py[line:2617] INFO À¢
Thu, 18 Jan 2018 09:05:05 final.py[line:2617] INFO À¢
Thu, 18 Jan 2018 09:05:05 final.py[line:2617] INFO À¢
Thu, 18 Jan 2018 09:05:05 final.py[line:2617] INFO À¢
Thu, 18 Jan 2018 09:05:05 final.py[line:2617] INFO À¢
Thu, 18 Jan 2018 09:05:05 final.py[line:2617] INFO À¢
Thu, 18 Jan 2018 09:05:05 final.py[line:2617] INFO À¢
Thu, 18 Jan 2018 09:05:05 final.py[line:2617] INFO À¢
Thu, 18 Jan 2018 09:05:05 final.py[line:2617] INFO À¢
Thu, 18 Jan 2018 09:05:05 final.py[line:2617] INFO À¢
Thu, 18 Jan 2018 09:05:05 final.py[line:2617] INFO À¢
Thu, 18 Jan 2018 09:05:05 final.py[line:2617] INFO À¢
Thu, 18 Jan 2018 09:05:05 final.py[line:2617] INFO À¢
Thu, 18 Jan 2018 09:05:05 final.py[line:2617] INFO À¢
Thu, 18 Jan 2018 09:05:05 final.py[line:2617] INFO À¢
Thu, 18 Jan 2018 09:05:05 final.py[line:2617] INFO À¢
Thu, 18 Jan 2018 09:05:06 final.py[line:2617] INFO À¢
Thu, 18 Jan 2018 09:05:06 final.py[line:2617] INFO À¢
Thu, 18 Jan 2018 09:05:06 final.py[line:2617] INFO À¢
Thu, 18 Jan 2018 09:05:06 final.py[line:2617] INFO À¢
Thu, 18 Jan 2018 09:05:06 final.py[line:2617] INFO À¢
Thu, 18 Jan 2018 09:05:06 final.py[line:2617] INFO À¢
Thu, 18 Jan 2018 09:05:06 final.py[line:2617] INFO À¢
Thu, 18 Jan 2018 09:05:06 final.py[line:2617] INFO À¢
Thu, 18 Jan 2018 09:05:06 final.py[line:2617] INFO À¢
Thu, 18 Jan 2018 09:05:06 final.py[line:2617] INFO À¢
Thu, 18 Jan 2018 09:05:06 final.py[line:2617] INFO À¢
Thu, 18 Jan 2018 09:05:06 final.py[line:2617] INFO À¢
Thu, 18 Jan 2018 09:05:06 final.py[line:2617] INFO À¢
Thu, 18 Jan 2018 09:05:06 final.py[line:2617] INFO À¢
Thu, 18 Jan 2018 09:05:06 final.py[line:2617] INFO À¢
Thu, 18 Jan 2018 09:05:06 final.py[line:2617] INFO À¢
Thu, 18 Jan 2018 09:05:06 final.py[line:2617] INFO À¢
Thu, 18 Jan 2018 09:05:06 final.py[line:2617] INFO À¢
Thu, 18 Jan 2018 09:05:06 final.py[line:2617] INFO À¢
Thu, 18 Jan 2018 09:05:06 final.py[line:2617] INFO À¢
Thu, 18 Jan 2018 09:05:06 final.py[line:2617] INFO À¢
Thu, 18 Jan 2018 09:05:06 final.py[line:2617] INFO À¢
Thu, 18 Jan 2018 09:05:06 final.py[line:2617] INFO À¢
Thu, 18 Jan 2018 09:05:06 final.py[line:2617] INFO À¢
Thu, 18 Jan 2018 09:05:06 final.py[line:2617] INFO À¢
Thu, 18 Jan 2018 09:05:06 final.py[line:2617] INFO À¢
Thu, 18 Jan 2018 09:05:07 final.py[line:2617] INFO À¢
Thu, 18 Jan 2018 09:05:07 final.py[line:2617] INFO À¢
Thu, 18 Jan 2018 09:05:07 final.py[line:2617] INFO À¢
Thu, 18 Jan 2018 09:05:07 final.py[line:2617] INFO À¢
Thu, 18 Jan 2018 09:05:07 final.py[line:2617] INFO À¢
Thu, 18 Jan 2018 09:05:07 final.py[line:2617] INFO À¢
Thu, 18 Jan 2018 09:05:07 final.py[line:2617] INFO À¢
Thu, 18 Jan 2018 09:05:07 final.py[line:2617] INFO À¢
Thu, 18 Jan 2018 09:05:07 final.py[line:2617] INFO À¢
Thu, 18 Jan 2018 09:05:07 final.py[line:2617] INFO À¢
Thu, 18 Jan 2018 09:05:07 final.py[line:2617] INFO À¢
Thu, 18 Jan 2018 09:05:07 final.py[line:2617] INFO À¢
Thu, 18 Jan 2018 09:05:07 final.py[line:2617] INFO À¢
Thu, 18 Jan 2018 09:05:07 final.py[line:2617] INFO À¢
Thu, 18 Jan 2018 09:05:07 final.py[line:2617] INFO À¢
Thu, 18 Jan 2018 09:05:07 final.py[line:2617] INFO À¢
Thu, 18 Jan 2018 09:05:07 final.py[line:2617] INFO À¢
Thu, 18 Jan 2018 09:05:07 final.py[line:2617] INFO À¢
Thu, 18 Jan 2018 09:05:07 final.py[line:2617] INFO À¢
Thu, 18 Jan 2018 09:05:07 final.py[line:2617] INFO À¢
Thu, 18 Jan 2018 09:05:07 final.py[line:2617] INFO À¢
Thu, 18 Jan 2018 09:05:07 final.py[line:2617] INFO À¢
Thu, 18 Jan 2018 09:05:07 final.py[line:2617] INFO À¢
Thu, 18 Jan 2018 09:05:07 final.py[line:2617] INFO À¢
Thu, 18 Jan 2018 09:05:08 final.py[line:2617] INFO À¢
Thu, 18 Jan 2018 09:05:08 final.py[line:2617] INFO À¢
Thu, 18 Jan 2018 09:05:08 final.py[line:2617] INFO À¢
Thu, 18 Jan 2018 09:05:08 final.py[line:2617] INFO À¢
Thu, 18 Jan 2018 09:05:08 final.py[line:2617] INFO À¢
Thu, 18 Jan 2018 09:05:08 final.py[line:2617] INFO À¢
Thu, 18 Jan 2018 09:05:08 final.py[line:2617] INFO À¢
Thu, 18 Jan 2018 09:05:08 final.py[line:2617] INFO À¢
Thu, 18 Jan 2018 09:05:08 final.py[line:2617] INFO À¢
Thu, 18 Jan 2018 09:05:08 final.py[line:2617] INFO À¢
Thu, 18 Jan 2018 09:05:08 final.py[line:2617] INFO À¢
Thu, 18 Jan 2018 09:05:08 final.py[line:2617] INFO À¢
Thu, 18 Jan 2018 09:05:08 final.py[line:2617] INFO À¢
Thu, 18 Jan 2018 09:05:08 final.py[line:2617] INFO À¢
Thu, 18 Jan 2018 09:05:08 final.py[line:2617] INFO À¢
Thu, 18 Jan 2018 09:05:08 final.py[line:2617] INFO À¢
Thu, 18 Jan 2018 09:05:08 final.py[line:2617] INFO À¢
Thu, 18 Jan 2018 09:05:08 final.py[line:2617] INFO À¢
Thu, 18 Jan 2018 09:05:08 final.py[line:2617] INFO À¢
Thu, 18 Jan 2018 09:05:08 final.py[line:2617] INFO À¢
Thu, 18 Jan 2018 09:05:08 final.py[line:2617] INFO À¢
Thu, 18 Jan 2018 09:05:08 final.py[line:2617] INFO À¢
Thu, 18 Jan 2018 09:05:08 final.py[line:347] INFO ≤È’“À¢–¬
Thu, 18 Jan 2018 09:05:08 final.py[line:2617] INFO À¢
Thu, 18 Jan 2018 09:05:08 final.py[line:347] INFO ≤È’“À¢–¬
Thu, 18 Jan 2018 09:05:08 final.py[line:2617] INFO À¢
Thu, 18 Jan 2018 09:05:08 final.py[line:347] INFO ≤È’“À¢–¬
Thu, 18 Jan 2018 09:05:08 final.py[line:2617] INFO À¢
Thu, 18 Jan 2018 09:05:08 final.py[line:347] INFO ≤È’“À¢–¬
Thu, 18 Jan 2018 09:05:08 final.py[line:2617] INFO À¢
Thu, 18 Jan 2018 09:05:09 final.py[line:347] INFO ≤È’“À¢–¬
Thu, 18 Jan 2018 09:05:09 final.py[line:2617] INFO À¢
Thu, 18 Jan 2018 09:05:09 final.py[line:347] INFO ≤È’“À¢–¬
Thu, 18 Jan 2018 09:05:09 final.py[line:2617] INFO À¢
Thu, 18 Jan 2018 09:05:09 final.py[line:347] INFO ≤È’“À¢–¬
Thu, 18 Jan 2018 09:05:09 final.py[line:2617] INFO À¢
Thu, 18 Jan 2018 09:05:09 final.py[line:347] INFO ≤È’“À¢–¬
Thu, 18 Jan 2018 09:05:09 final.py[line:2617] INFO À¢
Thu, 18 Jan 2018 09:05:09 final.py[line:347] INFO ≤È’“À¢–¬
Thu, 18 Jan 2018 09:05:09 final.py[line:2617] INFO À¢
Thu, 18 Jan 2018 09:05:09 final.py[line:347] INFO ≤È’“À¢–¬
Thu, 18 Jan 2018 09:05:09 final.py[line:2617] INFO À¢
Thu, 18 Jan 2018 09:05:09 final.py[line:347] INFO ≤È’“À¢–¬
Thu, 18 Jan 2018 09:05:09 final.py[line:2617] INFO À¢
Thu, 18 Jan 2018 09:05:09 final.py[line:347] INFO ≤È’“À¢–¬
Thu, 18 Jan 2018 09:05:09 final.py[line:2617] INFO À¢
Thu, 18 Jan 2018 09:05:09 final.py[line:347] INFO ≤È’“À¢–¬
Thu, 18 Jan 2018 09:05:09 final.py[line:2617] INFO À¢
Thu, 18 Jan 2018 09:05:09 final.py[line:347] INFO ≤È’“À¢–¬
Thu, 18 Jan 2018 09:05:09 final.py[line:2617] INFO À¢
Thu, 18 Jan 2018 09:05:09 final.py[line:347] INFO ≤È’“À¢–¬
Thu, 18 Jan 2018 09:05:09 final.py[line:2617] INFO À¢
Thu, 18 Jan 2018 09:05:09 final.py[line:347] INFO ≤È’“À¢–¬
Thu, 18 Jan 2018 09:05:09 final.py[line:2617] INFO À¢
Thu, 18 Jan 2018 09:05:09 final.py[line:347] INFO ≤È’“À¢–¬
Thu, 18 Jan 2018 09:05:09 final.py[line:2617] INFO À¢
Thu, 18 Jan 2018 09:05:09 final.py[line:347] INFO ≤È’“À¢–¬
Thu, 18 Jan 2018 09:05:09 final.py[line:2617] INFO À¢
Thu, 18 Jan 2018 09:05:09 final.py[line:347] INFO ≤È’“À¢–¬
Thu, 18 Jan 2018 09:05:09 final.py[line:2617] INFO À¢
Thu, 18 Jan 2018 09:05:09 final.py[line:347] INFO ≤È’“À¢–¬
Thu, 18 Jan 2018 09:05:09 final.py[line:2617] INFO À¢
Thu, 18 Jan 2018 09:05:09 final.py[line:347] INFO ≤È’“À¢–¬
Thu, 18 Jan 2018 09:05:09 final.py[line:2617] INFO À¢
Thu, 18 Jan 2018 09:05:09 final.py[line:347] INFO ≤È’“À¢–¬
Thu, 18 Jan 2018 09:05:09 final.py[line:2617] INFO À¢
Thu, 18 Jan 2018 09:05:09 final.py[line:347] INFO ≤È’“À¢–¬
Thu, 18 Jan 2018 09:05:09 final.py[line:2617] INFO À¢
Thu, 18 Jan 2018 09:05:09 final.py[line:347] INFO ≤È’“À¢–¬
Thu, 18 Jan 2018 09:05:09 final.py[line:2617] INFO À¢
Thu, 18 Jan 2018 09:05:09 final.py[line:347] INFO ≤È’“À¢–¬
Thu, 18 Jan 2018 09:05:09 final.py[line:2617] INFO À¢
Thu, 18 Jan 2018 09:05:09 final.py[line:347] INFO ≤È’“À¢–¬
Thu, 18 Jan 2018 09:05:09 final.py[line:2617] INFO À¢
Thu, 18 Jan 2018 09:05:09 final.py[line:347] INFO ≤È’“À¢–¬
Thu, 18 Jan 2018 09:05:09 final.py[line:2617] INFO À¢
Thu, 18 Jan 2018 09:05:10 final.py[line:347] INFO ≤È’“À¢–¬
Thu, 18 Jan 2018 09:05:10 final.py[line:2617] INFO À¢
Thu, 18 Jan 2018 09:05:10 final.py[line:347] INFO ≤È’“À¢–¬
Thu, 18 Jan 2018 09:05:10 final.py[line:2617] INFO À¢
Thu, 18 Jan 2018 09:05:10 final.py[line:347] INFO ≤È’“À¢–¬
Thu, 18 Jan 2018 09:05:10 final.py[line:2617] INFO À¢
Thu, 18 Jan 2018 09:05:10 final.py[line:347] INFO ≤È’“À¢–¬
Thu, 18 Jan 2018 09:05:10 final.py[line:2617] INFO À¢
Thu, 18 Jan 2018 09:05:10 final.py[line:347] INFO ≤È’“À¢–¬
Thu, 18 Jan 2018 09:05:10 final.py[line:2617] INFO À¢
Thu, 18 Jan 2018 09:05:10 final.py[line:347] INFO ≤È’“À¢–¬
Thu, 18 Jan 2018 09:05:10 final.py[line:2617] INFO À¢
Thu, 18 Jan 2018 09:05:10 final.py[line:347] INFO ≤È’“À¢–¬
Thu, 18 Jan 2018 09:05:10 final.py[line:2617] INFO À¢
Thu, 18 Jan 2018 09:05:10 final.py[line:347] INFO ≤È’“À¢–¬
Thu, 18 Jan 2018 09:05:10 final.py[line:2617] INFO À¢
Thu, 18 Jan 2018 09:05:10 final.py[line:347] INFO ≤È’“À¢–¬
Thu, 18 Jan 2018 09:05:10 final.py[line:2617] INFO À¢
Thu, 18 Jan 2018 09:05:10 final.py[line:347] INFO ≤È’“À¢–¬
Thu, 18 Jan 2018 09:05:10 final.py[line:2617] INFO À¢
Thu, 18 Jan 2018 09:05:10 final.py[line:347] INFO ≤È’“À¢–¬
Thu, 18 Jan 2018 09:05:10 final.py[line:2617] INFO À¢
Thu, 18 Jan 2018 09:05:10 final.py[line:347] INFO ≤È’“À¢–¬
Thu, 18 Jan 2018 09:05:10 final.py[line:2617] INFO À¢
Thu, 18 Jan 2018 09:05:10 final.py[line:347] INFO ≤È’“À¢–¬
Thu, 18 Jan 2018 09:05:10 final.py[line:2617] INFO À¢
Thu, 18 Jan 2018 09:05:10 final.py[line:347] INFO ≤È’“À¢–¬
Thu, 18 Jan 2018 09:05:10 final.py[line:2617] INFO À¢
Thu, 18 Jan 2018 09:05:10 final.py[line:347] INFO ≤È’“À¢–¬
Thu, 18 Jan 2018 09:05:10 final.py[line:2617] INFO À¢
Thu, 18 Jan 2018 09:05:10 final.py[line:347] INFO ≤È’“À¢–¬
Thu, 18 Jan 2018 09:05:10 final.py[line:2617] INFO À¢
Thu, 18 Jan 2018 09:05:10 final.py[line:347] INFO ≤È’“À¢–¬
Thu, 18 Jan 2018 09:05:10 final.py[line:2617] INFO À¢
Thu, 18 Jan 2018 09:05:10 final.py[line:347] INFO ≤È’“À¢–¬
Thu, 18 Jan 2018 09:05:10 final.py[line:2617] INFO À¢
Thu, 18 Jan 2018 09:05:10 final.py[line:347] INFO ≤È’“À¢–¬
Thu, 18 Jan 2018 09:05:10 final.py[line:2617] INFO À¢
Thu, 18 Jan 2018 09:05:10 final.py[line:347] INFO ≤È’“À¢–¬
Thu, 18 Jan 2018 09:05:10 final.py[line:2617] INFO À¢
Thu, 18 Jan 2018 09:05:10 final.py[line:347] INFO ≤È’“À¢–¬
Thu, 18 Jan 2018 09:05:10 final.py[line:2617] INFO À¢
Thu, 18 Jan 2018 09:05:10 final.py[line:347] INFO ≤È’“À¢–¬
Thu, 18 Jan 2018 09:05:10 final.py[line:2617] INFO À¢
Thu, 18 Jan 2018 09:05:10 final.py[line:347] INFO ≤È’“À¢–¬
Thu, 18 Jan 2018 09:05:10 final.py[line:2617] INFO À¢
Thu, 18 Jan 2018 09:05:10 final.py[line:347] INFO ≤È’“À¢–¬
Thu, 18 Jan 2018 09:05:10 final.py[line:2617] INFO À¢
Thu, 18 Jan 2018 09:05:10 final.py[line:347] INFO ≤È’“À¢–¬
Thu, 18 Jan 2018 09:05:10 final.py[line:2617] INFO À¢
Thu, 18 Jan 2018 09:05:11 final.py[line:347] INFO ≤È’“À¢–¬
Thu, 18 Jan 2018 09:05:11 final.py[line:2617] INFO À¢
Thu, 18 Jan 2018 09:05:11 final.py[line:347] INFO ≤È’“À¢–¬
Thu, 18 Jan 2018 09:05:11 final.py[line:2617] INFO À¢
Thu, 18 Jan 2018 09:05:11 final.py[line:347] INFO ≤È’“À¢–¬
Thu, 18 Jan 2018 09:05:11 final.py[line:2617] INFO À¢
Thu, 18 Jan 2018 09:05:11 final.py[line:347] INFO ≤È’“À¢–¬
Thu, 18 Jan 2018 09:05:11 final.py[line:2617] INFO À¢
Thu, 18 Jan 2018 09:05:11 final.py[line:347] INFO ≤È’“À¢–¬
Thu, 18 Jan 2018 09:05:11 final.py[line:2617] INFO À¢
Thu, 18 Jan 2018 09:05:11 final.py[line:347] INFO ≤È’“À¢–¬
Thu, 18 Jan 2018 09:05:11 final.py[line:2617] INFO À¢
Thu, 18 Jan 2018 09:05:11 final.py[line:347] INFO ≤È’“À¢–¬
Thu, 18 Jan 2018 09:05:11 final.py[line:2617] INFO À¢
Thu, 18 Jan 2018 09:05:11 final.py[line:347] INFO ≤È’“À¢–¬
Thu, 18 Jan 2018 09:05:11 final.py[line:2617] INFO À¢
Thu, 18 Jan 2018 09:05:11 final.py[line:347] INFO ≤È’“À¢–¬
Thu, 18 Jan 2018 09:05:11 final.py[line:2617] INFO À¢
Thu, 18 Jan 2018 09:05:11 final.py[line:347] INFO ≤È’“À¢–¬
Thu, 18 Jan 2018 09:05:11 final.py[line:2617] INFO À¢
Thu, 18 Jan 2018 09:05:11 final.py[line:347] INFO ≤È’“À¢–¬
Thu, 18 Jan 2018 09:05:11 final.py[line:2617] INFO À¢
Thu, 18 Jan 2018 09:05:11 final.py[line:347] INFO ≤È’“À¢–¬
Thu, 18 Jan 2018 09:05:11 final.py[line:2617] INFO À¢
Thu, 18 Jan 2018 09:05:11 final.py[line:347] INFO ≤È’“À¢–¬
Thu, 18 Jan 2018 09:05:11 final.py[line:2617] INFO À¢
Thu, 18 Jan 2018 09:05:11 final.py[line:347] INFO ≤È’“À¢–¬
Thu, 18 Jan 2018 09:05:11 final.py[line:2617] INFO À¢
Thu, 18 Jan 2018 09:05:11 final.py[line:347] INFO ≤È’“À¢–¬
Thu, 18 Jan 2018 09:05:11 final.py[line:2617] INFO À¢
Thu, 18 Jan 2018 09:05:11 final.py[line:347] INFO ≤È’“À¢–¬
Thu, 18 Jan 2018 09:05:11 final.py[line:2617] INFO À¢
Thu, 18 Jan 2018 09:05:11 final.py[line:347] INFO ≤È’“À¢–¬
Thu, 18 Jan 2018 09:05:11 final.py[line:2617] INFO À¢
Thu, 18 Jan 2018 09:05:11 final.py[line:347] INFO ≤È’“À¢–¬
Thu, 18 Jan 2018 09:05:11 final.py[line:2617] INFO À¢
Thu, 18 Jan 2018 09:05:11 final.py[line:347] INFO ≤È’“À¢–¬
Thu, 18 Jan 2018 09:05:11 final.py[line:2617] INFO À¢
Thu, 18 Jan 2018 09:05:11 final.py[line:347] INFO ≤È’“À¢–¬
Thu, 18 Jan 2018 09:05:11 final.py[line:2617] INFO À¢
Thu, 18 Jan 2018 09:05:11 final.py[line:347] INFO ≤È’“À¢–¬
Thu, 18 Jan 2018 09:05:11 final.py[line:2617] INFO À¢
Thu, 18 Jan 2018 09:05:11 final.py[line:347] INFO ≤È’“À¢–¬
Thu, 18 Jan 2018 09:05:11 final.py[line:2617] INFO À¢
Thu, 18 Jan 2018 09:05:11 final.py[line:347] INFO ≤È’“À¢–¬
Thu, 18 Jan 2018 09:05:11 final.py[line:2617] INFO À¢
Thu, 18 Jan 2018 09:05:11 final.py[line:347] INFO ≤È’“À¢–¬
Thu, 18 Jan 2018 09:05:11 final.py[line:2617] INFO À¢
Thu, 18 Jan 2018 09:05:11 final.py[line:347] INFO ≤È’“À¢–¬
Thu, 18 Jan 2018 09:05:11 final.py[line:2617] INFO À¢
Thu, 18 Jan 2018 09:05:12 final.py[line:347] INFO ≤È’“À¢–¬
Thu, 18 Jan 2018 09:05:12 final.py[line:2617] INFO À¢
Thu, 18 Jan 2018 09:05:12 final.py[line:347] INFO ≤È’“À¢–¬
Thu, 18 Jan 2018 09:05:12 final.py[line:2617] INFO À¢
Thu, 18 Jan 2018 09:05:12 final.py[line:347] INFO ≤È’“À¢–¬
Thu, 18 Jan 2018 09:05:12 final.py[line:2617] INFO À¢
Thu, 18 Jan 2018 09:05:12 final.py[line:347] INFO ≤È’“À¢–¬
Thu, 18 Jan 2018 09:05:12 final.py[line:2617] INFO À¢
Thu, 18 Jan 2018 09:05:12 final.py[line:347] INFO ≤È’“À¢–¬
Thu, 18 Jan 2018 09:05:12 final.py[line:2617] INFO À¢
Thu, 18 Jan 2018 09:05:12 final.py[line:347] INFO ≤È’“À¢–¬
Thu, 18 Jan 2018 09:05:12 final.py[line:2617] INFO À¢
Thu, 18 Jan 2018 09:05:12 final.py[line:347] INFO ≤È’“À¢–¬
Thu, 18 Jan 2018 09:05:12 final.py[line:2617] INFO À¢
Thu, 18 Jan 2018 09:05:12 final.py[line:347] INFO ≤È’“À¢–¬
Thu, 18 Jan 2018 09:05:12 final.py[line:2617] INFO À¢
Thu, 18 Jan 2018 09:05:12 final.py[line:347] INFO ≤È’“À¢–¬
Thu, 18 Jan 2018 09:05:12 final.py[line:2617] INFO À¢
Thu, 18 Jan 2018 09:05:12 final.py[line:347] INFO ≤È’“À¢–¬
Thu, 18 Jan 2018 09:05:12 final.py[line:2617] INFO À¢
Thu, 18 Jan 2018 09:05:12 final.py[line:347] INFO ≤È’“À¢–¬
Thu, 18 Jan 2018 09:05:12 final.py[line:2617] INFO À¢
Thu, 18 Jan 2018 09:05:12 final.py[line:347] INFO ≤È’“À¢–¬
Thu, 18 Jan 2018 09:05:12 final.py[line:2617] INFO À¢
Thu, 18 Jan 2018 09:05:12 final.py[line:347] INFO ≤È’“À¢–¬
Thu, 18 Jan 2018 09:05:12 final.py[line:2617] INFO À¢
Thu, 18 Jan 2018 09:05:12 final.py[line:347] INFO ≤È’“À¢–¬
Thu, 18 Jan 2018 09:05:12 final.py[line:2617] INFO À¢
Thu, 18 Jan 2018 09:05:12 final.py[line:347] INFO ≤È’“À¢–¬
Thu, 18 Jan 2018 09:05:12 final.py[line:2617] INFO À¢
Thu, 18 Jan 2018 09:05:12 final.py[line:347] INFO ≤È’“À¢–¬
Thu, 18 Jan 2018 09:05:12 final.py[line:2617] INFO À¢
Thu, 18 Jan 2018 09:05:12 final.py[line:347] INFO ≤È’“À¢–¬
Thu, 18 Jan 2018 09:05:12 final.py[line:2617] INFO À¢
Thu, 18 Jan 2018 09:05:12 final.py[line:347] INFO ≤È’“À¢–¬
Thu, 18 Jan 2018 09:05:12 final.py[line:2617] INFO À¢
Thu, 18 Jan 2018 09:05:12 final.py[line:347] INFO ≤È’“À¢–¬
Thu, 18 Jan 2018 09:05:12 final.py[line:2617] INFO À¢
Thu, 18 Jan 2018 09:05:12 final.py[line:347] INFO ≤È’“À¢–¬
Thu, 18 Jan 2018 09:05:12 final.py[line:2617] INFO À¢
Thu, 18 Jan 2018 09:05:12 final.py[line:347] INFO ≤È’“À¢–¬
Thu, 18 Jan 2018 09:05:12 final.py[line:2617] INFO À¢
Thu, 18 Jan 2018 09:05:12 final.py[line:347] INFO ≤È’“À¢–¬
Thu, 18 Jan 2018 09:05:12 final.py[line:2617] INFO À¢
Thu, 18 Jan 2018 09:05:12 final.py[line:347] INFO ≤È’“À¢–¬
Thu, 18 Jan 2018 09:05:12 final.py[line:2617] INFO À¢
Thu, 18 Jan 2018 09:05:12 final.py[line:347] INFO ≤È’“À¢–¬
Thu, 18 Jan 2018 09:05:12 final.py[line:2617] INFO À¢
Thu, 18 Jan 2018 09:05:12 final.py[line:347] INFO ≤È’“À¢–¬
Thu, 18 Jan 2018 09:05:12 final.py[line:2617] INFO À¢
Thu, 18 Jan 2018 09:05:13 final.py[line:347] INFO ≤È’“À¢–¬
Thu, 18 Jan 2018 09:05:13 final.py[line:2617] INFO À¢
Thu, 18 Jan 2018 09:05:13 final.py[line:347] INFO ≤È’“À¢–¬
Thu, 18 Jan 2018 09:05:13 final.py[line:2617] INFO À¢
Thu, 18 Jan 2018 09:05:13 final.py[line:347] INFO ≤È’“À¢–¬
Thu, 18 Jan 2018 09:05:13 final.py[line:2617] INFO À¢
Thu, 18 Jan 2018 09:05:13 final.py[line:347] INFO ≤È’“À¢–¬
Thu, 18 Jan 2018 09:05:13 final.py[line:2617] INFO À¢
Thu, 18 Jan 2018 09:05:13 final.py[line:347] INFO ≤È’“À¢–¬
Thu, 18 Jan 2018 09:05:13 final.py[line:2617] INFO À¢
Thu, 18 Jan 2018 09:05:13 final.py[line:347] INFO ≤È’“À¢–¬
Thu, 18 Jan 2018 09:05:13 final.py[line:2617] INFO À¢
Thu, 18 Jan 2018 09:05:13 final.py[line:347] INFO ≤È’“À¢–¬
Thu, 18 Jan 2018 09:05:13 final.py[line:2617] INFO À¢
Thu, 18 Jan 2018 09:05:13 final.py[line:347] INFO ≤È’“À¢–¬
Thu, 18 Jan 2018 09:05:13 final.py[line:2617] INFO À¢
Thu, 18 Jan 2018 09:05:13 final.py[line:347] INFO ≤È’“À¢–¬
Thu, 18 Jan 2018 09:05:13 final.py[line:2617] INFO À¢
Thu, 18 Jan 2018 09:05:13 final.py[line:347] INFO ≤È’“À¢–¬
Thu, 18 Jan 2018 09:05:13 final.py[line:2617] INFO À¢
Thu, 18 Jan 2018 09:05:13 final.py[line:347] INFO ≤È’“À¢–¬
Thu, 18 Jan 2018 09:05:13 final.py[line:2617] INFO À¢
Thu, 18 Jan 2018 09:05:13 final.py[line:347] INFO ≤È’“À¢–¬
Thu, 18 Jan 2018 09:05:13 final.py[line:2617] INFO À¢
Thu, 18 Jan 2018 09:05:13 final.py[line:347] INFO ≤È’“À¢–¬
Thu, 18 Jan 2018 09:05:13 final.py[line:2617] INFO À¢
Thu, 18 Jan 2018 09:05:13 final.py[line:347] INFO ≤È’“À¢–¬
Thu, 18 Jan 2018 09:05:13 final.py[line:2617] INFO À¢
Thu, 18 Jan 2018 09:05:13 final.py[line:347] INFO ≤È’“À¢–¬
Thu, 18 Jan 2018 09:05:13 final.py[line:2617] INFO À¢
Thu, 18 Jan 2018 09:05:13 final.py[line:347] INFO ≤È’“À¢–¬
Thu, 18 Jan 2018 09:05:13 final.py[line:2617] INFO À¢
Thu, 18 Jan 2018 09:05:13 final.py[line:347] INFO ≤È’“À¢–¬
Thu, 18 Jan 2018 09:05:13 final.py[line:2617] INFO À¢
Thu, 18 Jan 2018 09:05:13 final.py[line:347] INFO ≤È’“À¢–¬
Thu, 18 Jan 2018 09:05:13 final.py[line:2617] INFO À¢
Thu, 18 Jan 2018 09:05:13 final.py[line:347] INFO ≤È’“À¢–¬
Thu, 18 Jan 2018 09:05:13 final.py[line:2617] INFO À¢
Thu, 18 Jan 2018 09:05:13 final.py[line:347] INFO ≤È’“À¢–¬
Thu, 18 Jan 2018 09:05:13 final.py[line:2617] INFO À¢
Thu, 18 Jan 2018 09:05:13 final.py[line:347] INFO ≤È’“À¢–¬
Thu, 18 Jan 2018 09:05:13 final.py[line:2617] INFO À¢
Thu, 18 Jan 2018 09:05:13 final.py[line:347] INFO ≤È’“À¢–¬
Thu, 18 Jan 2018 09:05:13 final.py[line:2617] INFO À¢
Thu, 18 Jan 2018 09:05:13 final.py[line:347] INFO ≤È’“À¢–¬
Thu, 18 Jan 2018 09:05:13 final.py[line:2617] INFO À¢
Thu, 18 Jan 2018 09:05:13 final.py[line:347] INFO ≤È’“À¢–¬
Thu, 18 Jan 2018 09:05:13 final.py[line:2617] INFO À¢
Thu, 18 Jan 2018 09:05:13 final.py[line:347] INFO ≤È’“À¢–¬
Thu, 18 Jan 2018 09:05:13 final.py[line:2617] INFO À¢
Thu, 18 Jan 2018 09:05:14 final.py[line:347] INFO ≤È’“À¢–¬
Thu, 18 Jan 2018 09:05:14 final.py[line:2617] INFO À¢
Thu, 18 Jan 2018 09:05:14 final.py[line:347] INFO ≤È’“À¢–¬
Thu, 18 Jan 2018 09:05:14 final.py[line:2617] INFO À¢
Thu, 18 Jan 2018 09:05:14 final.py[line:347] INFO ≤È’“À¢–¬
Thu, 18 Jan 2018 09:05:14 final.py[line:2617] INFO À¢
Thu, 18 Jan 2018 09:05:14 final.py[line:347] INFO ≤È’“À¢–¬
Thu, 18 Jan 2018 09:05:14 final.py[line:2617] INFO À¢
Thu, 18 Jan 2018 09:05:14 final.py[line:347] INFO ≤È’“À¢–¬
Thu, 18 Jan 2018 09:05:14 final.py[line:2617] INFO À¢
Thu, 18 Jan 2018 09:05:14 final.py[line:347] INFO ≤È’“À¢–¬
Thu, 18 Jan 2018 09:05:14 final.py[line:2617] INFO À¢
Thu, 18 Jan 2018 09:05:14 final.py[line:347] INFO ≤È’“À¢–¬
Thu, 18 Jan 2018 09:05:14 final.py[line:2617] INFO À¢
Thu, 18 Jan 2018 09:05:14 final.py[line:347] INFO ≤È’“À¢–¬
Thu, 18 Jan 2018 09:05:14 final.py[line:2617] INFO À¢
Thu, 18 Jan 2018 09:05:14 final.py[line:347] INFO ≤È’“À¢–¬
Thu, 18 Jan 2018 09:05:14 final.py[line:2617] INFO À¢
Thu, 18 Jan 2018 09:05:14 final.py[line:347] INFO ≤È’“À¢–¬
Thu, 18 Jan 2018 09:05:14 final.py[line:2617] INFO À¢
Thu, 18 Jan 2018 09:05:14 final.py[line:347] INFO ≤È’“À¢–¬
Thu, 18 Jan 2018 09:05:14 final.py[line:2617] INFO À¢
Thu, 18 Jan 2018 09:05:14 final.py[line:347] INFO ≤È’“À¢–¬
Thu, 18 Jan 2018 09:05:14 final.py[line:2617] INFO À¢
Thu, 18 Jan 2018 09:05:14 final.py[line:347] INFO ≤È’“À¢–¬
Thu, 18 Jan 2018 09:05:14 final.py[line:2617] INFO À¢
Thu, 18 Jan 2018 09:05:14 final.py[line:347] INFO ≤È’“À¢–¬
Thu, 18 Jan 2018 09:05:14 final.py[line:2617] INFO À¢
Thu, 18 Jan 2018 09:05:14 final.py[line:347] INFO ≤È’“À¢–¬
Thu, 18 Jan 2018 09:05:14 final.py[line:2617] INFO À¢
Thu, 18 Jan 2018 09:05:14 final.py[line:347] INFO ≤È’“À¢–¬
Thu, 18 Jan 2018 09:05:14 final.py[line:2617] INFO À¢
Thu, 18 Jan 2018 09:05:14 final.py[line:347] INFO ≤È’“À¢–¬
Thu, 18 Jan 2018 09:05:14 final.py[line:2617] INFO À¢
Thu, 18 Jan 2018 09:05:14 final.py[line:347] INFO ≤È’“À¢–¬
Thu, 18 Jan 2018 09:05:14 final.py[line:2617] INFO À¢
Thu, 18 Jan 2018 09:05:14 final.py[line:347] INFO ≤È’“À¢–¬
Thu, 18 Jan 2018 09:05:14 final.py[line:2617] INFO À¢
Thu, 18 Jan 2018 09:05:14 final.py[line:347] INFO ≤È’“À¢–¬
Thu, 18 Jan 2018 09:05:14 final.py[line:2617] INFO À¢
Thu, 18 Jan 2018 09:05:14 final.py[line:347] INFO ≤È’“À¢–¬
Thu, 18 Jan 2018 09:05:14 final.py[line:2617] INFO À¢
Thu, 18 Jan 2018 09:05:14 final.py[line:347] INFO ≤È’“À¢–¬
Thu, 18 Jan 2018 09:05:14 final.py[line:2617] INFO À¢
Thu, 18 Jan 2018 09:05:14 final.py[line:347] INFO ≤È’“À¢–¬
Thu, 18 Jan 2018 09:05:14 final.py[line:2617] INFO À¢
Thu, 18 Jan 2018 09:05:14 final.py[line:347] INFO ≤È’“À¢–¬
Thu, 18 Jan 2018 09:05:14 final.py[line:2617] INFO À¢
Thu, 18 Jan 2018 09:05:14 final.py[line:347] INFO ≤È’“À¢–¬
Thu, 18 Jan 2018 09:05:14 final.py[line:2617] INFO À¢
Thu, 18 Jan 2018 09:05:14 final.py[line:347] INFO ≤È’“À¢–¬
Thu, 18 Jan 2018 09:05:14 final.py[line:2617] INFO À¢
Thu, 18 Jan 2018 09:05:15 final.py[line:347] INFO ≤È’“À¢–¬
Thu, 18 Jan 2018 09:05:15 final.py[line:2617] INFO À¢
Thu, 18 Jan 2018 09:05:15 final.py[line:347] INFO ≤È’“À¢–¬
Thu, 18 Jan 2018 09:05:15 final.py[line:2617] INFO À¢
Thu, 18 Jan 2018 09:05:15 final.py[line:347] INFO ≤È’“À¢–¬
Thu, 18 Jan 2018 09:05:15 final.py[line:2617] INFO À¢
Thu, 18 Jan 2018 09:05:15 final.py[line:347] INFO ≤È’“À¢–¬
Thu, 18 Jan 2018 09:05:15 final.py[line:2617] INFO À¢
Thu, 18 Jan 2018 09:05:15 final.py[line:347] INFO ≤È’“À¢–¬
Thu, 18 Jan 2018 09:05:15 final.py[line:2617] INFO À¢
Thu, 18 Jan 2018 09:05:15 final.py[line:347] INFO ≤È’“À¢–¬
Thu, 18 Jan 2018 09:05:15 final.py[line:2617] INFO À¢
Thu, 18 Jan 2018 09:05:15 final.py[line:347] INFO ≤È’“À¢–¬
Thu, 18 Jan 2018 09:05:15 final.py[line:2617] INFO À¢
Thu, 18 Jan 2018 09:05:15 final.py[line:347] INFO ≤È’“À¢–¬
Thu, 18 Jan 2018 09:05:15 final.py[line:2617] INFO À¢
Thu, 18 Jan 2018 09:05:15 final.py[line:347] INFO ≤È’“À¢–¬
Thu, 18 Jan 2018 09:05:15 final.py[line:2617] INFO À¢
Thu, 18 Jan 2018 09:05:15 final.py[line:347] INFO ≤È’“À¢–¬
Thu, 18 Jan 2018 09:05:15 final.py[line:2617] INFO À¢
Thu, 18 Jan 2018 09:05:15 final.py[line:347] INFO ≤È’“À¢–¬
Thu, 18 Jan 2018 09:05:15 final.py[line:2617] INFO À¢
Thu, 18 Jan 2018 09:05:15 final.py[line:347] INFO ≤È’“À¢–¬
Thu, 18 Jan 2018 09:05:15 final.py[line:2617] INFO À¢
Thu, 18 Jan 2018 09:05:15 final.py[line:347] INFO ≤È’“À¢–¬
Thu, 18 Jan 2018 09:05:15 final.py[line:2617] INFO À¢
Thu, 18 Jan 2018 09:05:15 final.py[line:347] INFO ≤È’“À¢–¬
Thu, 18 Jan 2018 09:05:15 final.py[line:2617] INFO À¢
Thu, 18 Jan 2018 09:05:15 final.py[line:347] INFO ≤È’“À¢–¬
Thu, 18 Jan 2018 09:05:15 final.py[line:2617] INFO À¢
Thu, 18 Jan 2018 09:05:15 final.py[line:347] INFO ≤È’“À¢–¬
Thu, 18 Jan 2018 09:05:15 final.py[line:2617] INFO À¢
Thu, 18 Jan 2018 09:05:15 final.py[line:347] INFO ≤È’“À¢–¬
Thu, 18 Jan 2018 09:05:15 final.py[line:2617] INFO À¢
Thu, 18 Jan 2018 09:05:15 final.py[line:347] INFO ≤È’“À¢–¬
Thu, 18 Jan 2018 09:05:15 final.py[line:2617] INFO À¢
Thu, 18 Jan 2018 09:05:15 final.py[line:347] INFO ≤È’“À¢–¬
Thu, 18 Jan 2018 09:05:15 final.py[line:2617] INFO À¢
Thu, 18 Jan 2018 09:05:15 final.py[line:347] INFO ≤È’“À¢–¬
Thu, 18 Jan 2018 09:05:15 final.py[line:2617] INFO À¢
Thu, 18 Jan 2018 09:05:15 final.py[line:347] INFO ≤È’“À¢–¬
Thu, 18 Jan 2018 09:05:15 final.py[line:2617] INFO À¢
Thu, 18 Jan 2018 09:05:15 final.py[line:347] INFO ≤È’“À¢–¬
Thu, 18 Jan 2018 09:05:15 final.py[line:2617] INFO À¢
Thu, 18 Jan 2018 09:05:15 final.py[line:347] INFO ≤È’“À¢–¬
Thu, 18 Jan 2018 09:05:15 final.py[line:2617] INFO À¢
Thu, 18 Jan 2018 09:05:15 final.py[line:347] INFO ≤È’“À¢–¬
Thu, 18 Jan 2018 09:05:15 final.py[line:2617] INFO À¢
Thu, 18 Jan 2018 09:05:15 final.py[line:347] INFO ≤È’“À¢–¬
Thu, 18 Jan 2018 09:05:15 final.py[line:2617] INFO À¢
Thu, 18 Jan 2018 09:05:15 final.py[line:347] INFO ≤È’“À¢–¬
Thu, 18 Jan 2018 09:05:15 final.py[line:2617] INFO À¢
Thu, 18 Jan 2018 09:05:16 final.py[line:347] INFO ≤È’“À¢–¬
Thu, 18 Jan 2018 09:05:16 final.py[line:2617] INFO À¢
Thu, 18 Jan 2018 09:05:16 final.py[line:347] INFO ≤È’“À¢–¬
Thu, 18 Jan 2018 09:05:16 final.py[line:2617] INFO À¢
Thu, 18 Jan 2018 09:05:16 final.py[line:347] INFO ≤È’“À¢–¬
Thu, 18 Jan 2018 09:05:16 final.py[line:2617] INFO À¢
Thu, 18 Jan 2018 09:05:16 final.py[line:347] INFO ≤È’“À¢–¬
Thu, 18 Jan 2018 09:05:16 final.py[line:2617] INFO À¢
Thu, 18 Jan 2018 09:05:16 final.py[line:347] INFO ≤È’“À¢–¬
Thu, 18 Jan 2018 09:05:16 final.py[line:2617] INFO À¢
Thu, 18 Jan 2018 09:05:16 final.py[line:347] INFO ≤È’“À¢–¬
Thu, 18 Jan 2018 09:05:16 final.py[line:2617] INFO À¢
Thu, 18 Jan 2018 09:05:16 final.py[line:347] INFO ≤È’“À¢–¬
Thu, 18 Jan 2018 09:05:16 final.py[line:2617] INFO À¢
Thu, 18 Jan 2018 09:05:16 final.py[line:347] INFO ≤È’“À¢–¬
Thu, 18 Jan 2018 09:05:16 final.py[line:2617] INFO À¢
Thu, 18 Jan 2018 09:05:16 final.py[line:347] INFO ≤È’“À¢–¬
Thu, 18 Jan 2018 09:05:16 final.py[line:2617] INFO À¢
Thu, 18 Jan 2018 09:05:16 final.py[line:347] INFO ≤È’“À¢–¬
Thu, 18 Jan 2018 09:05:16 final.py[line:2617] INFO À¢
Thu, 18 Jan 2018 09:05:16 final.py[line:347] INFO ≤È’“À¢–¬
Thu, 18 Jan 2018 09:05:16 final.py[line:2617] INFO À¢
Thu, 18 Jan 2018 09:05:16 final.py[line:347] INFO ≤È’“À¢–¬
Thu, 18 Jan 2018 09:05:16 final.py[line:2617] INFO À¢
Thu, 18 Jan 2018 09:05:16 final.py[line:347] INFO ≤È’“À¢–¬
Thu, 18 Jan 2018 09:05:16 final.py[line:2617] INFO À¢
Thu, 18 Jan 2018 09:05:16 final.py[line:347] INFO ≤È’“À¢–¬
Thu, 18 Jan 2018 09:05:16 final.py[line:2617] INFO À¢
Thu, 18 Jan 2018 09:05:16 final.py[line:347] INFO ≤È’“À¢–¬
Thu, 18 Jan 2018 09:05:16 final.py[line:2617] INFO À¢
Thu, 18 Jan 2018 09:05:16 final.py[line:347] INFO ≤È’“À¢–¬
Thu, 18 Jan 2018 09:05:16 final.py[line:2617] INFO À¢
Thu, 18 Jan 2018 09:05:16 final.py[line:347] INFO ≤È’“À¢–¬
Thu, 18 Jan 2018 09:05:16 final.py[line:2617] INFO À¢
Thu, 18 Jan 2018 09:05:16 final.py[line:347] INFO ≤È’“À¢–¬
Thu, 18 Jan 2018 09:05:16 final.py[line:2617] INFO À¢
Thu, 18 Jan 2018 09:05:16 final.py[line:347] INFO ≤È’“À¢–¬
Thu, 18 Jan 2018 09:05:16 final.py[line:2617] INFO À¢
Thu, 18 Jan 2018 09:05:16 final.py[line:347] INFO ≤È’“À¢–¬
Thu, 18 Jan 2018 09:05:16 final.py[line:2617] INFO À¢
Thu, 18 Jan 2018 09:05:16 final.py[line:347] INFO ≤È’“À¢–¬
Thu, 18 Jan 2018 09:05:16 final.py[line:2617] INFO À¢
Thu, 18 Jan 2018 09:05:16 final.py[line:612] INFO Address-related error connecting to server: [Errno 11004] getaddrinfo failed
Thu, 18 Jan 2018 09:05:16 final.py[line:347] INFO ≤È’“À¢–¬
Thu, 18 Jan 2018 09:05:16 final.py[line:2617] INFO À¢
